============================================================
Time  2017/07/10 16:27:01 587 
============================================================
[2017/07/10 16:27:01 587] ivw        420  ivw loaded!  
[2017/07/10 16:27:01 587] ivw        408  SYS_MSG_REGCB  msp_status_cb  func(6c0997d0) 
[2017/07/10 16:27:01 588] ivw        375  IVW_MSG_SSB  
[2017/07/10 16:27:01 588] ivw        230  ssb:  ivw_threshold=0:-20,sst=wakeup  
[2017/07/10 16:27:01 588] ivw        248  net_type:  standard  
[2017/07/10 16:27:01 589] ivw        408  SYS_MSG_REGCB  MsgProcCallBack  func(6c0bcb80) 
[2017/07/10 16:27:01 590] ivw        134  ivwMessageCallBack  2001  822a6c4876676d0b44c91fc3f264e0df  nil  nil  
[2017/07/10 16:27:01 590] ivw        383  IVW_MSG_AUW  
[2017/07/10 16:27:01 590] ivw        331  auw:  udata(6c0bc8e8) 1  
[2017/07/10 16:27:01 789] ivw        383  IVW_MSG_AUW  
[2017/07/10 16:27:01 789] ivw        331  auw:  udata(6c0bca38) 2  
[2017/07/10 16:27:01 989] ivw        383  IVW_MSG_AUW  
[2017/07/10 16:27:01 989] ivw        331  auw:  udata(6c0bca88) 2  
[2017/07/10 16:27:02 190] ivw        383  IVW_MSG_AUW  
[2017/07/10 16:27:02 190] ivw        331  auw:  udata(6c0bce08) 2  
[2017/07/10 16:27:02 390] ivw        383  IVW_MSG_AUW  
[2017/07/10 16:27:02 390] ivw        331  auw:  udata(6c0bce58) 2  
[2017/07/10 16:27:02 590] ivw        383  IVW_MSG_AUW  
[2017/07/10 16:27:02 590] ivw        331  auw:  udata(6c066528) 2  
[2017/07/10 16:27:02 790] ivw        383  IVW_MSG_AUW  
[2017/07/10 16:27:02 790] ivw        331  auw:  udata(6c09d308) 2  
[2017/07/10 16:27:02 990] ivw        383  IVW_MSG_AUW  
[2017/07/10 16:27:02 990] ivw        331  auw:  udata(6c01e6e8) 2  
[2017/07/10 16:27:03 191] ivw        383  IVW_MSG_AUW  
[2017/07/10 16:27:03 191] ivw        331  auw:  udata(6c0d15e8) 2  
[2017/07/10 16:27:03 391] ivw        383  IVW_MSG_AUW  
[2017/07/10 16:27:03 391] ivw        331  auw:  udata(6c0d40c8) 2  
[2017/07/10 16:27:03 591] ivw        383  IVW_MSG_AUW  
[2017/07/10 16:27:03 591] ivw        331  auw:  udata(6c0d0688) 2  
[2017/07/10 16:27:03 791] ivw        383  IVW_MSG_AUW  
[2017/07/10 16:27:03 791] ivw        331  auw:  udata(6c0d2088) 2  
[2017/07/10 16:27:03 991] ivw        383  IVW_MSG_AUW  
[2017/07/10 16:27:03 991] ivw        331  auw:  udata(6c09ee78) 2  
[2017/07/10 16:27:04 192] ivw        383  IVW_MSG_AUW  
[2017/07/10 16:27:04 192] ivw        331  auw:  udata(6c09c188) 2  
[2017/07/10 16:27:04 392] ivw        383  IVW_MSG_AUW  
[2017/07/10 16:27:04 392] ivw        331  auw:  udata(6c09c258) 2  
[2017/07/10 16:27:04 592] ivw        383  IVW_MSG_AUW  
[2017/07/10 16:27:04 592] ivw        331  auw:  udata(6c087fb8) 2  
[2017/07/10 16:27:04 792] ivw        383  IVW_MSG_AUW  
[2017/07/10 16:27:04 792] ivw        331  auw:  udata(6c088088) 2  
[2017/07/10 16:27:04 993] ivw        383  IVW_MSG_AUW  
[2017/07/10 16:27:04 993] ivw        331  auw:  udata(6c005b38) 2  
[2017/07/10 16:27:05 193] ivw        383  IVW_MSG_AUW  
[2017/07/10 16:27:05 193] ivw        331  auw:  udata(6c005c08) 2  
[2017/07/10 16:27:05 393] ivw        383  IVW_MSG_AUW  
[2017/07/10 16:27:05 393] ivw        331  auw:  udata(6c005cd8) 2  
[2017/07/10 16:27:05 593] ivw        383  IVW_MSG_AUW  
[2017/07/10 16:27:05 593] ivw        331  auw:  udata(6c005da8) 2  
[2017/07/10 16:27:05 793] ivw        383  IVW_MSG_AUW  
[2017/07/10 16:27:05 793] ivw        331  auw:  udata(6c005e78) 4  
[2017/07/10 16:27:05 794] ivw        395  IVW_MSG_SSE  
[2017/07/10 16:27:05 794] ivw        358  ivw.sse ivw  
[2017/07/10 16:27:05 794] ivw        214  local_plog_process  
[2017/07/10 16:27:05 794] ivw        176  collect_plog_data  
[2017/07/10 16:27:05 794] ivw        403  SYS_MSG_UNLOAD  
