============================================================
Time  2017/07/10 16:58:00 096 
============================================================
[2017/07/10 16:58:00 096] ivw        420  ivw loaded!  
[2017/07/10 16:58:00 096] ivw        408  SYS_MSG_REGCB  msp_status_cb  func(680997d0) 
[2017/07/10 16:58:00 097] ivw        375  IVW_MSG_SSB  
[2017/07/10 16:58:00 097] ivw        230  ssb:  ivw_threshold=0:-20,sst=wakeup  
[2017/07/10 16:58:00 097] ivw        248  net_type:  standard  
[2017/07/10 16:58:00 097] ivw        408  SYS_MSG_REGCB  MsgProcCallBack  func(680bcb80) 
[2017/07/10 16:58:00 098] ivw        134  ivwMessageCallBack  2001  822a6c4876676d0b44c91fc3f264e0df  nil  nil  
[2017/07/10 16:58:00 098] ivw        383  IVW_MSG_AUW  
[2017/07/10 16:58:00 098] ivw        331  auw:  udata(6801e6c8) 1  
[2017/07/10 16:58:00 298] ivw        383  IVW_MSG_AUW  
[2017/07/10 16:58:00 298] ivw        331  auw:  udata(680d7138) 2  
[2017/07/10 16:58:00 498] ivw        383  IVW_MSG_AUW  
[2017/07/10 16:58:00 498] ivw        331  auw:  udata(680c13b8) 2  
[2017/07/10 16:58:00 698] ivw        383  IVW_MSG_AUW  
[2017/07/10 16:58:00 698] ivw        331  auw:  udata(680bd2d8) 2  
[2017/07/10 16:58:00 899] ivw        383  IVW_MSG_AUW  
[2017/07/10 16:58:00 899] ivw        331  auw:  udata(680c1dc8) 2  
[2017/07/10 16:58:01 099] ivw        383  IVW_MSG_AUW  
[2017/07/10 16:58:01 099] ivw        331  auw:  udata(680d3588) 2  
[2017/07/10 16:58:01 299] ivw        383  IVW_MSG_AUW  
[2017/07/10 16:58:01 299] ivw        331  auw:  udata(680d2d48) 2  
[2017/07/10 16:58:01 500] ivw        383  IVW_MSG_AUW  
[2017/07/10 16:58:01 500] ivw        331  auw:  udata(680bdab8) 2  
[2017/07/10 16:58:01 700] ivw        383  IVW_MSG_AUW  
[2017/07/10 16:58:01 700] ivw        331  auw:  udata(680bd838) 2  
[2017/07/10 16:58:01 900] ivw        383  IVW_MSG_AUW  
[2017/07/10 16:58:01 900] ivw        331  auw:  udata(680bd908) 2  
[2017/07/10 16:58:02 100] ivw        383  IVW_MSG_AUW  
[2017/07/10 16:58:02 100] ivw        331  auw:  udata(68087fb8) 2  
[2017/07/10 16:58:02 301] ivw        383  IVW_MSG_AUW  
[2017/07/10 16:58:02 301] ivw        331  auw:  udata(68088088) 2  
[2017/07/10 16:58:02 501] ivw        383  IVW_MSG_AUW  
[2017/07/10 16:58:02 501] ivw        331  auw:  udata(680c51d8) 2  
[2017/07/10 16:58:02 701] ivw        383  IVW_MSG_AUW  
[2017/07/10 16:58:02 701] ivw        331  auw:  udata(680c52a8) 2  
[2017/07/10 16:58:02 901] ivw        383  IVW_MSG_AUW  
[2017/07/10 16:58:02 901] ivw        331  auw:  udata(680c5378) 2  
[2017/07/10 16:58:03 101] ivw        383  IVW_MSG_AUW  
[2017/07/10 16:58:03 101] ivw        331  auw:  udata(680c5448) 2  
[2017/07/10 16:58:03 302] ivw        383  IVW_MSG_AUW  
[2017/07/10 16:58:03 302] ivw        331  auw:  udata(680c5518) 2  
[2017/07/10 16:58:03 502] ivw        383  IVW_MSG_AUW  
[2017/07/10 16:58:03 502] ivw        331  auw:  udata(68075058) 2  
[2017/07/10 16:58:03 702] ivw        383  IVW_MSG_AUW  
[2017/07/10 16:58:03 702] ivw        331  auw:  udata(68075128) 2  
[2017/07/10 16:58:03 902] ivw        383  IVW_MSG_AUW  
[2017/07/10 16:58:03 902] ivw        331  auw:  udata(680751f8) 2  
[2017/07/10 16:58:04 103] ivw        383  IVW_MSG_AUW  
[2017/07/10 16:58:04 103] ivw        331  auw:  udata(680752c8) 2  
[2017/07/10 16:58:04 303] ivw        383  IVW_MSG_AUW  
[2017/07/10 16:58:04 303] ivw        331  auw:  udata(68075398) 4  
[2017/07/10 16:58:04 303] ivw        395  IVW_MSG_SSE  
[2017/07/10 16:58:04 303] ivw        358  ivw.sse ivw  
[2017/07/10 16:58:04 303] ivw        214  local_plog_process  
[2017/07/10 16:58:04 303] ivw        176  collect_plog_data  
[2017/07/10 16:58:04 304] ivw        403  SYS_MSG_UNLOAD  
