============================================================
Time  2017/07/13 11:27:10 590 
============================================================
[2017/07/13 11:27:10 590] ivw        420  ivw loaded!  
[2017/07/13 11:27:10 590] ivw        408  SYS_MSG_REGCB  msp_status_cb  func(d80997d0) 
[2017/07/13 11:27:10 592] ivw        375  IVW_MSG_SSB  
[2017/07/13 11:27:10 592] ivw        230  ssb:  nil  
[2017/07/13 11:27:10 592] ivw        248  net_type:  standard  
[2017/07/13 11:27:10 592] ivw        408  SYS_MSG_REGCB  MsgProcCallBack  func(d80bca10) 
[2017/07/13 11:27:10 593] ivw        134  ivwMessageCallBack  2001  822a6c4876676d0b44c91fc3f264e0df  nil  nil  
[2017/07/13 11:27:10 613] ivw        383  IVW_MSG_AUW  
[2017/07/13 11:27:10 613] ivw        331  auw:  udata(d80bc7c8) 4  
[2017/07/13 11:27:10 633] ivw        383  IVW_MSG_AUW  
[2017/07/13 11:27:10 633] ivw        331  auw:  udata(d80bcc98) 4  
[2017/07/13 11:27:10 653] ivw        383  IVW_MSG_AUW  
[2017/07/13 11:27:10 653] ivw        331  auw:  udata(d80411f8) 4  
[2017/07/13 11:27:10 673] ivw        383  IVW_MSG_AUW  
[2017/07/13 11:27:10 673] ivw        331  auw:  udata(d80bcd38) 4  
[2017/07/13 11:27:10 701] ivw        383  IVW_MSG_AUW  
[2017/07/13 11:27:10 701] ivw        331  auw:  udata(d809e808) 4  
[2017/07/13 11:27:10 721] ivw        383  IVW_MSG_AUW  
[2017/07/13 11:27:10 721] ivw        331  auw:  udata(d809c7b8) 4  
[2017/07/13 11:27:10 741] ivw        383  IVW_MSG_AUW  
[2017/07/13 11:27:10 741] ivw        331  auw:  udata(d809c808) 4  
[2017/07/13 11:27:10 760] ivw        383  IVW_MSG_AUW  
[2017/07/13 11:27:10 760] ivw        331  auw:  udata(d80bd0d8) 4  
[2017/07/13 11:27:10 781] ivw        383  IVW_MSG_AUW  
[2017/07/13 11:27:10 781] ivw        331  auw:  udata(d8066108) 4  
[2017/07/13 11:27:10 800] ivw        383  IVW_MSG_AUW  
[2017/07/13 11:27:10 800] ivw        331  auw:  udata(d809f538) 4  
[2017/07/13 11:27:10 820] ivw        383  IVW_MSG_AUW  
[2017/07/13 11:27:10 820] ivw        331  auw:  udata(d809f448) 4  
[2017/07/13 11:27:10 840] ivw        383  IVW_MSG_AUW  
[2017/07/13 11:27:10 840] ivw        331  auw:  udata(d80bcaa8) 4  
[2017/07/13 11:27:10 861] ivw        383  IVW_MSG_AUW  
[2017/07/13 11:27:10 861] ivw        331  auw:  udata(d80db448) 4  
[2017/07/13 11:27:10 881] ivw        383  IVW_MSG_AUW  
[2017/07/13 11:27:10 881] ivw        331  auw:  udata(d80dbe08) 4  
[2017/07/13 11:27:10 900] ivw        383  IVW_MSG_AUW  
[2017/07/13 11:27:10 900] ivw        331  auw:  udata(d80bd028) 4  
[2017/07/13 11:27:10 920] ivw        383  IVW_MSG_AUW  
[2017/07/13 11:27:10 920] ivw        331  auw:  udata(d809c398) 4  
[2017/07/13 11:27:10 940] ivw        383  IVW_MSG_AUW  
[2017/07/13 11:27:10 940] ivw        331  auw:  udata(d809f038) 4  
[2017/07/13 11:27:10 961] ivw        383  IVW_MSG_AUW  
[2017/07/13 11:27:10 961] ivw        331  auw:  udata(d809f0d8) 4  
[2017/07/13 11:27:10 980] ivw        383  IVW_MSG_AUW  
[2017/07/13 11:27:10 980] ivw        331  auw:  udata(d809eda8) 4  
[2017/07/13 11:27:11 000] ivw        383  IVW_MSG_AUW  
[2017/07/13 11:27:11 000] ivw        331  auw:  udata(d809edf8) 4  
[2017/07/13 11:27:11 020] ivw        383  IVW_MSG_AUW  
[2017/07/13 11:27:11 020] ivw        331  auw:  udata(d809ee48) 4  
[2017/07/13 11:27:11 040] ivw        383  IVW_MSG_AUW  
[2017/07/13 11:27:11 040] ivw        331  auw:  udata(d803eba8) 4  
[2017/07/13 11:27:11 060] ivw        383  IVW_MSG_AUW  
[2017/07/13 11:27:11 060] ivw        331  auw:  udata(d803ebf8) 4  
[2017/07/13 11:27:11 081] ivw        383  IVW_MSG_AUW  
[2017/07/13 11:27:11 081] ivw        331  auw:  udata(d8087fb8) 4  
[2017/07/13 11:27:11 100] ivw        383  IVW_MSG_AUW  
[2017/07/13 11:27:11 100] ivw        331  auw:  udata(d8030c08) 4  
[2017/07/13 11:27:11 120] ivw        383  IVW_MSG_AUW  
[2017/07/13 11:27:11 120] ivw        331  auw:  udata(d8088008) 4  
[2017/07/13 11:27:11 140] ivw        383  IVW_MSG_AUW  
[2017/07/13 11:27:11 140] ivw        331  auw:  udata(d80880a8) 4  
[2017/07/13 11:27:11 160] ivw        383  IVW_MSG_AUW  
[2017/07/13 11:27:11 160] ivw        331  auw:  udata(d80308c8) 4  
[2017/07/13 11:27:11 180] ivw        383  IVW_MSG_AUW  
[2017/07/13 11:27:11 180] ivw        331  auw:  udata(d8030918) 4  
[2017/07/13 11:27:11 200] ivw        383  IVW_MSG_AUW  
[2017/07/13 11:27:11 200] ivw        331  auw:  udata(d80309b8) 4  
[2017/07/13 11:27:11 221] ivw        383  IVW_MSG_AUW  
[2017/07/13 11:27:11 221] ivw        331  auw:  udata(d808e308) 4  
[2017/07/13 11:27:11 245] ivw        383  IVW_MSG_AUW  
[2017/07/13 11:27:11 245] ivw        331  auw:  udata(d808e698) 4  
[2017/07/13 11:27:11 245] ivw        383  IVW_MSG_AUW  
[2017/07/13 11:27:11 245] ivw        331  auw:  udata(d808e358) 4  
[2017/07/13 11:27:11 265] ivw        383  IVW_MSG_AUW  
[2017/07/13 11:27:11 265] ivw        331  auw:  udata(d808e3f8) 4  
[2017/07/13 11:27:11 285] ivw        383  IVW_MSG_AUW  
[2017/07/13 11:27:11 285] ivw        331  auw:  udata(d80cc778) 4  
[2017/07/13 11:27:11 306] ivw        383  IVW_MSG_AUW  
[2017/07/13 11:27:11 306] ivw        331  auw:  udata(d808e4f8) 4  
[2017/07/13 11:27:11 326] ivw        383  IVW_MSG_AUW  
[2017/07/13 11:27:11 326] ivw        331  auw:  udata(d808e598) 4  
[2017/07/13 11:27:11 345] ivw        383  IVW_MSG_AUW  
[2017/07/13 11:27:11 345] ivw        331  auw:  udata(d809cdc8) 4  
[2017/07/13 11:27:11 365] ivw        383  IVW_MSG_AUW  
[2017/07/13 11:27:11 365] ivw        331  auw:  udata(d80cc588) 4  
[2017/07/13 11:27:11 385] ivw        383  IVW_MSG_AUW  
[2017/07/13 11:27:11 385] ivw        331  auw:  udata(d809ce18) 4  
[2017/07/13 11:27:11 405] ivw        383  IVW_MSG_AUW  
[2017/07/13 11:27:11 405] ivw        331  auw:  udata(d809ceb8) 4  
[2017/07/13 11:27:11 425] ivw        383  IVW_MSG_AUW  
[2017/07/13 11:27:11 425] ivw        331  auw:  udata(d8030a68) 4  
[2017/07/13 11:27:11 445] ivw        383  IVW_MSG_AUW  
[2017/07/13 11:27:11 446] ivw        331  auw:  udata(d809d148) 4  
[2017/07/13 11:27:11 466] ivw        383  IVW_MSG_AUW  
[2017/07/13 11:27:11 466] ivw        331  auw:  udata(d8030ab8) 4  
[2017/07/13 11:27:11 486] ivw        383  IVW_MSG_AUW  
[2017/07/13 11:27:11 486] ivw        331  auw:  udata(d8030b58) 4  
[2017/07/13 11:27:11 506] ivw        383  IVW_MSG_AUW  
[2017/07/13 11:27:11 506] ivw        331  auw:  udata(d80cc3e8) 4  
[2017/07/13 11:27:11 526] ivw        383  IVW_MSG_AUW  
[2017/07/13 11:27:11 526] ivw        331  auw:  udata(d80cc438) 4  
[2017/07/13 11:27:11 546] ivw        383  IVW_MSG_AUW  
[2017/07/13 11:27:11 546] ivw        331  auw:  udata(d80cc4d8) 4  
[2017/07/13 11:27:11 566] ivw        383  IVW_MSG_AUW  
[2017/07/13 11:27:11 566] ivw        331  auw:  udata(d80cbe38) 4  
[2017/07/13 11:27:11 586] ivw        383  IVW_MSG_AUW  
[2017/07/13 11:27:11 586] ivw        331  auw:  udata(d80cc1c8) 4  
[2017/07/13 11:27:11 606] ivw        383  IVW_MSG_AUW  
[2017/07/13 11:27:11 606] ivw        331  auw:  udata(d80cbed8) 4  
[2017/07/13 11:27:11 627] ivw        383  IVW_MSG_AUW  
[2017/07/13 11:27:11 627] ivw        331  auw:  udata(d80cc028) 4  
[2017/07/13 11:27:11 647] ivw        383  IVW_MSG_AUW  
[2017/07/13 11:27:11 647] ivw        331  auw:  udata(d80cc078) 4  
[2017/07/13 11:27:11 667] ivw        383  IVW_MSG_AUW  
[2017/07/13 11:27:11 667] ivw        331  auw:  udata(d80cc118) 4  
[2017/07/13 11:27:11 687] ivw        383  IVW_MSG_AUW  
[2017/07/13 11:27:11 687] ivw        331  auw:  udata(d80cc8e8) 4  
[2017/07/13 11:27:11 707] ivw        383  IVW_MSG_AUW  
[2017/07/13 11:27:11 707] ivw        331  auw:  udata(d80cc938) 4  
[2017/07/13 11:27:11 727] ivw        383  IVW_MSG_AUW  
[2017/07/13 11:27:11 727] ivw        331  auw:  udata(d80cc9d8) 4  
[2017/07/13 11:27:11 747] ivw        383  IVW_MSG_AUW  
[2017/07/13 11:27:11 747] ivw        331  auw:  udata(d80ccad8) 4  
[2017/07/13 11:27:11 767] ivw        383  IVW_MSG_AUW  
[2017/07/13 11:27:11 767] ivw        331  auw:  udata(d80ccb28) 4  
[2017/07/13 11:27:11 787] ivw        383  IVW_MSG_AUW  
[2017/07/13 11:27:11 787] ivw        331  auw:  udata(d80ccbc8) 4  
[2017/07/13 11:27:11 807] ivw        383  IVW_MSG_AUW  
[2017/07/13 11:27:11 807] ivw        331  auw:  udata(d80cccc8) 4  
[2017/07/13 11:27:11 827] ivw        383  IVW_MSG_AUW  
[2017/07/13 11:27:11 827] ivw        331  auw:  udata(d80ccd18) 4  
[2017/07/13 11:27:11 847] ivw        383  IVW_MSG_AUW  
[2017/07/13 11:27:11 847] ivw        331  auw:  udata(d80ccdb8) 4  
[2017/07/13 11:27:11 876] ivw        383  IVW_MSG_AUW  
[2017/07/13 11:27:11 876] ivw        331  auw:  udata(d80cceb8) 4  
[2017/07/13 11:27:11 896] ivw        383  IVW_MSG_AUW  
[2017/07/13 11:27:11 896] ivw        331  auw:  udata(d80ccf08) 4  
[2017/07/13 11:27:11 916] ivw        383  IVW_MSG_AUW  
[2017/07/13 11:27:11 916] ivw        331  auw:  udata(d80ccfa8) 4  
[2017/07/13 11:27:11 936] ivw        383  IVW_MSG_AUW  
[2017/07/13 11:27:11 936] ivw        331  auw:  udata(d80cd0a8) 4  
[2017/07/13 11:27:11 956] ivw        383  IVW_MSG_AUW  
[2017/07/13 11:27:11 956] ivw        331  auw:  udata(d80cd0f8) 4  
[2017/07/13 11:27:11 977] ivw        383  IVW_MSG_AUW  
[2017/07/13 11:27:11 977] ivw        331  auw:  udata(d80cd198) 4  
[2017/07/13 11:27:11 997] ivw        383  IVW_MSG_AUW  
[2017/07/13 11:27:11 997] ivw        331  auw:  udata(d80cd298) 4  
[2017/07/13 11:27:12 017] ivw        383  IVW_MSG_AUW  
[2017/07/13 11:27:12 017] ivw        331  auw:  udata(d80cd2e8) 4  
[2017/07/13 11:27:12 037] ivw        383  IVW_MSG_AUW  
[2017/07/13 11:27:12 037] ivw        331  auw:  udata(d80cd388) 4  
[2017/07/13 11:27:12 057] ivw        383  IVW_MSG_AUW  
[2017/07/13 11:27:12 057] ivw        331  auw:  udata(d80cd488) 4  
[2017/07/13 11:27:12 077] ivw        383  IVW_MSG_AUW  
[2017/07/13 11:27:12 077] ivw        331  auw:  udata(d80cd818) 4  
[2017/07/13 11:27:12 097] ivw        383  IVW_MSG_AUW  
[2017/07/13 11:27:12 097] ivw        331  auw:  udata(d80cd4d8) 4  
[2017/07/13 11:27:12 117] ivw        383  IVW_MSG_AUW  
[2017/07/13 11:27:12 117] ivw        331  auw:  udata(d80cd578) 4  
[2017/07/13 11:27:12 138] ivw        383  IVW_MSG_AUW  
[2017/07/13 11:27:12 138] ivw        331  auw:  udata(d809cfa8) 4  
[2017/07/13 11:27:12 158] ivw        383  IVW_MSG_AUW  
[2017/07/13 11:27:12 158] ivw        331  auw:  udata(d809cff8) 4  
[2017/07/13 11:27:12 178] ivw        383  IVW_MSG_AUW  
[2017/07/13 11:27:12 178] ivw        331  auw:  udata(d809d098) 4  
[2017/07/13 11:27:12 198] ivw        383  IVW_MSG_AUW  
[2017/07/13 11:27:12 198] ivw        331  auw:  udata(d80dbfb8) 4  
[2017/07/13 11:27:12 218] ivw        383  IVW_MSG_AUW  
[2017/07/13 11:27:12 218] ivw        331  auw:  udata(d80dc008) 4  
[2017/07/13 11:27:12 239] ivw        383  IVW_MSG_AUW  
[2017/07/13 11:27:12 239] ivw        331  auw:  udata(d80dc0a8) 4  
[2017/07/13 11:27:12 258] ivw        383  IVW_MSG_AUW  
[2017/07/13 11:27:12 259] ivw        331  auw:  udata(d80dc1a8) 4  
[2017/07/13 11:27:12 279] ivw        383  IVW_MSG_AUW  
[2017/07/13 11:27:12 279] ivw        331  auw:  udata(d80dc1f8) 4  
[2017/07/13 11:27:12 299] ivw        383  IVW_MSG_AUW  
[2017/07/13 11:27:12 299] ivw        331  auw:  udata(d80dc298) 4  
[2017/07/13 11:27:12 319] ivw        383  IVW_MSG_AUW  
[2017/07/13 11:27:12 319] ivw        331  auw:  udata(d80dc398) 4  
[2017/07/13 11:27:12 339] ivw        383  IVW_MSG_AUW  
[2017/07/13 11:27:12 339] ivw        331  auw:  udata(d80dc3e8) 4  
[2017/07/13 11:27:12 359] ivw        383  IVW_MSG_AUW  
[2017/07/13 11:27:12 359] ivw        331  auw:  udata(d80dc488) 4  
[2017/07/13 11:27:12 379] ivw        383  IVW_MSG_AUW  
[2017/07/13 11:27:12 379] ivw        331  auw:  udata(d80dc588) 4  
[2017/07/13 11:27:12 399] ivw        383  IVW_MSG_AUW  
[2017/07/13 11:27:12 399] ivw        331  auw:  udata(d80dc5d8) 4  
[2017/07/13 11:27:12 419] ivw        383  IVW_MSG_AUW  
[2017/07/13 11:27:12 419] ivw        331  auw:  udata(d80dc678) 4  
[2017/07/13 11:27:12 439] ivw        383  IVW_MSG_AUW  
[2017/07/13 11:27:12 440] ivw        331  auw:  udata(d80dc778) 4  
[2017/07/13 11:27:12 460] ivw        383  IVW_MSG_AUW  
[2017/07/13 11:27:12 460] ivw        331  auw:  udata(d80dc7c8) 4  
[2017/07/13 11:27:12 480] ivw        383  IVW_MSG_AUW  
[2017/07/13 11:27:12 480] ivw        331  auw:  udata(d80dc868) 4  
[2017/07/13 11:27:12 499] ivw        383  IVW_MSG_AUW  
[2017/07/13 11:27:12 499] ivw        331  auw:  udata(d80dc968) 4  
[2017/07/13 11:27:12 519] ivw        383  IVW_MSG_AUW  
[2017/07/13 11:27:12 519] ivw        331  auw:  udata(d80dc9b8) 4  
[2017/07/13 11:27:12 539] ivw        383  IVW_MSG_AUW  
[2017/07/13 11:27:12 539] ivw        331  auw:  udata(d80dca58) 4  
[2017/07/13 11:27:12 559] ivw        383  IVW_MSG_AUW  
[2017/07/13 11:27:12 559] ivw        331  auw:  udata(d80dcb58) 4  
[2017/07/13 11:27:12 579] ivw        383  IVW_MSG_AUW  
[2017/07/13 11:27:12 579] ivw        331  auw:  udata(d80dcba8) 4  
[2017/07/13 11:27:12 600] ivw        383  IVW_MSG_AUW  
[2017/07/13 11:27:12 600] ivw        331  auw:  udata(d80dcc48) 4  
[2017/07/13 11:27:12 620] ivw        383  IVW_MSG_AUW  
[2017/07/13 11:27:12 620] ivw        331  auw:  udata(d80dcd48) 4  
[2017/07/13 11:27:12 640] ivw        383  IVW_MSG_AUW  
[2017/07/13 11:27:12 640] ivw        331  auw:  udata(d80dcd98) 4  
[2017/07/13 11:27:12 659] ivw        383  IVW_MSG_AUW  
[2017/07/13 11:27:12 659] ivw        331  auw:  udata(d80dce38) 4  
[2017/07/13 11:27:12 679] ivw        383  IVW_MSG_AUW  
[2017/07/13 11:27:12 679] ivw        331  auw:  udata(d80dd128) 4  
[2017/07/13 11:27:12 699] ivw        383  IVW_MSG_AUW  
[2017/07/13 11:27:12 699] ivw        331  auw:  udata(d80dd1c8) 4  
[2017/07/13 11:27:12 719] ivw        383  IVW_MSG_AUW  
[2017/07/13 11:27:12 719] ivw        331  auw:  udata(d80dcf38) 4  
[2017/07/13 11:27:12 740] ivw        383  IVW_MSG_AUW  
[2017/07/13 11:27:12 740] ivw        331  auw:  udata(d80dcf88) 4  
[2017/07/13 11:27:12 760] ivw        383  IVW_MSG_AUW  
[2017/07/13 11:27:12 760] ivw        331  auw:  udata(d80dd028) 4  
[2017/07/13 11:27:12 780] ivw        383  IVW_MSG_AUW  
[2017/07/13 11:27:12 780] ivw        331  auw:  udata(d80cf7e8) 4  
[2017/07/13 11:27:12 799] ivw        383  IVW_MSG_AUW  
[2017/07/13 11:27:12 799] ivw        331  auw:  udata(d80cf838) 4  
[2017/07/13 11:27:12 819] ivw        383  IVW_MSG_AUW  
[2017/07/13 11:27:12 819] ivw        331  auw:  udata(d80cf8d8) 4  
[2017/07/13 11:27:12 839] ivw        383  IVW_MSG_AUW  
[2017/07/13 11:27:12 839] ivw        331  auw:  udata(d80cf9d8) 4  
[2017/07/13 11:27:12 859] ivw        383  IVW_MSG_AUW  
[2017/07/13 11:27:12 859] ivw        331  auw:  udata(d80cfa28) 4  
[2017/07/13 11:27:12 880] ivw        383  IVW_MSG_AUW  
[2017/07/13 11:27:12 880] ivw        331  auw:  udata(d80cfac8) 4  
[2017/07/13 11:27:12 900] ivw        383  IVW_MSG_AUW  
[2017/07/13 11:27:12 900] ivw        331  auw:  udata(d80cfbc8) 4  
[2017/07/13 11:27:12 920] ivw        383  IVW_MSG_AUW  
[2017/07/13 11:27:12 920] ivw        331  auw:  udata(d80cfc18) 4  
[2017/07/13 11:27:12 939] ivw        383  IVW_MSG_AUW  
[2017/07/13 11:27:12 939] ivw        331  auw:  udata(d80cfcb8) 4  
[2017/07/13 11:27:12 959] ivw        383  IVW_MSG_AUW  
[2017/07/13 11:27:12 959] ivw        331  auw:  udata(d80cfdb8) 4  
[2017/07/13 11:27:12 979] ivw        383  IVW_MSG_AUW  
[2017/07/13 11:27:12 979] ivw        331  auw:  udata(d80cfe08) 4  
[2017/07/13 11:27:13 000] ivw        383  IVW_MSG_AUW  
[2017/07/13 11:27:13 000] ivw        331  auw:  udata(d80cfea8) 4  
[2017/07/13 11:27:13 020] ivw        383  IVW_MSG_AUW  
[2017/07/13 11:27:13 020] ivw        331  auw:  udata(d80cffa8) 4  
[2017/07/13 11:27:13 040] ivw        383  IVW_MSG_AUW  
[2017/07/13 11:27:13 040] ivw        331  auw:  udata(d80cfff8) 4  
[2017/07/13 11:27:13 060] ivw        383  IVW_MSG_AUW  
[2017/07/13 11:27:13 060] ivw        331  auw:  udata(d80d0098) 4  
[2017/07/13 11:27:13 080] ivw        383  IVW_MSG_AUW  
[2017/07/13 11:27:13 080] ivw        331  auw:  udata(d80d0198) 4  
[2017/07/13 11:27:13 100] ivw        383  IVW_MSG_AUW  
[2017/07/13 11:27:13 100] ivw        331  auw:  udata(d80d01e8) 4  
[2017/07/13 11:27:13 120] ivw        383  IVW_MSG_AUW  
[2017/07/13 11:27:13 120] ivw        331  auw:  udata(d80d0288) 4  
[2017/07/13 11:27:13 140] ivw        383  IVW_MSG_AUW  
[2017/07/13 11:27:13 140] ivw        331  auw:  udata(d80d0388) 4  
[2017/07/13 11:27:13 167] ivw        383  IVW_MSG_AUW  
[2017/07/13 11:27:13 167] ivw        331  auw:  udata(d80d03d8) 4  
[2017/07/13 11:27:13 167] ivw        383  IVW_MSG_AUW  
[2017/07/13 11:27:13 167] ivw        331  auw:  udata(d80d0428) 4  
[2017/07/13 11:27:13 187] ivw        383  IVW_MSG_AUW  
[2017/07/13 11:27:13 187] ivw        331  auw:  udata(d80d0578) 4  
[2017/07/13 11:27:13 207] ivw        383  IVW_MSG_AUW  
[2017/07/13 11:27:13 207] ivw        331  auw:  udata(d80d08b8) 4  
[2017/07/13 11:27:13 227] ivw        383  IVW_MSG_AUW  
[2017/07/13 11:27:13 227] ivw        331  auw:  udata(d80d05c8) 4  
[2017/07/13 11:27:13 247] ivw        383  IVW_MSG_AUW  
[2017/07/13 11:27:13 247] ivw        331  auw:  udata(d80d0668) 4  
[2017/07/13 11:27:13 268] ivw        383  IVW_MSG_AUW  
[2017/07/13 11:27:13 268] ivw        331  auw:  udata(d80cd678) 4  
[2017/07/13 11:27:13 288] ivw        383  IVW_MSG_AUW  
[2017/07/13 11:27:13 288] ivw        331  auw:  udata(d80cd6c8) 4  
[2017/07/13 11:27:13 308] ivw        383  IVW_MSG_AUW  
[2017/07/13 11:27:13 308] ivw        331  auw:  udata(d80cd768) 4  
[2017/07/13 11:27:13 328] ivw        383  IVW_MSG_AUW  
[2017/07/13 11:27:13 328] ivw        331  auw:  udata(d80d0a28) 4  
[2017/07/13 11:27:13 348] ivw        383  IVW_MSG_AUW  
[2017/07/13 11:27:13 348] ivw        331  auw:  udata(d80d0a78) 4  
[2017/07/13 11:27:13 368] ivw        383  IVW_MSG_AUW  
[2017/07/13 11:27:13 368] ivw        331  auw:  udata(d80d0b18) 4  
[2017/07/13 11:27:13 387] ivw        383  IVW_MSG_AUW  
[2017/07/13 11:27:13 387] ivw        331  auw:  udata(d80d0c18) 4  
[2017/07/13 11:27:13 408] ivw        383  IVW_MSG_AUW  
[2017/07/13 11:27:13 408] ivw        331  auw:  udata(d80d0c68) 4  
[2017/07/13 11:27:13 428] ivw        383  IVW_MSG_AUW  
[2017/07/13 11:27:13 428] ivw        331  auw:  udata(d80d0d08) 4  
[2017/07/13 11:27:13 448] ivw        383  IVW_MSG_AUW  
[2017/07/13 11:27:13 448] ivw        331  auw:  udata(d80d0e08) 4  
[2017/07/13 11:27:13 468] ivw        383  IVW_MSG_AUW  
[2017/07/13 11:27:13 468] ivw        331  auw:  udata(d80d0e58) 4  
[2017/07/13 11:27:13 488] ivw        383  IVW_MSG_AUW  
[2017/07/13 11:27:13 488] ivw        331  auw:  udata(d80d0ef8) 4  
[2017/07/13 11:27:13 507] ivw        383  IVW_MSG_AUW  
[2017/07/13 11:27:13 507] ivw        331  auw:  udata(d80d0ff8) 4  
[2017/07/13 11:27:13 528] ivw        383  IVW_MSG_AUW  
[2017/07/13 11:27:13 528] ivw        331  auw:  udata(d80d1048) 4  
[2017/07/13 11:27:13 548] ivw        383  IVW_MSG_AUW  
[2017/07/13 11:27:13 548] ivw        331  auw:  udata(d80d10e8) 4  
[2017/07/13 11:27:13 568] ivw        383  IVW_MSG_AUW  
[2017/07/13 11:27:13 568] ivw        331  auw:  udata(d80d11e8) 4  
[2017/07/13 11:27:13 588] ivw        383  IVW_MSG_AUW  
[2017/07/13 11:27:13 588] ivw        331  auw:  udata(d80d1238) 4  
[2017/07/13 11:27:13 608] ivw        383  IVW_MSG_AUW  
[2017/07/13 11:27:13 608] ivw        331  auw:  udata(d80d12d8) 4  
[2017/07/13 11:27:13 628] ivw        383  IVW_MSG_AUW  
[2017/07/13 11:27:13 628] ivw        331  auw:  udata(d80d13d8) 4  
[2017/07/13 11:27:13 648] ivw        383  IVW_MSG_AUW  
[2017/07/13 11:27:13 648] ivw        331  auw:  udata(d80d1428) 4  
[2017/07/13 11:27:13 668] ivw        383  IVW_MSG_AUW  
[2017/07/13 11:27:13 668] ivw        331  auw:  udata(d80d14c8) 4  
[2017/07/13 11:27:13 688] ivw        383  IVW_MSG_AUW  
[2017/07/13 11:27:13 688] ivw        331  auw:  udata(d80d15c8) 4  
[2017/07/13 11:27:13 709] ivw        383  IVW_MSG_AUW  
[2017/07/13 11:27:13 709] ivw        331  auw:  udata(d80d1618) 4  
[2017/07/13 11:27:13 729] ivw        383  IVW_MSG_AUW  
[2017/07/13 11:27:13 729] ivw        331  auw:  udata(d80d16b8) 4  
[2017/07/13 11:27:13 749] ivw        383  IVW_MSG_AUW  
[2017/07/13 11:27:13 749] ivw        331  auw:  udata(d80d17b8) 4  
[2017/07/13 11:27:13 769] ivw        383  IVW_MSG_AUW  
[2017/07/13 11:27:13 769] ivw        331  auw:  udata(d80d1808) 4  
[2017/07/13 11:27:13 789] ivw        383  IVW_MSG_AUW  
[2017/07/13 11:27:13 789] ivw        331  auw:  udata(d80d18a8) 4  
[2017/07/13 11:27:13 809] ivw        383  IVW_MSG_AUW  
[2017/07/13 11:27:13 809] ivw        331  auw:  udata(d80d19a8) 4  
[2017/07/13 11:27:13 829] ivw        383  IVW_MSG_AUW  
[2017/07/13 11:27:13 829] ivw        331  auw:  udata(d80d19f8) 4  
[2017/07/13 11:27:13 849] ivw        383  IVW_MSG_AUW  
[2017/07/13 11:27:13 850] ivw        331  auw:  udata(d80d1a98) 4  
[2017/07/13 11:27:13 870] ivw        383  IVW_MSG_AUW  
[2017/07/13 11:27:13 870] ivw        331  auw:  udata(d80d1b98) 4  
[2017/07/13 11:27:13 890] ivw        383  IVW_MSG_AUW  
[2017/07/13 11:27:13 890] ivw        331  auw:  udata(d80d1be8) 4  
[2017/07/13 11:27:13 910] ivw        383  IVW_MSG_AUW  
[2017/07/13 11:27:13 910] ivw        331  auw:  udata(d80d1c88) 4  
[2017/07/13 11:27:13 930] ivw        383  IVW_MSG_AUW  
[2017/07/13 11:27:13 930] ivw        331  auw:  udata(d80d1d88) 4  
[2017/07/13 11:27:13 950] ivw        383  IVW_MSG_AUW  
[2017/07/13 11:27:13 950] ivw        331  auw:  udata(d80d1dd8) 4  
[2017/07/13 11:27:13 970] ivw        383  IVW_MSG_AUW  
[2017/07/13 11:27:13 970] ivw        331  auw:  udata(d80d1e78) 4  
[2017/07/13 11:27:13 991] ivw        383  IVW_MSG_AUW  
[2017/07/13 11:27:13 991] ivw        331  auw:  udata(d80d1f78) 4  
[2017/07/13 11:27:14 010] ivw        383  IVW_MSG_AUW  
[2017/07/13 11:27:14 010] ivw        331  auw:  udata(d80d1fc8) 4  
[2017/07/13 11:27:14 031] ivw        383  IVW_MSG_AUW  
[2017/07/13 11:27:14 031] ivw        331  auw:  udata(d80d2068) 4  
[2017/07/13 11:27:14 051] ivw        383  IVW_MSG_AUW  
[2017/07/13 11:27:14 051] ivw        331  auw:  udata(d80d2168) 4  
[2017/07/13 11:27:14 070] ivw        383  IVW_MSG_AUW  
[2017/07/13 11:27:14 070] ivw        331  auw:  udata(d80d21b8) 4  
[2017/07/13 11:27:14 090] ivw        383  IVW_MSG_AUW  
[2017/07/13 11:27:14 090] ivw        331  auw:  udata(d80d2258) 4  
[2017/07/13 11:27:14 110] ivw        383  IVW_MSG_AUW  
[2017/07/13 11:27:14 110] ivw        331  auw:  udata(d80d2358) 4  
[2017/07/13 11:27:14 130] ivw        383  IVW_MSG_AUW  
[2017/07/13 11:27:14 130] ivw        331  auw:  udata(d80d23a8) 4  
[2017/07/13 11:27:14 150] ivw        383  IVW_MSG_AUW  
[2017/07/13 11:27:14 150] ivw        331  auw:  udata(d80d2448) 4  
[2017/07/13 11:27:14 170] ivw        383  IVW_MSG_AUW  
[2017/07/13 11:27:14 170] ivw        331  auw:  udata(d80d2548) 4  
[2017/07/13 11:27:14 191] ivw        383  IVW_MSG_AUW  
[2017/07/13 11:27:14 191] ivw        331  auw:  udata(d80d2598) 4  
[2017/07/13 11:27:14 211] ivw        383  IVW_MSG_AUW  
[2017/07/13 11:27:14 211] ivw        331  auw:  udata(d80d2638) 4  
[2017/07/13 11:27:14 230] ivw        383  IVW_MSG_AUW  
[2017/07/13 11:27:14 230] ivw        331  auw:  udata(d80d2738) 4  
[2017/07/13 11:27:14 250] ivw        383  IVW_MSG_AUW  
[2017/07/13 11:27:14 250] ivw        331  auw:  udata(d80d2788) 4  
[2017/07/13 11:27:14 270] ivw        383  IVW_MSG_AUW  
[2017/07/13 11:27:14 270] ivw        331  auw:  udata(d80d2828) 4  
[2017/07/13 11:27:14 290] ivw        383  IVW_MSG_AUW  
[2017/07/13 11:27:14 290] ivw        331  auw:  udata(d80d2928) 4  
[2017/07/13 11:27:14 310] ivw        383  IVW_MSG_AUW  
[2017/07/13 11:27:14 310] ivw        331  auw:  udata(d80d2978) 4  
[2017/07/13 11:27:14 330] ivw        383  IVW_MSG_AUW  
[2017/07/13 11:27:14 330] ivw        331  auw:  udata(d80d2a18) 4  
[2017/07/13 11:27:14 351] ivw        383  IVW_MSG_AUW  
[2017/07/13 11:27:14 351] ivw        331  auw:  udata(d80d2b18) 4  
[2017/07/13 11:27:14 370] ivw        383  IVW_MSG_AUW  
[2017/07/13 11:27:14 370] ivw        331  auw:  udata(d80d2b68) 4  
[2017/07/13 11:27:14 390] ivw        383  IVW_MSG_AUW  
[2017/07/13 11:27:14 390] ivw        331  auw:  udata(d80d2c08) 4  
[2017/07/13 11:27:14 410] ivw        383  IVW_MSG_AUW  
[2017/07/13 11:27:14 410] ivw        331  auw:  udata(d80d2d08) 4  
[2017/07/13 11:27:14 430] ivw        383  IVW_MSG_AUW  
[2017/07/13 11:27:14 430] ivw        331  auw:  udata(d80d2d58) 4  
[2017/07/13 11:27:14 450] ivw        383  IVW_MSG_AUW  
[2017/07/13 11:27:14 450] ivw        331  auw:  udata(d80d2df8) 4  
[2017/07/13 11:27:14 471] ivw        383  IVW_MSG_AUW  
[2017/07/13 11:27:14 471] ivw        331  auw:  udata(d80d2ef8) 4  
[2017/07/13 11:27:14 491] ivw        383  IVW_MSG_AUW  
[2017/07/13 11:27:14 491] ivw        331  auw:  udata(d80d2f48) 4  
[2017/07/13 11:27:14 511] ivw        383  IVW_MSG_AUW  
[2017/07/13 11:27:14 511] ivw        331  auw:  udata(d80d2fe8) 4  
[2017/07/13 11:27:14 531] ivw        383  IVW_MSG_AUW  
[2017/07/13 11:27:14 531] ivw        331  auw:  udata(d80d30e8) 4  
[2017/07/13 11:27:14 551] ivw        383  IVW_MSG_AUW  
[2017/07/13 11:27:14 551] ivw        331  auw:  udata(d80d3138) 4  
[2017/07/13 11:27:14 571] ivw        383  IVW_MSG_AUW  
[2017/07/13 11:27:14 571] ivw        331  auw:  udata(d80d31d8) 4  
[2017/07/13 11:27:14 591] ivw        383  IVW_MSG_AUW  
[2017/07/13 11:27:14 591] ivw        331  auw:  udata(d80d32d8) 4  
[2017/07/13 11:27:14 611] ivw        383  IVW_MSG_AUW  
[2017/07/13 11:27:14 611] ivw        331  auw:  udata(d80d3328) 4  
[2017/07/13 11:27:14 631] ivw        383  IVW_MSG_AUW  
[2017/07/13 11:27:14 631] ivw        331  auw:  udata(d80d33c8) 4  
[2017/07/13 11:27:14 657] ivw        383  IVW_MSG_AUW  
[2017/07/13 11:27:14 657] ivw        331  auw:  udata(d80d34c8) 4  
[2017/07/13 11:27:14 678] ivw        383  IVW_MSG_AUW  
[2017/07/13 11:27:14 678] ivw        331  auw:  udata(d80d3518) 4  
[2017/07/13 11:27:14 698] ivw        383  IVW_MSG_AUW  
[2017/07/13 11:27:14 698] ivw        331  auw:  udata(d80d35b8) 4  
[2017/07/13 11:27:14 718] ivw        383  IVW_MSG_AUW  
[2017/07/13 11:27:14 718] ivw        331  auw:  udata(d80d36b8) 4  
[2017/07/13 11:27:14 738] ivw        383  IVW_MSG_AUW  
[2017/07/13 11:27:14 738] ivw        331  auw:  udata(d80d3708) 4  
[2017/07/13 11:27:14 758] ivw        383  IVW_MSG_AUW  
[2017/07/13 11:27:14 758] ivw        331  auw:  udata(d80d37a8) 4  
[2017/07/13 11:27:14 778] ivw        383  IVW_MSG_AUW  
[2017/07/13 11:27:14 778] ivw        331  auw:  udata(d80d38a8) 4  
[2017/07/13 11:27:14 798] ivw        383  IVW_MSG_AUW  
[2017/07/13 11:27:14 798] ivw        331  auw:  udata(d80d38f8) 4  
[2017/07/13 11:27:14 818] ivw        383  IVW_MSG_AUW  
[2017/07/13 11:27:14 818] ivw        331  auw:  udata(d80d3998) 4  
[2017/07/13 11:27:14 838] ivw        383  IVW_MSG_AUW  
[2017/07/13 11:27:14 838] ivw        331  auw:  udata(d80d3a98) 4  
[2017/07/13 11:27:14 858] ivw        383  IVW_MSG_AUW  
[2017/07/13 11:27:14 859] ivw        331  auw:  udata(d80d3ae8) 4  
[2017/07/13 11:27:14 879] ivw        383  IVW_MSG_AUW  
[2017/07/13 11:27:14 879] ivw        331  auw:  udata(d80d3b88) 4  
[2017/07/13 11:27:14 899] ivw        383  IVW_MSG_AUW  
[2017/07/13 11:27:14 899] ivw        331  auw:  udata(d80d3c88) 4  
[2017/07/13 11:27:14 919] ivw        383  IVW_MSG_AUW  
[2017/07/13 11:27:14 919] ivw        331  auw:  udata(d80d3cd8) 4  
[2017/07/13 11:27:14 939] ivw        383  IVW_MSG_AUW  
[2017/07/13 11:27:14 939] ivw        331  auw:  udata(d80d3d78) 4  
[2017/07/13 11:27:14 959] ivw        383  IVW_MSG_AUW  
[2017/07/13 11:27:14 959] ivw        331  auw:  udata(d80d3e78) 4  
[2017/07/13 11:27:14 979] ivw        383  IVW_MSG_AUW  
[2017/07/13 11:27:14 979] ivw        331  auw:  udata(d80d3ec8) 4  
[2017/07/13 11:27:14 999] ivw        383  IVW_MSG_AUW  
[2017/07/13 11:27:14 999] ivw        331  auw:  udata(d80d3f68) 4  
[2017/07/13 11:27:15 019] ivw        383  IVW_MSG_AUW  
[2017/07/13 11:27:15 019] ivw        331  auw:  udata(d80d4068) 4  
[2017/07/13 11:27:15 040] ivw        383  IVW_MSG_AUW  
[2017/07/13 11:27:15 040] ivw        331  auw:  udata(d80d40b8) 4  
[2017/07/13 11:27:15 060] ivw        383  IVW_MSG_AUW  
[2017/07/13 11:27:15 060] ivw        331  auw:  udata(d80d4158) 4  
[2017/07/13 11:27:15 080] ivw        383  IVW_MSG_AUW  
[2017/07/13 11:27:15 080] ivw        331  auw:  udata(d80d4258) 4  
[2017/07/13 11:27:15 100] ivw        383  IVW_MSG_AUW  
[2017/07/13 11:27:15 100] ivw        331  auw:  udata(d80d42a8) 4  
[2017/07/13 11:27:15 120] ivw        383  IVW_MSG_AUW  
[2017/07/13 11:27:15 120] ivw        331  auw:  udata(d80d4348) 4  
[2017/07/13 11:27:15 140] ivw        383  IVW_MSG_AUW  
[2017/07/13 11:27:15 140] ivw        331  auw:  udata(d80d4448) 4  
[2017/07/13 11:27:15 160] ivw        383  IVW_MSG_AUW  
[2017/07/13 11:27:15 160] ivw        331  auw:  udata(d80d4498) 4  
[2017/07/13 11:27:15 180] ivw        383  IVW_MSG_AUW  
[2017/07/13 11:27:15 180] ivw        331  auw:  udata(d80d4538) 4  
[2017/07/13 11:27:15 200] ivw        383  IVW_MSG_AUW  
[2017/07/13 11:27:15 200] ivw        331  auw:  udata(d80d4638) 4  
[2017/07/13 11:27:15 221] ivw        383  IVW_MSG_AUW  
[2017/07/13 11:27:15 221] ivw        331  auw:  udata(d80d4688) 4  
[2017/07/13 11:27:15 241] ivw        383  IVW_MSG_AUW  
[2017/07/13 11:27:15 241] ivw        331  auw:  udata(d80d4728) 4  
[2017/07/13 11:27:15 261] ivw        383  IVW_MSG_AUW  
[2017/07/13 11:27:15 261] ivw        331  auw:  udata(d80d4828) 4  
[2017/07/13 11:27:15 281] ivw        383  IVW_MSG_AUW  
[2017/07/13 11:27:15 281] ivw        331  auw:  udata(d80d4878) 4  
[2017/07/13 11:27:15 301] ivw        383  IVW_MSG_AUW  
[2017/07/13 11:27:15 301] ivw        331  auw:  udata(d80d4918) 4  
[2017/07/13 11:27:15 321] ivw        383  IVW_MSG_AUW  
[2017/07/13 11:27:15 321] ivw        331  auw:  udata(d80d4a18) 4  
[2017/07/13 11:27:15 341] ivw        383  IVW_MSG_AUW  
[2017/07/13 11:27:15 341] ivw        331  auw:  udata(d80d4a68) 4  
[2017/07/13 11:27:15 362] ivw        383  IVW_MSG_AUW  
[2017/07/13 11:27:15 362] ivw        331  auw:  udata(d80d4b08) 4  
[2017/07/13 11:27:15 382] ivw        383  IVW_MSG_AUW  
[2017/07/13 11:27:15 382] ivw        331  auw:  udata(d80d4c08) 4  
[2017/07/13 11:27:15 402] ivw        383  IVW_MSG_AUW  
[2017/07/13 11:27:15 402] ivw        331  auw:  udata(d80d4c58) 4  
[2017/07/13 11:27:15 422] ivw        383  IVW_MSG_AUW  
[2017/07/13 11:27:15 422] ivw        331  auw:  udata(d80d4cf8) 4  
[2017/07/13 11:27:15 442] ivw        383  IVW_MSG_AUW  
[2017/07/13 11:27:15 442] ivw        331  auw:  udata(d80d4df8) 4  
[2017/07/13 11:27:15 462] ivw        383  IVW_MSG_AUW  
[2017/07/13 11:27:15 463] ivw        331  auw:  udata(d80d4e48) 4  
[2017/07/13 11:27:15 482] ivw        383  IVW_MSG_AUW  
[2017/07/13 11:27:15 482] ivw        331  auw:  udata(d80d4ee8) 4  
[2017/07/13 11:27:15 502] ivw        383  IVW_MSG_AUW  
[2017/07/13 11:27:15 502] ivw        331  auw:  udata(d80d4fe8) 4  
[2017/07/13 11:27:15 522] ivw        383  IVW_MSG_AUW  
[2017/07/13 11:27:15 522] ivw        331  auw:  udata(d80d5038) 4  
[2017/07/13 11:27:15 542] ivw        383  IVW_MSG_AUW  
[2017/07/13 11:27:15 542] ivw        331  auw:  udata(d80d50d8) 4  
[2017/07/13 11:27:15 562] ivw        383  IVW_MSG_AUW  
[2017/07/13 11:27:15 562] ivw        331  auw:  udata(d80d51d8) 4  
[2017/07/13 11:27:15 582] ivw        383  IVW_MSG_AUW  
[2017/07/13 11:27:15 582] ivw        331  auw:  udata(d80d5228) 4  
[2017/07/13 11:27:15 602] ivw        383  IVW_MSG_AUW  
[2017/07/13 11:27:15 602] ivw        331  auw:  udata(d80d52c8) 4  
