============================================================
Time  2017/07/13 11:28:14 269 
============================================================
[2017/07/13 11:28:14 269] ivw        420  ivw loaded!  
[2017/07/13 11:28:14 269] ivw        408  SYS_MSG_REGCB  msp_status_cb  func(600997d0) 
[2017/07/13 11:28:14 271] ivw        375  IVW_MSG_SSB  
[2017/07/13 11:28:14 271] ivw        230  ssb:  nil  
[2017/07/13 11:28:14 271] ivw        248  net_type:  standard  
[2017/07/13 11:28:14 271] ivw        408  SYS_MSG_REGCB  MsgProcCallBack  func(600bca10) 
[2017/07/13 11:28:14 272] ivw        134  ivwMessageCallBack  2001  822a6c4876676d0b44c91fc3f264e0df  nil  nil  
[2017/07/13 11:28:14 292] ivw        383  IVW_MSG_AUW  
[2017/07/13 11:28:14 292] ivw        331  auw:  udata(600bc7c8) 4  
[2017/07/13 11:28:14 312] ivw        383  IVW_MSG_AUW  
[2017/07/13 11:28:14 312] ivw        331  auw:  udata(600bccb8) 4  
[2017/07/13 11:28:14 332] ivw        383  IVW_MSG_AUW  
[2017/07/13 11:28:14 332] ivw        331  auw:  udata(600bcd08) 4  
[2017/07/13 11:28:14 353] ivw        383  IVW_MSG_AUW  
[2017/07/13 11:28:14 353] ivw        331  auw:  udata(6009e768) 4  
[2017/07/13 11:28:14 373] ivw        383  IVW_MSG_AUW  
[2017/07/13 11:28:14 373] ivw        331  auw:  udata(6009dbc8) 4  
[2017/07/13 11:28:14 393] ivw        383  IVW_MSG_AUW  
[2017/07/13 11:28:14 393] ivw        331  auw:  udata(600bd308) 4  
[2017/07/13 11:28:14 413] ivw        383  IVW_MSG_AUW  
[2017/07/13 11:28:14 413] ivw        331  auw:  udata(600bce28) 4  
[2017/07/13 11:28:14 432] ivw        383  IVW_MSG_AUW  
[2017/07/13 11:28:14 432] ivw        331  auw:  udata(600bd428) 4  
[2017/07/13 11:28:14 452] ivw        383  IVW_MSG_AUW  
[2017/07/13 11:28:14 452] ivw        331  auw:  udata(600c2468) 4  
[2017/07/13 11:28:14 473] ivw        383  IVW_MSG_AUW  
[2017/07/13 11:28:14 473] ivw        331  auw:  udata(60075338) 4  
[2017/07/13 11:28:14 493] ivw        383  IVW_MSG_AUW  
[2017/07/13 11:28:14 493] ivw        331  auw:  udata(6009d1f8) 4  
[2017/07/13 11:28:14 513] ivw        383  IVW_MSG_AUW  
[2017/07/13 11:28:14 513] ivw        331  auw:  udata(60091b68) 4  
[2017/07/13 11:28:14 533] ivw        383  IVW_MSG_AUW  
[2017/07/13 11:28:14 533] ivw        331  auw:  udata(6009ebf8) 4  
[2017/07/13 11:28:14 553] ivw        383  IVW_MSG_AUW  
[2017/07/13 11:28:14 553] ivw        331  auw:  udata(6009eba8) 4  
[2017/07/13 11:28:14 573] ivw        383  IVW_MSG_AUW  
[2017/07/13 11:28:14 573] ivw        331  auw:  udata(6001e708) 4  
[2017/07/13 11:28:14 593] ivw        383  IVW_MSG_AUW  
[2017/07/13 11:28:14 593] ivw        331  auw:  udata(600d8608) 4  
[2017/07/13 11:28:14 614] ivw        383  IVW_MSG_AUW  
[2017/07/13 11:28:14 614] ivw        331  auw:  udata(600dbfa8) 4  
[2017/07/13 11:28:14 634] ivw        383  IVW_MSG_AUW  
[2017/07/13 11:28:14 634] ivw        331  auw:  udata(600bcf88) 4  
[2017/07/13 11:28:14 654] ivw        383  IVW_MSG_AUW  
[2017/07/13 11:28:14 654] ivw        331  auw:  udata(600d75d8) 4  
[2017/07/13 11:28:14 673] ivw        383  IVW_MSG_AUW  
[2017/07/13 11:28:14 673] ivw        331  auw:  udata(600d7678) 4  
[2017/07/13 11:28:14 693] ivw        383  IVW_MSG_AUW  
[2017/07/13 11:28:14 693] ivw        331  auw:  udata(600cc2b8) 4  
[2017/07/13 11:28:14 713] ivw        383  IVW_MSG_AUW  
[2017/07/13 11:28:14 713] ivw        331  auw:  udata(600cc308) 4  
[2017/07/13 11:28:14 733] ivw        383  IVW_MSG_AUW  
[2017/07/13 11:28:14 733] ivw        331  auw:  udata(600cc3a8) 4  
[2017/07/13 11:28:14 753] ivw        383  IVW_MSG_AUW  
[2017/07/13 11:28:14 753] ivw        331  auw:  udata(60087fb8) 4  
[2017/07/13 11:28:14 774] ivw        383  IVW_MSG_AUW  
[2017/07/13 11:28:14 774] ivw        331  auw:  udata(60088008) 4  
[2017/07/13 11:28:14 794] ivw        383  IVW_MSG_AUW  
[2017/07/13 11:28:14 794] ivw        331  auw:  udata(600880a8) 4  
[2017/07/13 11:28:14 814] ivw        383  IVW_MSG_AUW  
[2017/07/13 11:28:14 814] ivw        331  auw:  udata(60005b88) 4  
[2017/07/13 11:28:14 834] ivw        383  IVW_MSG_AUW  
[2017/07/13 11:28:14 834] ivw        331  auw:  udata(60005f18) 4  
[2017/07/13 11:28:14 854] ivw        383  IVW_MSG_AUW  
[2017/07/13 11:28:14 854] ivw        331  auw:  udata(60005c28) 4  
[2017/07/13 11:28:14 874] ivw        383  IVW_MSG_AUW  
[2017/07/13 11:28:14 874] ivw        331  auw:  udata(60005d78) 4  
[2017/07/13 11:28:14 894] ivw        383  IVW_MSG_AUW  
[2017/07/13 11:28:14 894] ivw        331  auw:  udata(60005dc8) 4  
[2017/07/13 11:28:14 923] ivw        383  IVW_MSG_AUW  
[2017/07/13 11:28:14 923] ivw        331  auw:  udata(60005e68) 4  
[2017/07/13 11:28:14 923] ivw        383  IVW_MSG_AUW  
[2017/07/13 11:28:14 923] ivw        331  auw:  udata(60030a18) 4  
[2017/07/13 11:28:14 943] ivw        383  IVW_MSG_AUW  
[2017/07/13 11:28:14 943] ivw        331  auw:  udata(6003eba8) 4  
[2017/07/13 11:28:14 963] ivw        383  IVW_MSG_AUW  
[2017/07/13 11:28:14 963] ivw        331  auw:  udata(60030c38) 4  
[2017/07/13 11:28:14 983] ivw        383  IVW_MSG_AUW  
[2017/07/13 11:28:14 983] ivw        331  auw:  udata(600308c8) 4  
[2017/07/13 11:28:15 004] ivw        383  IVW_MSG_AUW  
[2017/07/13 11:28:15 004] ivw        331  auw:  udata(60030a68) 4  
[2017/07/13 11:28:15 024] ivw        383  IVW_MSG_AUW  
[2017/07/13 11:28:15 024] ivw        331  auw:  udata(60030b08) 4  
[2017/07/13 11:28:15 044] ivw        383  IVW_MSG_AUW  
[2017/07/13 11:28:15 044] ivw        331  auw:  udata(6009edf8) 4  
[2017/07/13 11:28:15 064] ivw        383  IVW_MSG_AUW  
[2017/07/13 11:28:15 064] ivw        331  auw:  udata(6009ee98) 4  
[2017/07/13 11:28:15 084] ivw        383  IVW_MSG_AUW  
[2017/07/13 11:28:15 084] ivw        331  auw:  udata(6003e9c8) 4  
[2017/07/13 11:28:15 104] ivw        383  IVW_MSG_AUW  
[2017/07/13 11:28:15 104] ivw        331  auw:  udata(6003ea18) 4  
[2017/07/13 11:28:15 124] ivw        383  IVW_MSG_AUW  
[2017/07/13 11:28:15 124] ivw        331  auw:  udata(6003eab8) 4  
[2017/07/13 11:28:15 144] ivw        383  IVW_MSG_AUW  
[2017/07/13 11:28:15 144] ivw        331  auw:  udata(6009f038) 4  
[2017/07/13 11:28:15 165] ivw        383  IVW_MSG_AUW  
[2017/07/13 11:28:15 165] ivw        331  auw:  udata(6009f3c8) 4  
[2017/07/13 11:28:15 185] ivw        383  IVW_MSG_AUW  
[2017/07/13 11:28:15 185] ivw        331  auw:  udata(6009f0d8) 4  
[2017/07/13 11:28:15 205] ivw        383  IVW_MSG_AUW  
[2017/07/13 11:28:15 205] ivw        331  auw:  udata(6009f228) 4  
[2017/07/13 11:28:15 225] ivw        383  IVW_MSG_AUW  
[2017/07/13 11:28:15 225] ivw        331  auw:  udata(6009f278) 4  
[2017/07/13 11:28:15 245] ivw        383  IVW_MSG_AUW  
[2017/07/13 11:28:15 245] ivw        331  auw:  udata(6009f318) 4  
[2017/07/13 11:28:15 265] ivw        383  IVW_MSG_AUW  
[2017/07/13 11:28:15 265] ivw        331  auw:  udata(600cbcb8) 4  
[2017/07/13 11:28:15 285] ivw        383  IVW_MSG_AUW  
[2017/07/13 11:28:15 285] ivw        331  auw:  udata(600cc048) 4  
[2017/07/13 11:28:15 305] ivw        383  IVW_MSG_AUW  
[2017/07/13 11:28:15 305] ivw        331  auw:  udata(600cbd08) 4  
[2017/07/13 11:28:15 325] ivw        383  IVW_MSG_AUW  
[2017/07/13 11:28:15 325] ivw        331  auw:  udata(600cbda8) 4  
[2017/07/13 11:28:15 345] ivw        383  IVW_MSG_AUW  
[2017/07/13 11:28:15 345] ivw        331  auw:  udata(6003e7a8) 4  
[2017/07/13 11:28:15 365] ivw        383  IVW_MSG_AUW  
[2017/07/13 11:28:15 365] ivw        331  auw:  udata(6003e7f8) 4  
[2017/07/13 11:28:15 385] ivw        383  IVW_MSG_AUW  
[2017/07/13 11:28:15 385] ivw        331  auw:  udata(6003e898) 4  
[2017/07/13 11:28:15 405] ivw        383  IVW_MSG_AUW  
[2017/07/13 11:28:15 405] ivw        331  auw:  udata(600ce238) 4  
[2017/07/13 11:28:15 425] ivw        383  IVW_MSG_AUW  
[2017/07/13 11:28:15 425] ivw        331  auw:  udata(600ce288) 4  
[2017/07/13 11:28:15 446] ivw        383  IVW_MSG_AUW  
[2017/07/13 11:28:15 446] ivw        331  auw:  udata(600ce328) 4  
[2017/07/13 11:28:15 465] ivw        383  IVW_MSG_AUW  
[2017/07/13 11:28:15 465] ivw        331  auw:  udata(600ce428) 4  
[2017/07/13 11:28:15 486] ivw        383  IVW_MSG_AUW  
[2017/07/13 11:28:15 486] ivw        331  auw:  udata(600ce478) 4  
[2017/07/13 11:28:15 506] ivw        383  IVW_MSG_AUW  
[2017/07/13 11:28:15 506] ivw        331  auw:  udata(600ce518) 4  
[2017/07/13 11:28:15 526] ivw        383  IVW_MSG_AUW  
[2017/07/13 11:28:15 526] ivw        331  auw:  udata(600ce618) 4  
[2017/07/13 11:28:15 554] ivw        383  IVW_MSG_AUW  
[2017/07/13 11:28:15 554] ivw        331  auw:  udata(600ce668) 4  
[2017/07/13 11:28:15 574] ivw        383  IVW_MSG_AUW  
[2017/07/13 11:28:15 574] ivw        331  auw:  udata(600ce708) 4  
[2017/07/13 11:28:15 594] ivw        383  IVW_MSG_AUW  
[2017/07/13 11:28:15 594] ivw        331  auw:  udata(600ce808) 4  
[2017/07/13 11:28:15 614] ivw        383  IVW_MSG_AUW  
[2017/07/13 11:28:15 614] ivw        331  auw:  udata(600ce858) 4  
[2017/07/13 11:28:15 635] ivw        383  IVW_MSG_AUW  
[2017/07/13 11:28:15 635] ivw        331  auw:  udata(600ce8f8) 4  
[2017/07/13 11:28:15 655] ivw        383  IVW_MSG_AUW  
[2017/07/13 11:28:15 655] ivw        331  auw:  udata(600ce9f8) 4  
[2017/07/13 11:28:15 674] ivw        383  IVW_MSG_AUW  
[2017/07/13 11:28:15 674] ivw        331  auw:  udata(600cea48) 4  
[2017/07/13 11:28:15 694] ivw        383  IVW_MSG_AUW  
[2017/07/13 11:28:15 694] ivw        331  auw:  udata(600ceae8) 4  
[2017/07/13 11:28:15 714] ivw        383  IVW_MSG_AUW  
[2017/07/13 11:28:15 714] ivw        331  auw:  udata(600cebe8) 4  
[2017/07/13 11:28:15 734] ivw        383  IVW_MSG_AUW  
[2017/07/13 11:28:15 734] ivw        331  auw:  udata(600cec38) 4  
[2017/07/13 11:28:15 754] ivw        383  IVW_MSG_AUW  
[2017/07/13 11:28:15 754] ivw        331  auw:  udata(600cecd8) 4  
[2017/07/13 11:28:15 774] ivw        383  IVW_MSG_AUW  
[2017/07/13 11:28:15 774] ivw        331  auw:  udata(600cedd8) 4  
[2017/07/13 11:28:15 794] ivw        383  IVW_MSG_AUW  
[2017/07/13 11:28:15 795] ivw        331  auw:  udata(600cf168) 4  
[2017/07/13 11:28:15 815] ivw        383  IVW_MSG_AUW  
[2017/07/13 11:28:15 815] ivw        331  auw:  udata(600cee78) 4  
[2017/07/13 11:28:15 835] ivw        383  IVW_MSG_AUW  
[2017/07/13 11:28:15 835] ivw        331  auw:  udata(600cefc8) 4  
[2017/07/13 11:28:15 855] ivw        383  IVW_MSG_AUW  
[2017/07/13 11:28:15 855] ivw        331  auw:  udata(600cf018) 4  
[2017/07/13 11:28:15 875] ivw        383  IVW_MSG_AUW  
[2017/07/13 11:28:15 875] ivw        331  auw:  udata(600cf0b8) 4  
[2017/07/13 11:28:15 895] ivw        383  IVW_MSG_AUW  
[2017/07/13 11:28:15 895] ivw        331  auw:  udata(600dc108) 4  
[2017/07/13 11:28:15 915] ivw        383  IVW_MSG_AUW  
[2017/07/13 11:28:15 915] ivw        331  auw:  udata(600dc158) 4  
[2017/07/13 11:28:15 935] ivw        383  IVW_MSG_AUW  
[2017/07/13 11:28:15 935] ivw        331  auw:  udata(600dc1f8) 4  
[2017/07/13 11:28:15 956] ivw        383  IVW_MSG_AUW  
[2017/07/13 11:28:15 956] ivw        331  auw:  udata(600dc2f8) 4  
[2017/07/13 11:28:15 976] ivw        383  IVW_MSG_AUW  
[2017/07/13 11:28:15 976] ivw        331  auw:  udata(600dc348) 4  
[2017/07/13 11:28:15 996] ivw        383  IVW_MSG_AUW  
[2017/07/13 11:28:15 996] ivw        331  auw:  udata(600dc3e8) 4  
[2017/07/13 11:28:16 016] ivw        383  IVW_MSG_AUW  
[2017/07/13 11:28:16 016] ivw        331  auw:  udata(600dc4e8) 4  
[2017/07/13 11:28:16 036] ivw        383  IVW_MSG_AUW  
[2017/07/13 11:28:16 036] ivw        331  auw:  udata(600dc538) 4  
[2017/07/13 11:28:16 056] ivw        383  IVW_MSG_AUW  
[2017/07/13 11:28:16 056] ivw        331  auw:  udata(600dc5d8) 4  
[2017/07/13 11:28:16 076] ivw        383  IVW_MSG_AUW  
[2017/07/13 11:28:16 076] ivw        331  auw:  udata(600dc6d8) 4  
[2017/07/13 11:28:16 096] ivw        383  IVW_MSG_AUW  
[2017/07/13 11:28:16 096] ivw        331  auw:  udata(600dc728) 4  
[2017/07/13 11:28:16 116] ivw        383  IVW_MSG_AUW  
[2017/07/13 11:28:16 116] ivw        331  auw:  udata(600dc7c8) 4  
[2017/07/13 11:28:16 137] ivw        383  IVW_MSG_AUW  
[2017/07/13 11:28:16 137] ivw        331  auw:  udata(600dc8c8) 4  
[2017/07/13 11:28:16 157] ivw        383  IVW_MSG_AUW  
[2017/07/13 11:28:16 157] ivw        331  auw:  udata(600dc918) 4  
[2017/07/13 11:28:16 177] ivw        383  IVW_MSG_AUW  
[2017/07/13 11:28:16 177] ivw        331  auw:  udata(600dc9b8) 4  
[2017/07/13 11:28:16 197] ivw        383  IVW_MSG_AUW  
[2017/07/13 11:28:16 197] ivw        331  auw:  udata(600dcab8) 4  
[2017/07/13 11:28:16 217] ivw        383  IVW_MSG_AUW  
[2017/07/13 11:28:16 217] ivw        331  auw:  udata(600dcb08) 4  
[2017/07/13 11:28:16 237] ivw        383  IVW_MSG_AUW  
[2017/07/13 11:28:16 237] ivw        331  auw:  udata(600dcba8) 4  
[2017/07/13 11:28:16 257] ivw        383  IVW_MSG_AUW  
[2017/07/13 11:28:16 257] ivw        331  auw:  udata(600dcca8) 4  
[2017/07/13 11:28:16 277] ivw        383  IVW_MSG_AUW  
[2017/07/13 11:28:16 277] ivw        331  auw:  udata(600dccf8) 4  
[2017/07/13 11:28:16 297] ivw        383  IVW_MSG_AUW  
[2017/07/13 11:28:16 297] ivw        331  auw:  udata(600dcd98) 4  
[2017/07/13 11:28:16 318] ivw        383  IVW_MSG_AUW  
[2017/07/13 11:28:16 318] ivw        331  auw:  udata(600dce98) 4  
[2017/07/13 11:28:16 338] ivw        383  IVW_MSG_AUW  
[2017/07/13 11:28:16 338] ivw        331  auw:  udata(600dd228) 4  
[2017/07/13 11:28:16 358] ivw        383  IVW_MSG_AUW  
[2017/07/13 11:28:16 358] ivw        331  auw:  udata(600dcee8) 4  
[2017/07/13 11:28:16 378] ivw        383  IVW_MSG_AUW  
[2017/07/13 11:28:16 378] ivw        331  auw:  udata(600dcf88) 4  
[2017/07/13 11:28:16 398] ivw        383  IVW_MSG_AUW  
[2017/07/13 11:28:16 398] ivw        331  auw:  udata(600cbea8) 4  
[2017/07/13 11:28:16 418] ivw        383  IVW_MSG_AUW  
[2017/07/13 11:28:16 418] ivw        331  auw:  udata(600cbef8) 4  
[2017/07/13 11:28:16 438] ivw        383  IVW_MSG_AUW  
[2017/07/13 11:28:16 438] ivw        331  auw:  udata(600cbf98) 4  
[2017/07/13 11:28:16 458] ivw        383  IVW_MSG_AUW  
[2017/07/13 11:28:16 458] ivw        331  auw:  udata(600cf8b8) 4  
[2017/07/13 11:28:16 478] ivw        383  IVW_MSG_AUW  
[2017/07/13 11:28:16 478] ivw        331  auw:  udata(600cf908) 4  
[2017/07/13 11:28:16 499] ivw        383  IVW_MSG_AUW  
[2017/07/13 11:28:16 499] ivw        331  auw:  udata(600cf9a8) 4  
[2017/07/13 11:28:16 519] ivw        383  IVW_MSG_AUW  
[2017/07/13 11:28:16 519] ivw        331  auw:  udata(600cfaa8) 4  
[2017/07/13 11:28:16 538] ivw        383  IVW_MSG_AUW  
[2017/07/13 11:28:16 538] ivw        331  auw:  udata(600cfaf8) 4  
[2017/07/13 11:28:16 558] ivw        383  IVW_MSG_AUW  
[2017/07/13 11:28:16 558] ivw        331  auw:  udata(600cfb98) 4  
[2017/07/13 11:28:16 578] ivw        383  IVW_MSG_AUW  
[2017/07/13 11:28:16 578] ivw        331  auw:  udata(600cfc98) 4  
[2017/07/13 11:28:16 598] ivw        383  IVW_MSG_AUW  
[2017/07/13 11:28:16 598] ivw        331  auw:  udata(600cfce8) 4  
[2017/07/13 11:28:16 618] ivw        383  IVW_MSG_AUW  
[2017/07/13 11:28:16 619] ivw        331  auw:  udata(600cfd88) 4  
[2017/07/13 11:28:16 639] ivw        383  IVW_MSG_AUW  
[2017/07/13 11:28:16 639] ivw        331  auw:  udata(600cfe88) 4  
[2017/07/13 11:28:16 659] ivw        383  IVW_MSG_AUW  
[2017/07/13 11:28:16 659] ivw        331  auw:  udata(600cfed8) 4  
[2017/07/13 11:28:16 679] ivw        383  IVW_MSG_AUW  
[2017/07/13 11:28:16 679] ivw        331  auw:  udata(600cff78) 4  
[2017/07/13 11:28:16 698] ivw        383  IVW_MSG_AUW  
[2017/07/13 11:28:16 698] ivw        331  auw:  udata(600d0078) 4  
[2017/07/13 11:28:16 718] ivw        383  IVW_MSG_AUW  
[2017/07/13 11:28:16 718] ivw        331  auw:  udata(600d00c8) 4  
[2017/07/13 11:28:16 738] ivw        383  IVW_MSG_AUW  
[2017/07/13 11:28:16 738] ivw        331  auw:  udata(600d0168) 4  
[2017/07/13 11:28:16 759] ivw        383  IVW_MSG_AUW  
[2017/07/13 11:28:16 759] ivw        331  auw:  udata(600d0268) 4  
[2017/07/13 11:28:16 779] ivw        383  IVW_MSG_AUW  
[2017/07/13 11:28:16 779] ivw        331  auw:  udata(600d02b8) 4  
[2017/07/13 11:28:16 799] ivw        383  IVW_MSG_AUW  
[2017/07/13 11:28:16 799] ivw        331  auw:  udata(600d0358) 4  
[2017/07/13 11:28:16 819] ivw        383  IVW_MSG_AUW  
[2017/07/13 11:28:16 819] ivw        331  auw:  udata(600d0458) 4  
[2017/07/13 11:28:16 845] ivw        383  IVW_MSG_AUW  
[2017/07/13 11:28:16 845] ivw        331  auw:  udata(600d04a8) 4  
[2017/07/13 11:28:16 845] ivw        383  IVW_MSG_AUW  
[2017/07/13 11:28:16 845] ivw        331  auw:  udata(600d04f8) 4  
[2017/07/13 11:28:16 865] ivw        383  IVW_MSG_AUW  
[2017/07/13 11:28:16 865] ivw        331  auw:  udata(600d0648) 4  
[2017/07/13 11:28:16 885] ivw        383  IVW_MSG_AUW  
[2017/07/13 11:28:16 885] ivw        331  auw:  udata(600d0988) 4  
[2017/07/13 11:28:16 905] ivw        383  IVW_MSG_AUW  
[2017/07/13 11:28:16 905] ivw        331  auw:  udata(600d0698) 4  
[2017/07/13 11:28:16 925] ivw        383  IVW_MSG_AUW  
[2017/07/13 11:28:16 925] ivw        331  auw:  udata(600d0738) 4  
[2017/07/13 11:28:16 945] ivw        383  IVW_MSG_AUW  
[2017/07/13 11:28:16 945] ivw        331  auw:  udata(600dd088) 4  
[2017/07/13 11:28:16 965] ivw        383  IVW_MSG_AUW  
[2017/07/13 11:28:16 965] ivw        331  auw:  udata(600dd0d8) 4  
[2017/07/13 11:28:16 985] ivw        383  IVW_MSG_AUW  
[2017/07/13 11:28:16 985] ivw        331  auw:  udata(600dd178) 4  
[2017/07/13 11:28:17 006] ivw        383  IVW_MSG_AUW  
[2017/07/13 11:28:17 006] ivw        331  auw:  udata(600d0af8) 4  
[2017/07/13 11:28:17 026] ivw        383  IVW_MSG_AUW  
[2017/07/13 11:28:17 026] ivw        331  auw:  udata(600d0b48) 4  
[2017/07/13 11:28:17 046] ivw        383  IVW_MSG_AUW  
[2017/07/13 11:28:17 046] ivw        331  auw:  udata(600d0be8) 4  
[2017/07/13 11:28:17 066] ivw        383  IVW_MSG_AUW  
[2017/07/13 11:28:17 066] ivw        331  auw:  udata(600d0ce8) 4  
[2017/07/13 11:28:17 086] ivw        383  IVW_MSG_AUW  
[2017/07/13 11:28:17 086] ivw        331  auw:  udata(600d0d38) 4  
[2017/07/13 11:28:17 106] ivw        383  IVW_MSG_AUW  
[2017/07/13 11:28:17 106] ivw        331  auw:  udata(600d0dd8) 4  
[2017/07/13 11:28:17 126] ivw        383  IVW_MSG_AUW  
[2017/07/13 11:28:17 126] ivw        331  auw:  udata(600d0ed8) 4  
[2017/07/13 11:28:17 147] ivw        383  IVW_MSG_AUW  
[2017/07/13 11:28:17 147] ivw        331  auw:  udata(600d0f28) 4  
[2017/07/13 11:28:17 167] ivw        383  IVW_MSG_AUW  
[2017/07/13 11:28:17 167] ivw        331  auw:  udata(600d0fc8) 4  
[2017/07/13 11:28:17 187] ivw        383  IVW_MSG_AUW  
[2017/07/13 11:28:17 187] ivw        331  auw:  udata(600d10c8) 4  
[2017/07/13 11:28:17 207] ivw        383  IVW_MSG_AUW  
[2017/07/13 11:28:17 207] ivw        331  auw:  udata(600d1118) 4  
[2017/07/13 11:28:17 226] ivw        383  IVW_MSG_AUW  
[2017/07/13 11:28:17 226] ivw        331  auw:  udata(600d11b8) 4  
[2017/07/13 11:28:17 247] ivw        383  IVW_MSG_AUW  
[2017/07/13 11:28:17 247] ivw        331  auw:  udata(600d12b8) 4  
[2017/07/13 11:28:17 267] ivw        383  IVW_MSG_AUW  
[2017/07/13 11:28:17 267] ivw        331  auw:  udata(600d1308) 4  
[2017/07/13 11:28:17 287] ivw        383  IVW_MSG_AUW  
[2017/07/13 11:28:17 287] ivw        331  auw:  udata(600d13a8) 4  
[2017/07/13 11:28:17 307] ivw        383  IVW_MSG_AUW  
[2017/07/13 11:28:17 307] ivw        331  auw:  udata(600d14a8) 4  
[2017/07/13 11:28:17 327] ivw        383  IVW_MSG_AUW  
[2017/07/13 11:28:17 327] ivw        331  auw:  udata(600d14f8) 4  
[2017/07/13 11:28:17 347] ivw        383  IVW_MSG_AUW  
[2017/07/13 11:28:17 347] ivw        331  auw:  udata(600d1598) 4  
[2017/07/13 11:28:17 366] ivw        383  IVW_MSG_AUW  
[2017/07/13 11:28:17 366] ivw        331  auw:  udata(600d1698) 4  
[2017/07/13 11:28:17 386] ivw        383  IVW_MSG_AUW  
[2017/07/13 11:28:17 386] ivw        331  auw:  udata(600d16e8) 4  
[2017/07/13 11:28:17 407] ivw        383  IVW_MSG_AUW  
[2017/07/13 11:28:17 407] ivw        331  auw:  udata(600d1788) 4  
[2017/07/13 11:28:17 427] ivw        383  IVW_MSG_AUW  
[2017/07/13 11:28:17 427] ivw        331  auw:  udata(600d1888) 4  
[2017/07/13 11:28:17 447] ivw        383  IVW_MSG_AUW  
[2017/07/13 11:28:17 447] ivw        331  auw:  udata(600d18d8) 4  
[2017/07/13 11:28:17 467] ivw        383  IVW_MSG_AUW  
[2017/07/13 11:28:17 467] ivw        331  auw:  udata(600d1978) 4  
[2017/07/13 11:28:17 487] ivw        383  IVW_MSG_AUW  
[2017/07/13 11:28:17 487] ivw        331  auw:  udata(600d1a78) 4  
[2017/07/13 11:28:17 507] ivw        383  IVW_MSG_AUW  
[2017/07/13 11:28:17 507] ivw        331  auw:  udata(600d1ac8) 4  
[2017/07/13 11:28:17 527] ivw        383  IVW_MSG_AUW  
[2017/07/13 11:28:17 527] ivw        331  auw:  udata(600d1b68) 4  
[2017/07/13 11:28:17 548] ivw        383  IVW_MSG_AUW  
[2017/07/13 11:28:17 548] ivw        331  auw:  udata(600d1c68) 4  
[2017/07/13 11:28:17 568] ivw        383  IVW_MSG_AUW  
[2017/07/13 11:28:17 568] ivw        331  auw:  udata(600d1cb8) 4  
[2017/07/13 11:28:17 588] ivw        383  IVW_MSG_AUW  
[2017/07/13 11:28:17 588] ivw        331  auw:  udata(600d1d58) 4  
[2017/07/13 11:28:17 608] ivw        383  IVW_MSG_AUW  
[2017/07/13 11:28:17 608] ivw        331  auw:  udata(600d1e58) 4  
[2017/07/13 11:28:17 628] ivw        383  IVW_MSG_AUW  
[2017/07/13 11:28:17 628] ivw        331  auw:  udata(600d1ea8) 4  
[2017/07/13 11:28:17 648] ivw        383  IVW_MSG_AUW  
[2017/07/13 11:28:17 648] ivw        331  auw:  udata(600d1f48) 4  
[2017/07/13 11:28:17 668] ivw        383  IVW_MSG_AUW  
[2017/07/13 11:28:17 668] ivw        331  auw:  udata(600d2048) 4  
[2017/07/13 11:28:17 688] ivw        383  IVW_MSG_AUW  
[2017/07/13 11:28:17 688] ivw        331  auw:  udata(600d2098) 4  
[2017/07/13 11:28:17 709] ivw        383  IVW_MSG_AUW  
[2017/07/13 11:28:17 709] ivw        331  auw:  udata(600d2138) 4  
[2017/07/13 11:28:17 729] ivw        383  IVW_MSG_AUW  
[2017/07/13 11:28:17 729] ivw        331  auw:  udata(600d2238) 4  
[2017/07/13 11:28:17 749] ivw        383  IVW_MSG_AUW  
[2017/07/13 11:28:17 749] ivw        331  auw:  udata(600d2288) 4  
[2017/07/13 11:28:17 769] ivw        383  IVW_MSG_AUW  
[2017/07/13 11:28:17 769] ivw        331  auw:  udata(600d2328) 4  
[2017/07/13 11:28:17 789] ivw        383  IVW_MSG_AUW  
[2017/07/13 11:28:17 789] ivw        331  auw:  udata(600d2428) 4  
[2017/07/13 11:28:17 809] ivw        383  IVW_MSG_AUW  
[2017/07/13 11:28:17 809] ivw        331  auw:  udata(600d2478) 4  
[2017/07/13 11:28:17 829] ivw        383  IVW_MSG_AUW  
[2017/07/13 11:28:17 829] ivw        331  auw:  udata(600d2518) 4  
[2017/07/13 11:28:17 849] ivw        383  IVW_MSG_AUW  
[2017/07/13 11:28:17 849] ivw        331  auw:  udata(600d2618) 4  
[2017/07/13 11:28:17 869] ivw        383  IVW_MSG_AUW  
[2017/07/13 11:28:17 870] ivw        331  auw:  udata(600d2668) 4  
[2017/07/13 11:28:17 890] ivw        383  IVW_MSG_AUW  
[2017/07/13 11:28:17 890] ivw        331  auw:  udata(600d2708) 4  
[2017/07/13 11:28:17 910] ivw        383  IVW_MSG_AUW  
[2017/07/13 11:28:17 910] ivw        331  auw:  udata(600d2808) 4  
[2017/07/13 11:28:17 930] ivw        383  IVW_MSG_AUW  
[2017/07/13 11:28:17 930] ivw        331  auw:  udata(600d2858) 4  
[2017/07/13 11:28:17 950] ivw        383  IVW_MSG_AUW  
[2017/07/13 11:28:17 950] ivw        331  auw:  udata(600d28f8) 4  
[2017/07/13 11:28:17 970] ivw        383  IVW_MSG_AUW  
[2017/07/13 11:28:17 970] ivw        331  auw:  udata(600d29f8) 4  
[2017/07/13 11:28:17 990] ivw        383  IVW_MSG_AUW  
[2017/07/13 11:28:17 990] ivw        331  auw:  udata(600d2a48) 4  
[2017/07/13 11:28:18 010] ivw        383  IVW_MSG_AUW  
[2017/07/13 11:28:18 010] ivw        331  auw:  udata(600d2ae8) 4  
[2017/07/13 11:28:18 030] ivw        383  IVW_MSG_AUW  
[2017/07/13 11:28:18 030] ivw        331  auw:  udata(600d2be8) 4  
[2017/07/13 11:28:18 050] ivw        383  IVW_MSG_AUW  
[2017/07/13 11:28:18 050] ivw        331  auw:  udata(600d2c38) 4  
[2017/07/13 11:28:18 070] ivw        383  IVW_MSG_AUW  
[2017/07/13 11:28:18 070] ivw        331  auw:  udata(600d2cd8) 4  
[2017/07/13 11:28:18 090] ivw        383  IVW_MSG_AUW  
[2017/07/13 11:28:18 090] ivw        331  auw:  udata(600d2dd8) 4  
[2017/07/13 11:28:18 110] ivw        383  IVW_MSG_AUW  
[2017/07/13 11:28:18 110] ivw        331  auw:  udata(600d2e28) 4  
[2017/07/13 11:28:18 130] ivw        383  IVW_MSG_AUW  
[2017/07/13 11:28:18 130] ivw        331  auw:  udata(600d2ec8) 4  
[2017/07/13 11:28:18 150] ivw        383  IVW_MSG_AUW  
[2017/07/13 11:28:18 150] ivw        331  auw:  udata(600d2fc8) 4  
[2017/07/13 11:28:18 170] ivw        383  IVW_MSG_AUW  
[2017/07/13 11:28:18 170] ivw        331  auw:  udata(600d3018) 4  
[2017/07/13 11:28:18 190] ivw        383  IVW_MSG_AUW  
[2017/07/13 11:28:18 190] ivw        331  auw:  udata(600d30b8) 4  
[2017/07/13 11:28:18 211] ivw        383  IVW_MSG_AUW  
[2017/07/13 11:28:18 211] ivw        331  auw:  udata(600d31b8) 4  
[2017/07/13 11:28:18 230] ivw        383  IVW_MSG_AUW  
[2017/07/13 11:28:18 230] ivw        331  auw:  udata(600d3208) 4  
[2017/07/13 11:28:18 250] ivw        383  IVW_MSG_AUW  
[2017/07/13 11:28:18 250] ivw        331  auw:  udata(600d32a8) 4  
[2017/07/13 11:28:18 270] ivw        383  IVW_MSG_AUW  
[2017/07/13 11:28:18 270] ivw        331  auw:  udata(600d33a8) 4  
[2017/07/13 11:28:18 290] ivw        383  IVW_MSG_AUW  
[2017/07/13 11:28:18 290] ivw        331  auw:  udata(600d33f8) 4  
[2017/07/13 11:28:18 310] ivw        383  IVW_MSG_AUW  
[2017/07/13 11:28:18 310] ivw        331  auw:  udata(600d3498) 4  
[2017/07/13 11:28:18 330] ivw        383  IVW_MSG_AUW  
[2017/07/13 11:28:18 330] ivw        331  auw:  udata(600d3598) 4  
[2017/07/13 11:28:18 351] ivw        383  IVW_MSG_AUW  
[2017/07/13 11:28:18 351] ivw        331  auw:  udata(600d35e8) 4  
[2017/07/13 11:28:18 371] ivw        383  IVW_MSG_AUW  
[2017/07/13 11:28:18 371] ivw        331  auw:  udata(600d3688) 4  
[2017/07/13 11:28:18 391] ivw        383  IVW_MSG_AUW  
[2017/07/13 11:28:18 391] ivw        331  auw:  udata(600d3788) 4  
[2017/07/13 11:28:18 411] ivw        383  IVW_MSG_AUW  
[2017/07/13 11:28:18 411] ivw        331  auw:  udata(600d37d8) 4  
[2017/07/13 11:28:18 431] ivw        383  IVW_MSG_AUW  
[2017/07/13 11:28:18 431] ivw        331  auw:  udata(600d3878) 4  
[2017/07/13 11:28:18 451] ivw        383  IVW_MSG_AUW  
[2017/07/13 11:28:18 451] ivw        331  auw:  udata(600d3978) 4  
[2017/07/13 11:28:18 471] ivw        383  IVW_MSG_AUW  
[2017/07/13 11:28:18 471] ivw        331  auw:  udata(600d39c8) 4  
[2017/07/13 11:28:18 491] ivw        383  IVW_MSG_AUW  
[2017/07/13 11:28:18 491] ivw        331  auw:  udata(600d3a68) 4  
[2017/07/13 11:28:18 511] ivw        383  IVW_MSG_AUW  
[2017/07/13 11:28:18 511] ivw        331  auw:  udata(600d3b68) 4  
[2017/07/13 11:28:18 531] ivw        383  IVW_MSG_AUW  
[2017/07/13 11:28:18 531] ivw        331  auw:  udata(600d3bb8) 4  
[2017/07/13 11:28:18 551] ivw        383  IVW_MSG_AUW  
[2017/07/13 11:28:18 551] ivw        331  auw:  udata(600d3c58) 4  
[2017/07/13 11:28:18 571] ivw        383  IVW_MSG_AUW  
[2017/07/13 11:28:18 571] ivw        331  auw:  udata(600d3d58) 4  
[2017/07/13 11:28:18 591] ivw        383  IVW_MSG_AUW  
[2017/07/13 11:28:18 591] ivw        331  auw:  udata(600d3da8) 4  
[2017/07/13 11:28:18 611] ivw        383  IVW_MSG_AUW  
[2017/07/13 11:28:18 611] ivw        331  auw:  udata(600d3e48) 4  
[2017/07/13 11:28:18 631] ivw        383  IVW_MSG_AUW  
[2017/07/13 11:28:18 631] ivw        331  auw:  udata(600d3f48) 4  
[2017/07/13 11:28:18 651] ivw        383  IVW_MSG_AUW  
[2017/07/13 11:28:18 651] ivw        331  auw:  udata(600d3f98) 4  
[2017/07/13 11:28:18 671] ivw        383  IVW_MSG_AUW  
[2017/07/13 11:28:18 671] ivw        331  auw:  udata(600d4038) 4  
[2017/07/13 11:28:18 691] ivw        383  IVW_MSG_AUW  
[2017/07/13 11:28:18 691] ivw        331  auw:  udata(600d4138) 4  
[2017/07/13 11:28:18 711] ivw        383  IVW_MSG_AUW  
[2017/07/13 11:28:18 711] ivw        331  auw:  udata(600d4188) 4  
[2017/07/13 11:28:18 731] ivw        383  IVW_MSG_AUW  
[2017/07/13 11:28:18 731] ivw        331  auw:  udata(600d4228) 4  
[2017/07/13 11:28:18 751] ivw        383  IVW_MSG_AUW  
[2017/07/13 11:28:18 751] ivw        331  auw:  udata(600d4328) 4  
[2017/07/13 11:28:18 771] ivw        383  IVW_MSG_AUW  
[2017/07/13 11:28:18 771] ivw        331  auw:  udata(600d4378) 4  
[2017/07/13 11:28:18 791] ivw        383  IVW_MSG_AUW  
[2017/07/13 11:28:18 791] ivw        331  auw:  udata(600d4418) 4  
[2017/07/13 11:28:18 812] ivw        383  IVW_MSG_AUW  
[2017/07/13 11:28:18 812] ivw        331  auw:  udata(600d4518) 4  
[2017/07/13 11:28:18 832] ivw        383  IVW_MSG_AUW  
[2017/07/13 11:28:18 832] ivw        331  auw:  udata(600d4568) 4  
[2017/07/13 11:28:18 852] ivw        383  IVW_MSG_AUW  
[2017/07/13 11:28:18 852] ivw        331  auw:  udata(600d4608) 4  
[2017/07/13 11:28:18 872] ivw        383  IVW_MSG_AUW  
[2017/07/13 11:28:18 872] ivw        331  auw:  udata(600d4708) 4  
[2017/07/13 11:28:18 892] ivw        383  IVW_MSG_AUW  
[2017/07/13 11:28:18 892] ivw        331  auw:  udata(600d4758) 4  
[2017/07/13 11:28:18 912] ivw        383  IVW_MSG_AUW  
[2017/07/13 11:28:18 912] ivw        331  auw:  udata(600d47f8) 4  
[2017/07/13 11:28:18 932] ivw        383  IVW_MSG_AUW  
[2017/07/13 11:28:18 932] ivw        331  auw:  udata(600d48f8) 4  
[2017/07/13 11:28:18 952] ivw        383  IVW_MSG_AUW  
[2017/07/13 11:28:18 952] ivw        331  auw:  udata(600d4948) 4  
[2017/07/13 11:28:18 972] ivw        383  IVW_MSG_AUW  
[2017/07/13 11:28:18 972] ivw        331  auw:  udata(600d49e8) 4  
[2017/07/13 11:28:18 993] ivw        383  IVW_MSG_AUW  
[2017/07/13 11:28:18 993] ivw        331  auw:  udata(600d4ae8) 4  
[2017/07/13 11:28:19 013] ivw        383  IVW_MSG_AUW  
[2017/07/13 11:28:19 013] ivw        331  auw:  udata(600d4b38) 4  
[2017/07/13 11:28:19 033] ivw        383  IVW_MSG_AUW  
[2017/07/13 11:28:19 033] ivw        331  auw:  udata(600d4bd8) 4  
[2017/07/13 11:28:19 053] ivw        383  IVW_MSG_AUW  
[2017/07/13 11:28:19 053] ivw        331  auw:  udata(600d4cd8) 4  
[2017/07/13 11:28:19 073] ivw        383  IVW_MSG_AUW  
[2017/07/13 11:28:19 073] ivw        331  auw:  udata(600d4d28) 4  
[2017/07/13 11:28:19 093] ivw        383  IVW_MSG_AUW  
[2017/07/13 11:28:19 093] ivw        331  auw:  udata(600d4dc8) 4  
[2017/07/13 11:28:19 113] ivw        383  IVW_MSG_AUW  
[2017/07/13 11:28:19 113] ivw        331  auw:  udata(600d4ec8) 4  
[2017/07/13 11:28:19 133] ivw        383  IVW_MSG_AUW  
[2017/07/13 11:28:19 133] ivw        331  auw:  udata(600d4f18) 4  
[2017/07/13 11:28:19 153] ivw        383  IVW_MSG_AUW  
[2017/07/13 11:28:19 153] ivw        331  auw:  udata(600d4fb8) 4  
[2017/07/13 11:28:19 173] ivw        383  IVW_MSG_AUW  
[2017/07/13 11:28:19 173] ivw        331  auw:  udata(600d50b8) 4  
[2017/07/13 11:28:19 194] ivw        383  IVW_MSG_AUW  
[2017/07/13 11:28:19 194] ivw        331  auw:  udata(600d5108) 4  
[2017/07/13 11:28:19 214] ivw        383  IVW_MSG_AUW  
[2017/07/13 11:28:19 214] ivw        331  auw:  udata(600d51a8) 4  
[2017/07/13 11:28:19 234] ivw        383  IVW_MSG_AUW  
[2017/07/13 11:28:19 234] ivw        331  auw:  udata(600d52a8) 4  
[2017/07/13 11:28:19 254] ivw        383  IVW_MSG_AUW  
[2017/07/13 11:28:19 254] ivw        331  auw:  udata(600d52f8) 4  
[2017/07/13 11:28:19 274] ivw        383  IVW_MSG_AUW  
[2017/07/13 11:28:19 274] ivw        331  auw:  udata(600d5398) 4  
