============================================================
Time  2017/07/13 11:21:56 194 
============================================================
[2017/07/13 11:21:56 194] ivw        420  ivw loaded!  
[2017/07/13 11:21:56 194] ivw        408  SYS_MSG_REGCB  msp_status_cb  func(880997d0) 
[2017/07/13 11:21:56 196] ivw        375  IVW_MSG_SSB  
[2017/07/13 11:21:56 196] ivw        230  ssb:  nil  
[2017/07/13 11:21:56 196] ivw        248  net_type:  standard  
[2017/07/13 11:21:56 196] ivw        408  SYS_MSG_REGCB  MsgProcCallBack  func(880bca10) 
[2017/07/13 11:21:56 197] ivw        134  ivwMessageCallBack  2001  822a6c4876676d0b44c91fc3f264e0df  nil  nil  
[2017/07/13 11:21:56 217] ivw        383  IVW_MSG_AUW  
[2017/07/13 11:21:56 217] ivw        331  auw:  udata(880bc7c8) 4  
[2017/07/13 11:21:56 237] ivw        383  IVW_MSG_AUW  
[2017/07/13 11:21:56 237] ivw        331  auw:  udata(880bcc98) 4  
[2017/07/13 11:21:56 257] ivw        383  IVW_MSG_AUW  
[2017/07/13 11:21:56 257] ivw        331  auw:  udata(8809ddf8) 4  
[2017/07/13 11:21:56 277] ivw        383  IVW_MSG_AUW  
[2017/07/13 11:21:56 277] ivw        331  auw:  udata(8809ca98) 4  
[2017/07/13 11:21:56 297] ivw        383  IVW_MSG_AUW  
[2017/07/13 11:21:56 297] ivw        331  auw:  udata(8809d758) 4  
[2017/07/13 11:21:56 317] ivw        383  IVW_MSG_AUW  
[2017/07/13 11:21:56 317] ivw        331  auw:  udata(880c24d8) 4  
[2017/07/13 11:21:56 337] ivw        383  IVW_MSG_AUW  
[2017/07/13 11:21:56 338] ivw        331  auw:  udata(880bd0c8) 4  
[2017/07/13 11:21:56 357] ivw        383  IVW_MSG_AUW  
[2017/07/13 11:21:56 357] ivw        331  auw:  udata(880754f8) 4  
[2017/07/13 11:21:56 377] ivw        383  IVW_MSG_AUW  
[2017/07/13 11:21:56 377] ivw        331  auw:  udata(8809ec48) 4  
[2017/07/13 11:21:56 397] ivw        383  IVW_MSG_AUW  
[2017/07/13 11:21:56 397] ivw        331  auw:  udata(8809ebf8) 4  
[2017/07/13 11:21:56 417] ivw        383  IVW_MSG_AUW  
[2017/07/13 11:21:56 417] ivw        331  auw:  udata(8801e708) 4  
[2017/07/13 11:21:56 437] ivw        383  IVW_MSG_AUW  
[2017/07/13 11:21:56 437] ivw        331  auw:  udata(880d87a8) 4  
[2017/07/13 11:21:56 457] ivw        383  IVW_MSG_AUW  
[2017/07/13 11:21:56 457] ivw        331  auw:  udata(880dc278) 4  
[2017/07/13 11:21:56 478] ivw        383  IVW_MSG_AUW  
[2017/07/13 11:21:56 478] ivw        331  auw:  udata(88087d98) 4  
[2017/07/13 11:21:56 498] ivw        383  IVW_MSG_AUW  
[2017/07/13 11:21:56 498] ivw        331  auw:  udata(880bd018) 4  
[2017/07/13 11:21:56 518] ivw        383  IVW_MSG_AUW  
[2017/07/13 11:21:56 518] ivw        331  auw:  udata(8809d918) 4  
[2017/07/13 11:21:56 538] ivw        383  IVW_MSG_AUW  
[2017/07/13 11:21:56 538] ivw        331  auw:  udata(8809d9b8) 4  
[2017/07/13 11:21:56 558] ivw        383  IVW_MSG_AUW  
[2017/07/13 11:21:56 558] ivw        331  auw:  udata(880d7458) 4  
[2017/07/13 11:21:56 578] ivw        383  IVW_MSG_AUW  
[2017/07/13 11:21:56 578] ivw        331  auw:  udata(880d74a8) 4  
[2017/07/13 11:21:56 598] ivw        383  IVW_MSG_AUW  
[2017/07/13 11:21:56 598] ivw        331  auw:  udata(88087fb8) 4  
[2017/07/13 11:21:56 619] ivw        383  IVW_MSG_AUW  
[2017/07/13 11:21:56 619] ivw        331  auw:  udata(88088008) 4  
[2017/07/13 11:21:56 639] ivw        383  IVW_MSG_AUW  
[2017/07/13 11:21:56 639] ivw        331  auw:  udata(880880a8) 4  
[2017/07/13 11:21:56 659] ivw        383  IVW_MSG_AUW  
[2017/07/13 11:21:56 659] ivw        331  auw:  udata(88030878) 4  
[2017/07/13 11:21:56 679] ivw        383  IVW_MSG_AUW  
[2017/07/13 11:21:56 679] ivw        331  auw:  udata(88030c08) 4  
[2017/07/13 11:21:56 699] ivw        383  IVW_MSG_AUW  
[2017/07/13 11:21:56 699] ivw        331  auw:  udata(880308c8) 4  
[2017/07/13 11:21:56 719] ivw        383  IVW_MSG_AUW  
[2017/07/13 11:21:56 719] ivw        331  auw:  udata(88030968) 4  
[2017/07/13 11:21:56 739] ivw        383  IVW_MSG_AUW  
[2017/07/13 11:21:56 739] ivw        331  auw:  udata(88030a68) 4  
[2017/07/13 11:21:56 759] ivw        383  IVW_MSG_AUW  
[2017/07/13 11:21:56 759] ivw        331  auw:  udata(88030ab8) 4  
[2017/07/13 11:21:56 779] ivw        383  IVW_MSG_AUW  
[2017/07/13 11:21:56 779] ivw        331  auw:  udata(88030b58) 4  
[2017/07/13 11:21:56 799] ivw        383  IVW_MSG_AUW  
[2017/07/13 11:21:56 799] ivw        331  auw:  udata(8803bcb8) 4  
[2017/07/13 11:21:56 819] ivw        383  IVW_MSG_AUW  
[2017/07/13 11:21:56 819] ivw        331  auw:  udata(8803c048) 4  
[2017/07/13 11:21:56 839] ivw        383  IVW_MSG_AUW  
[2017/07/13 11:21:56 839] ivw        331  auw:  udata(8803bd58) 4  
[2017/07/13 11:21:56 859] ivw        383  IVW_MSG_AUW  
[2017/07/13 11:21:56 859] ivw        331  auw:  udata(8803bea8) 4  
[2017/07/13 11:21:56 879] ivw        383  IVW_MSG_AUW  
[2017/07/13 11:21:56 879] ivw        331  auw:  udata(8803bef8) 4  
[2017/07/13 11:21:56 899] ivw        383  IVW_MSG_AUW  
[2017/07/13 11:21:56 899] ivw        331  auw:  udata(8803bf98) 4  
[2017/07/13 11:21:56 919] ivw        383  IVW_MSG_AUW  
[2017/07/13 11:21:56 919] ivw        331  auw:  udata(88005b38) 4  
[2017/07/13 11:21:56 939] ivw        383  IVW_MSG_AUW  
[2017/07/13 11:21:56 939] ivw        331  auw:  udata(88005ec8) 4  
[2017/07/13 11:21:56 959] ivw        383  IVW_MSG_AUW  
[2017/07/13 11:21:56 960] ivw        331  auw:  udata(88005b88) 4  
[2017/07/13 11:21:56 979] ivw        383  IVW_MSG_AUW  
[2017/07/13 11:21:56 979] ivw        331  auw:  udata(88005c28) 4  
[2017/07/13 11:21:56 999] ivw        383  IVW_MSG_AUW  
[2017/07/13 11:21:56 999] ivw        331  auw:  udata(88005d28) 4  
[2017/07/13 11:21:57 019] ivw        383  IVW_MSG_AUW  
[2017/07/13 11:21:57 019] ivw        331  auw:  udata(88005d78) 4  
[2017/07/13 11:21:57 039] ivw        383  IVW_MSG_AUW  
[2017/07/13 11:21:57 039] ivw        331  auw:  udata(88005e18) 4  
[2017/07/13 11:21:57 059] ivw        383  IVW_MSG_AUW  
[2017/07/13 11:21:57 059] ivw        331  auw:  udata(88065e78) 4  
[2017/07/13 11:21:57 079] ivw        383  IVW_MSG_AUW  
[2017/07/13 11:21:57 079] ivw        331  auw:  udata(88066208) 4  
[2017/07/13 11:21:57 099] ivw        383  IVW_MSG_AUW  
[2017/07/13 11:21:57 099] ivw        331  auw:  udata(88065f18) 4  
[2017/07/13 11:21:57 119] ivw        383  IVW_MSG_AUW  
[2017/07/13 11:21:57 119] ivw        331  auw:  udata(88066068) 4  
[2017/07/13 11:21:57 139] ivw        383  IVW_MSG_AUW  
[2017/07/13 11:21:57 139] ivw        331  auw:  udata(880660b8) 4  
[2017/07/13 11:21:57 159] ivw        383  IVW_MSG_AUW  
[2017/07/13 11:21:57 159] ivw        331  auw:  udata(88066158) 4  
[2017/07/13 11:21:57 179] ivw        383  IVW_MSG_AUW  
[2017/07/13 11:21:57 179] ivw        331  auw:  udata(880cbad8) 4  
[2017/07/13 11:21:57 199] ivw        383  IVW_MSG_AUW  
[2017/07/13 11:21:57 199] ivw        331  auw:  udata(880cbe68) 4  
[2017/07/13 11:21:57 219] ivw        383  IVW_MSG_AUW  
[2017/07/13 11:21:57 219] ivw        331  auw:  udata(880cbb28) 4  
[2017/07/13 11:21:57 239] ivw        383  IVW_MSG_AUW  
[2017/07/13 11:21:57 239] ivw        331  auw:  udata(880cbbc8) 4  
[2017/07/13 11:21:57 259] ivw        383  IVW_MSG_AUW  
[2017/07/13 11:21:57 259] ivw        331  auw:  udata(880cbcc8) 4  
[2017/07/13 11:21:57 279] ivw        383  IVW_MSG_AUW  
[2017/07/13 11:21:57 279] ivw        331  auw:  udata(880cbd18) 4  
[2017/07/13 11:21:57 299] ivw        383  IVW_MSG_AUW  
[2017/07/13 11:21:57 299] ivw        331  auw:  udata(880cbdb8) 4  
[2017/07/13 11:21:57 319] ivw        383  IVW_MSG_AUW  
[2017/07/13 11:21:57 319] ivw        331  auw:  udata(8801bb28) 4  
[2017/07/13 11:21:57 339] ivw        383  IVW_MSG_AUW  
[2017/07/13 11:21:57 339] ivw        331  auw:  udata(8801bb78) 4  
[2017/07/13 11:21:57 359] ivw        383  IVW_MSG_AUW  
[2017/07/13 11:21:57 359] ivw        331  auw:  udata(8801bc18) 4  
[2017/07/13 11:21:57 379] ivw        383  IVW_MSG_AUW  
[2017/07/13 11:21:57 379] ivw        331  auw:  udata(8801bd18) 4  
[2017/07/13 11:21:57 399] ivw        383  IVW_MSG_AUW  
[2017/07/13 11:21:57 399] ivw        331  auw:  udata(8801bd68) 4  
[2017/07/13 11:21:57 419] ivw        383  IVW_MSG_AUW  
[2017/07/13 11:21:57 419] ivw        331  auw:  udata(8801be08) 4  
[2017/07/13 11:21:57 440] ivw        383  IVW_MSG_AUW  
[2017/07/13 11:21:57 440] ivw        331  auw:  udata(8801bf08) 4  
[2017/07/13 11:21:57 460] ivw        383  IVW_MSG_AUW  
[2017/07/13 11:21:57 460] ivw        331  auw:  udata(8801bf58) 4  
[2017/07/13 11:21:57 489] ivw        383  IVW_MSG_AUW  
[2017/07/13 11:21:57 489] ivw        331  auw:  udata(8801bff8) 4  
[2017/07/13 11:21:57 489] ivw        383  IVW_MSG_AUW  
[2017/07/13 11:21:57 489] ivw        331  auw:  udata(8801c0f8) 4  
[2017/07/13 11:21:57 509] ivw        383  IVW_MSG_AUW  
[2017/07/13 11:21:57 509] ivw        331  auw:  udata(8801c148) 4  
[2017/07/13 11:21:57 529] ivw        383  IVW_MSG_AUW  
[2017/07/13 11:21:57 529] ivw        331  auw:  udata(8801c1e8) 4  
[2017/07/13 11:21:57 549] ivw        383  IVW_MSG_AUW  
[2017/07/13 11:21:57 549] ivw        331  auw:  udata(8801c2e8) 4  
[2017/07/13 11:21:57 569] ivw        383  IVW_MSG_AUW  
[2017/07/13 11:21:57 569] ivw        331  auw:  udata(8801c338) 4  
[2017/07/13 11:21:57 589] ivw        383  IVW_MSG_AUW  
[2017/07/13 11:21:57 589] ivw        331  auw:  udata(8801c3d8) 4  
[2017/07/13 11:21:57 609] ivw        383  IVW_MSG_AUW  
[2017/07/13 11:21:57 609] ivw        331  auw:  udata(8801c4d8) 4  
[2017/07/13 11:21:57 629] ivw        383  IVW_MSG_AUW  
[2017/07/13 11:21:57 629] ivw        331  auw:  udata(8801c528) 4  
[2017/07/13 11:21:57 649] ivw        383  IVW_MSG_AUW  
[2017/07/13 11:21:57 649] ivw        331  auw:  udata(8801c5c8) 4  
[2017/07/13 11:21:57 670] ivw        383  IVW_MSG_AUW  
[2017/07/13 11:21:57 670] ivw        331  auw:  udata(880c0fe8) 4  
[2017/07/13 11:21:57 690] ivw        383  IVW_MSG_AUW  
[2017/07/13 11:21:57 690] ivw        331  auw:  udata(880c1038) 4  
[2017/07/13 11:21:57 710] ivw        383  IVW_MSG_AUW  
[2017/07/13 11:21:57 710] ivw        331  auw:  udata(880c10d8) 4  
[2017/07/13 11:21:57 730] ivw        383  IVW_MSG_AUW  
[2017/07/13 11:21:57 730] ivw        331  auw:  udata(880c11d8) 4  
[2017/07/13 11:21:57 750] ivw        383  IVW_MSG_AUW  
[2017/07/13 11:21:57 750] ivw        331  auw:  udata(880c1228) 4  
[2017/07/13 11:21:57 770] ivw        383  IVW_MSG_AUW  
[2017/07/13 11:21:57 770] ivw        331  auw:  udata(880c12c8) 4  
[2017/07/13 11:21:57 790] ivw        383  IVW_MSG_AUW  
[2017/07/13 11:21:57 790] ivw        331  auw:  udata(880c13c8) 4  
[2017/07/13 11:21:57 810] ivw        383  IVW_MSG_AUW  
[2017/07/13 11:21:57 810] ivw        331  auw:  udata(880c1418) 4  
[2017/07/13 11:21:57 830] ivw        383  IVW_MSG_AUW  
[2017/07/13 11:21:57 830] ivw        331  auw:  udata(880c14b8) 4  
[2017/07/13 11:21:57 850] ivw        383  IVW_MSG_AUW  
[2017/07/13 11:21:57 850] ivw        331  auw:  udata(880c15b8) 4  
[2017/07/13 11:21:57 871] ivw        383  IVW_MSG_AUW  
[2017/07/13 11:21:57 871] ivw        331  auw:  udata(880c1608) 4  
[2017/07/13 11:21:57 891] ivw        383  IVW_MSG_AUW  
[2017/07/13 11:21:57 891] ivw        331  auw:  udata(880c16a8) 4  
[2017/07/13 11:21:57 911] ivw        383  IVW_MSG_AUW  
[2017/07/13 11:21:57 911] ivw        331  auw:  udata(880c17a8) 4  
[2017/07/13 11:21:57 931] ivw        383  IVW_MSG_AUW  
[2017/07/13 11:21:57 931] ivw        331  auw:  udata(880c1b38) 4  
[2017/07/13 11:21:57 951] ivw        383  IVW_MSG_AUW  
[2017/07/13 11:21:57 951] ivw        331  auw:  udata(880c1848) 4  
[2017/07/13 11:21:57 970] ivw        383  IVW_MSG_AUW  
[2017/07/13 11:21:57 970] ivw        331  auw:  udata(880c1998) 4  
[2017/07/13 11:21:57 990] ivw        383  IVW_MSG_AUW  
[2017/07/13 11:21:57 990] ivw        331  auw:  udata(880c19e8) 4  
[2017/07/13 11:21:58 011] ivw        383  IVW_MSG_AUW  
[2017/07/13 11:21:58 011] ivw        331  auw:  udata(880c1a88) 4  
[2017/07/13 11:21:58 031] ivw        383  IVW_MSG_AUW  
[2017/07/13 11:21:58 031] ivw        331  auw:  udata(880dc388) 4  
[2017/07/13 11:21:58 051] ivw        383  IVW_MSG_AUW  
[2017/07/13 11:21:58 051] ivw        331  auw:  udata(880dc3d8) 4  
[2017/07/13 11:21:58 071] ivw        383  IVW_MSG_AUW  
[2017/07/13 11:21:58 071] ivw        331  auw:  udata(880dc478) 4  
[2017/07/13 11:21:58 091] ivw        383  IVW_MSG_AUW  
[2017/07/13 11:21:58 091] ivw        331  auw:  udata(880dc578) 4  
[2017/07/13 11:21:58 111] ivw        383  IVW_MSG_AUW  
[2017/07/13 11:21:58 111] ivw        331  auw:  udata(880dc5c8) 4  
[2017/07/13 11:21:58 131] ivw        383  IVW_MSG_AUW  
[2017/07/13 11:21:58 131] ivw        331  auw:  udata(880dc668) 4  
[2017/07/13 11:21:58 151] ivw        383  IVW_MSG_AUW  
[2017/07/13 11:21:58 151] ivw        331  auw:  udata(880dc768) 4  
[2017/07/13 11:21:58 171] ivw        383  IVW_MSG_AUW  
[2017/07/13 11:21:58 172] ivw        331  auw:  udata(880dc7b8) 4  
[2017/07/13 11:21:58 192] ivw        383  IVW_MSG_AUW  
[2017/07/13 11:21:58 192] ivw        331  auw:  udata(880dc858) 4  
[2017/07/13 11:21:58 212] ivw        383  IVW_MSG_AUW  
[2017/07/13 11:21:58 212] ivw        331  auw:  udata(880dc958) 4  
[2017/07/13 11:21:58 232] ivw        383  IVW_MSG_AUW  
[2017/07/13 11:21:58 232] ivw        331  auw:  udata(880dc9a8) 4  
[2017/07/13 11:21:58 252] ivw        383  IVW_MSG_AUW  
[2017/07/13 11:21:58 252] ivw        331  auw:  udata(880dca48) 4  
[2017/07/13 11:21:58 271] ivw        383  IVW_MSG_AUW  
[2017/07/13 11:21:58 271] ivw        331  auw:  udata(880dcb48) 4  
[2017/07/13 11:21:58 291] ivw        383  IVW_MSG_AUW  
[2017/07/13 11:21:58 291] ivw        331  auw:  udata(880dcb98) 4  
[2017/07/13 11:21:58 311] ivw        383  IVW_MSG_AUW  
[2017/07/13 11:21:58 312] ivw        331  auw:  udata(880dcc38) 4  
[2017/07/13 11:21:58 332] ivw        383  IVW_MSG_AUW  
[2017/07/13 11:21:58 332] ivw        331  auw:  udata(880dcd38) 4  
[2017/07/13 11:21:58 352] ivw        383  IVW_MSG_AUW  
[2017/07/13 11:21:58 352] ivw        331  auw:  udata(880dd0c8) 4  
[2017/07/13 11:21:58 372] ivw        383  IVW_MSG_AUW  
[2017/07/13 11:21:58 372] ivw        331  auw:  udata(880dcdd8) 4  
[2017/07/13 11:21:58 392] ivw        383  IVW_MSG_AUW  
[2017/07/13 11:21:58 392] ivw        331  auw:  udata(880dcf28) 4  
[2017/07/13 11:21:58 411] ivw        383  IVW_MSG_AUW  
[2017/07/13 11:21:58 411] ivw        331  auw:  udata(880dcf78) 4  
[2017/07/13 11:21:58 431] ivw        383  IVW_MSG_AUW  
[2017/07/13 11:21:58 431] ivw        331  auw:  udata(880dd018) 4  
[2017/07/13 11:21:58 451] ivw        383  IVW_MSG_AUW  
[2017/07/13 11:21:58 451] ivw        331  auw:  udata(880cf918) 4  
[2017/07/13 11:21:58 471] ivw        383  IVW_MSG_AUW  
[2017/07/13 11:21:58 471] ivw        331  auw:  udata(880cf968) 4  
[2017/07/13 11:21:58 492] ivw        383  IVW_MSG_AUW  
[2017/07/13 11:21:58 492] ivw        331  auw:  udata(880cfa08) 4  
[2017/07/13 11:21:58 512] ivw        383  IVW_MSG_AUW  
[2017/07/13 11:21:58 512] ivw        331  auw:  udata(880cfb08) 4  
[2017/07/13 11:21:58 532] ivw        383  IVW_MSG_AUW  
[2017/07/13 11:21:58 532] ivw        331  auw:  udata(880cfb58) 4  
[2017/07/13 11:21:58 551] ivw        383  IVW_MSG_AUW  
[2017/07/13 11:21:58 551] ivw        331  auw:  udata(880cfbf8) 4  
[2017/07/13 11:21:58 571] ivw        383  IVW_MSG_AUW  
[2017/07/13 11:21:58 571] ivw        331  auw:  udata(880cfcf8) 4  
[2017/07/13 11:21:58 591] ivw        383  IVW_MSG_AUW  
[2017/07/13 11:21:58 591] ivw        331  auw:  udata(880cfd48) 4  
[2017/07/13 11:21:58 611] ivw        383  IVW_MSG_AUW  
[2017/07/13 11:21:58 611] ivw        331  auw:  udata(880cfde8) 4  
[2017/07/13 11:21:58 632] ivw        383  IVW_MSG_AUW  
[2017/07/13 11:21:58 632] ivw        331  auw:  udata(880cfee8) 4  
[2017/07/13 11:21:58 652] ivw        383  IVW_MSG_AUW  
[2017/07/13 11:21:58 652] ivw        331  auw:  udata(880cff38) 4  
[2017/07/13 11:21:58 672] ivw        383  IVW_MSG_AUW  
[2017/07/13 11:21:58 672] ivw        331  auw:  udata(880cffd8) 4  
[2017/07/13 11:21:58 692] ivw        383  IVW_MSG_AUW  
[2017/07/13 11:21:58 692] ivw        331  auw:  udata(880d00d8) 4  
[2017/07/13 11:21:58 712] ivw        383  IVW_MSG_AUW  
[2017/07/13 11:21:58 712] ivw        331  auw:  udata(880d0128) 4  
[2017/07/13 11:21:58 732] ivw        383  IVW_MSG_AUW  
[2017/07/13 11:21:58 732] ivw        331  auw:  udata(880d01c8) 4  
[2017/07/13 11:21:58 760] ivw        383  IVW_MSG_AUW  
[2017/07/13 11:21:58 760] ivw        331  auw:  udata(880d02c8) 4  
[2017/07/13 11:21:58 780] ivw        383  IVW_MSG_AUW  
[2017/07/13 11:21:58 780] ivw        331  auw:  udata(880d0318) 4  
[2017/07/13 11:21:58 800] ivw        383  IVW_MSG_AUW  
[2017/07/13 11:21:58 800] ivw        331  auw:  udata(880d03b8) 4  
[2017/07/13 11:21:58 820] ivw        383  IVW_MSG_AUW  
[2017/07/13 11:21:58 820] ivw        331  auw:  udata(880d04b8) 4  
[2017/07/13 11:21:58 840] ivw        383  IVW_MSG_AUW  
[2017/07/13 11:21:58 840] ivw        331  auw:  udata(880d0508) 4  
[2017/07/13 11:21:58 860] ivw        383  IVW_MSG_AUW  
[2017/07/13 11:21:58 860] ivw        331  auw:  udata(880d05a8) 4  
[2017/07/13 11:21:58 880] ivw        383  IVW_MSG_AUW  
[2017/07/13 11:21:58 880] ivw        331  auw:  udata(880d06a8) 4  
[2017/07/13 11:21:58 900] ivw        383  IVW_MSG_AUW  
[2017/07/13 11:21:58 900] ivw        331  auw:  udata(880d06f8) 4  
[2017/07/13 11:21:58 921] ivw        383  IVW_MSG_AUW  
[2017/07/13 11:21:58 921] ivw        331  auw:  udata(880d0798) 4  
[2017/07/13 11:21:58 941] ivw        383  IVW_MSG_AUW  
[2017/07/13 11:21:58 941] ivw        331  auw:  udata(880d0898) 4  
[2017/07/13 11:21:58 961] ivw        383  IVW_MSG_AUW  
[2017/07/13 11:21:58 961] ivw        331  auw:  udata(880d08e8) 4  
[2017/07/13 11:21:58 981] ivw        383  IVW_MSG_AUW  
[2017/07/13 11:21:58 981] ivw        331  auw:  udata(880d0988) 4  
[2017/07/13 11:21:59 001] ivw        383  IVW_MSG_AUW  
[2017/07/13 11:21:59 001] ivw        331  auw:  udata(880d0a88) 4  
[2017/07/13 11:21:59 020] ivw        383  IVW_MSG_AUW  
[2017/07/13 11:21:59 020] ivw        331  auw:  udata(880d0ad8) 4  
[2017/07/13 11:21:59 041] ivw        383  IVW_MSG_AUW  
[2017/07/13 11:21:59 041] ivw        331  auw:  udata(880d0b78) 4  
[2017/07/13 11:21:59 061] ivw        383  IVW_MSG_AUW  
[2017/07/13 11:21:59 061] ivw        331  auw:  udata(880d0c78) 4  
[2017/07/13 11:21:59 081] ivw        383  IVW_MSG_AUW  
[2017/07/13 11:21:59 081] ivw        331  auw:  udata(880d0cc8) 4  
[2017/07/13 11:21:59 101] ivw        383  IVW_MSG_AUW  
[2017/07/13 11:21:59 101] ivw        331  auw:  udata(880d0d68) 4  
