============================================================
Time  2017/07/13 11:28:48 181 
============================================================
[2017/07/13 11:28:48 181] ivw        420  ivw loaded!  
[2017/07/13 11:28:48 181] ivw        408  SYS_MSG_REGCB  msp_status_cb  func(980997d0) 
[2017/07/13 11:28:48 183] ivw        375  IVW_MSG_SSB  
[2017/07/13 11:28:48 183] ivw        230  ssb:  nil  
[2017/07/13 11:28:48 183] ivw        248  net_type:  standard  
[2017/07/13 11:28:48 183] ivw        408  SYS_MSG_REGCB  MsgProcCallBack  func(980bca10) 
[2017/07/13 11:28:48 185] ivw        134  ivwMessageCallBack  2001  822a6c4876676d0b44c91fc3f264e0df  nil  nil  
[2017/07/13 11:28:48 204] ivw        383  IVW_MSG_AUW  
[2017/07/13 11:28:48 204] ivw        331  auw:  udata(980411e8) 4  
[2017/07/13 11:28:48 224] ivw        383  IVW_MSG_AUW  
[2017/07/13 11:28:48 224] ivw        331  auw:  udata(980bcd18) 4  
[2017/07/13 11:28:48 244] ivw        383  IVW_MSG_AUW  
[2017/07/13 11:28:48 244] ivw        331  auw:  udata(9809be18) 4  
[2017/07/13 11:28:48 264] ivw        383  IVW_MSG_AUW  
[2017/07/13 11:28:48 264] ivw        331  auw:  udata(9809c7b8) 4  
[2017/07/13 11:28:48 284] ivw        383  IVW_MSG_AUW  
[2017/07/13 11:28:48 284] ivw        331  auw:  udata(980c25f8) 4  
[2017/07/13 11:28:48 304] ivw        383  IVW_MSG_AUW  
[2017/07/13 11:28:48 304] ivw        331  auw:  udata(980c2648) 4  
[2017/07/13 11:28:48 324] ivw        383  IVW_MSG_AUW  
[2017/07/13 11:28:48 324] ivw        331  auw:  udata(98066108) 4  
[2017/07/13 11:28:48 344] ivw        383  IVW_MSG_AUW  
[2017/07/13 11:28:48 344] ivw        331  auw:  udata(9809d338) 4  
[2017/07/13 11:28:48 364] ivw        383  IVW_MSG_AUW  
[2017/07/13 11:28:48 364] ivw        331  auw:  udata(980918f8) 4  
[2017/07/13 11:28:48 384] ivw        383  IVW_MSG_AUW  
[2017/07/13 11:28:48 384] ivw        331  auw:  udata(980bcaa8) 4  
[2017/07/13 11:28:48 404] ivw        383  IVW_MSG_AUW  
[2017/07/13 11:28:48 404] ivw        331  auw:  udata(98087c48) 4  
[2017/07/13 11:28:48 424] ivw        383  IVW_MSG_AUW  
[2017/07/13 11:28:48 424] ivw        331  auw:  udata(980d8878) 4  
[2017/07/13 11:28:48 445] ivw        383  IVW_MSG_AUW  
[2017/07/13 11:28:48 445] ivw        331  auw:  udata(980db098) 4  
[2017/07/13 11:28:48 465] ivw        383  IVW_MSG_AUW  
[2017/07/13 11:28:48 465] ivw        331  auw:  udata(98066568) 4  
[2017/07/13 11:28:48 485] ivw        383  IVW_MSG_AUW  
[2017/07/13 11:28:48 485] ivw        331  auw:  udata(980917d8) 4  
[2017/07/13 11:28:48 505] ivw        383  IVW_MSG_AUW  
[2017/07/13 11:28:48 505] ivw        331  auw:  udata(98091878) 4  
[2017/07/13 11:28:48 525] ivw        383  IVW_MSG_AUW  
[2017/07/13 11:28:48 526] ivw        331  auw:  udata(9803e7f8) 4  
[2017/07/13 11:28:48 546] ivw        383  IVW_MSG_AUW  
[2017/07/13 11:28:48 546] ivw        331  auw:  udata(9803e898) 4  
[2017/07/13 11:28:48 566] ivw        383  IVW_MSG_AUW  
[2017/07/13 11:28:48 566] ivw        331  auw:  udata(9809f138) 4  
[2017/07/13 11:28:48 586] ivw        383  IVW_MSG_AUW  
[2017/07/13 11:28:48 586] ivw        331  auw:  udata(9809f188) 4  
[2017/07/13 11:28:48 606] ivw        383  IVW_MSG_AUW  
[2017/07/13 11:28:48 606] ivw        331  auw:  udata(98087fb8) 4  
[2017/07/13 11:28:48 626] ivw        383  IVW_MSG_AUW  
[2017/07/13 11:28:48 626] ivw        331  auw:  udata(98088008) 4  
[2017/07/13 11:28:48 646] ivw        383  IVW_MSG_AUW  
[2017/07/13 11:28:48 646] ivw        331  auw:  udata(980880a8) 4  
[2017/07/13 11:28:48 666] ivw        383  IVW_MSG_AUW  
[2017/07/13 11:28:48 666] ivw        331  auw:  udata(98005b38) 4  
[2017/07/13 11:28:48 686] ivw        383  IVW_MSG_AUW  
[2017/07/13 11:28:48 686] ivw        331  auw:  udata(98005ec8) 4  
[2017/07/13 11:28:48 706] ivw        383  IVW_MSG_AUW  
[2017/07/13 11:28:48 706] ivw        331  auw:  udata(98005b88) 4  
[2017/07/13 11:28:48 727] ivw        383  IVW_MSG_AUW  
[2017/07/13 11:28:48 727] ivw        331  auw:  udata(98005c28) 4  
[2017/07/13 11:28:48 747] ivw        383  IVW_MSG_AUW  
[2017/07/13 11:28:48 747] ivw        331  auw:  udata(98005d28) 4  
[2017/07/13 11:28:48 767] ivw        383  IVW_MSG_AUW  
[2017/07/13 11:28:48 767] ivw        331  auw:  udata(98005d78) 4  
[2017/07/13 11:28:48 787] ivw        383  IVW_MSG_AUW  
[2017/07/13 11:28:48 787] ivw        331  auw:  udata(98005e18) 4  
[2017/07/13 11:28:48 807] ivw        383  IVW_MSG_AUW  
[2017/07/13 11:28:48 807] ivw        331  auw:  udata(980308c8) 4  
[2017/07/13 11:28:48 826] ivw        383  IVW_MSG_AUW  
[2017/07/13 11:28:48 826] ivw        331  auw:  udata(98030c58) 4  
[2017/07/13 11:28:48 847] ivw        383  IVW_MSG_AUW  
[2017/07/13 11:28:48 847] ivw        331  auw:  udata(98030968) 4  
[2017/07/13 11:28:48 867] ivw        383  IVW_MSG_AUW  
[2017/07/13 11:28:48 867] ivw        331  auw:  udata(98030ab8) 4  
[2017/07/13 11:28:48 887] ivw        383  IVW_MSG_AUW  
[2017/07/13 11:28:48 887] ivw        331  auw:  udata(98030b08) 4  
[2017/07/13 11:28:48 907] ivw        383  IVW_MSG_AUW  
[2017/07/13 11:28:48 907] ivw        331  auw:  udata(98030ba8) 4  
[2017/07/13 11:28:48 927] ivw        383  IVW_MSG_AUW  
[2017/07/13 11:28:48 927] ivw        331  auw:  udata(9808e2b8) 4  
[2017/07/13 11:28:48 946] ivw        383  IVW_MSG_AUW  
[2017/07/13 11:28:48 946] ivw        331  auw:  udata(9808e648) 4  
[2017/07/13 11:28:48 966] ivw        383  IVW_MSG_AUW  
[2017/07/13 11:28:48 966] ivw        331  auw:  udata(9808e308) 4  
[2017/07/13 11:28:48 987] ivw        383  IVW_MSG_AUW  
[2017/07/13 11:28:48 987] ivw        331  auw:  udata(9808e3a8) 4  
[2017/07/13 11:28:49 007] ivw        383  IVW_MSG_AUW  
[2017/07/13 11:28:49 007] ivw        331  auw:  udata(9808e4a8) 4  
[2017/07/13 11:28:49 027] ivw        383  IVW_MSG_AUW  
[2017/07/13 11:28:49 027] ivw        331  auw:  udata(9808e4f8) 4  
[2017/07/13 11:28:49 047] ivw        383  IVW_MSG_AUW  
[2017/07/13 11:28:49 047] ivw        331  auw:  udata(9808e598) 4  
[2017/07/13 11:28:49 067] ivw        383  IVW_MSG_AUW  
[2017/07/13 11:28:49 067] ivw        331  auw:  udata(980c8e88) 4  
[2017/07/13 11:28:49 087] ivw        383  IVW_MSG_AUW  
[2017/07/13 11:28:49 087] ivw        331  auw:  udata(980c9218) 4  
[2017/07/13 11:28:49 107] ivw        383  IVW_MSG_AUW  
[2017/07/13 11:28:49 107] ivw        331  auw:  udata(980c8f28) 4  
[2017/07/13 11:28:49 128] ivw        383  IVW_MSG_AUW  
[2017/07/13 11:28:49 128] ivw        331  auw:  udata(980c9078) 4  
[2017/07/13 11:28:49 148] ivw        383  IVW_MSG_AUW  
[2017/07/13 11:28:49 148] ivw        331  auw:  udata(980c90c8) 4  
[2017/07/13 11:28:49 168] ivw        383  IVW_MSG_AUW  
[2017/07/13 11:28:49 168] ivw        331  auw:  udata(980c9168) 4  
[2017/07/13 11:28:49 188] ivw        383  IVW_MSG_AUW  
[2017/07/13 11:28:49 188] ivw        331  auw:  udata(9803bc68) 4  
[2017/07/13 11:28:49 208] ivw        383  IVW_MSG_AUW  
[2017/07/13 11:28:49 208] ivw        331  auw:  udata(9803bff8) 4  
[2017/07/13 11:28:49 228] ivw        383  IVW_MSG_AUW  
[2017/07/13 11:28:49 228] ivw        331  auw:  udata(9803bcb8) 4  
[2017/07/13 11:28:49 248] ivw        383  IVW_MSG_AUW  
[2017/07/13 11:28:49 248] ivw        331  auw:  udata(9803bd58) 4  
[2017/07/13 11:28:49 268] ivw        383  IVW_MSG_AUW  
[2017/07/13 11:28:49 268] ivw        331  auw:  udata(9803be58) 4  
[2017/07/13 11:28:49 288] ivw        383  IVW_MSG_AUW  
[2017/07/13 11:28:49 288] ivw        331  auw:  udata(9803bea8) 4  
[2017/07/13 11:28:49 309] ivw        383  IVW_MSG_AUW  
[2017/07/13 11:28:49 309] ivw        331  auw:  udata(9803bf48) 4  
[2017/07/13 11:28:49 329] ivw        383  IVW_MSG_AUW  
[2017/07/13 11:28:49 329] ivw        331  auw:  udata(980bd348) 4  
[2017/07/13 11:28:49 348] ivw        383  IVW_MSG_AUW  
[2017/07/13 11:28:49 348] ivw        331  auw:  udata(980bd6d8) 4  
[2017/07/13 11:28:49 368] ivw        383  IVW_MSG_AUW  
[2017/07/13 11:28:49 368] ivw        331  auw:  udata(980bd3e8) 4  
[2017/07/13 11:28:49 388] ivw        383  IVW_MSG_AUW  
[2017/07/13 11:28:49 388] ivw        331  auw:  udata(980bd538) 4  
[2017/07/13 11:28:49 408] ivw        383  IVW_MSG_AUW  
[2017/07/13 11:28:49 408] ivw        331  auw:  udata(980bd588) 4  
[2017/07/13 11:28:49 429] ivw        383  IVW_MSG_AUW  
[2017/07/13 11:28:49 429] ivw        331  auw:  udata(980bd628) 4  
[2017/07/13 11:28:49 450] ivw        383  IVW_MSG_AUW  
[2017/07/13 11:28:49 450] ivw        331  auw:  udata(980dbbb8) 4  
[2017/07/13 11:28:49 478] ivw        383  IVW_MSG_AUW  
[2017/07/13 11:28:49 478] ivw        331  auw:  udata(980dbc08) 4  
[2017/07/13 11:28:49 478] ivw        383  IVW_MSG_AUW  
[2017/07/13 11:28:49 478] ivw        331  auw:  udata(980dbc58) 4  
[2017/07/13 11:28:49 498] ivw        383  IVW_MSG_AUW  
[2017/07/13 11:28:49 498] ivw        331  auw:  udata(980dc288) 4  
[2017/07/13 11:28:49 518] ivw        383  IVW_MSG_AUW  
[2017/07/13 11:28:49 518] ivw        331  auw:  udata(980dc328) 4  
[2017/07/13 11:28:49 538] ivw        383  IVW_MSG_AUW  
[2017/07/13 11:28:49 538] ivw        331  auw:  udata(980dbda8) 4  
[2017/07/13 11:28:49 558] ivw        383  IVW_MSG_AUW  
[2017/07/13 11:28:49 558] ivw        331  auw:  udata(980dc0e8) 4  
[2017/07/13 11:28:49 578] ivw        383  IVW_MSG_AUW  
[2017/07/13 11:28:49 578] ivw        331  auw:  udata(980dbdf8) 4  
[2017/07/13 11:28:49 598] ivw        383  IVW_MSG_AUW  
[2017/07/13 11:28:49 598] ivw        331  auw:  udata(980dbe98) 4  
[2017/07/13 11:28:49 619] ivw        383  IVW_MSG_AUW  
[2017/07/13 11:28:49 619] ivw        331  auw:  udata(980dbf48) 4  
[2017/07/13 11:28:49 639] ivw        383  IVW_MSG_AUW  
[2017/07/13 11:28:49 639] ivw        331  auw:  udata(980dbf98) 4  
[2017/07/13 11:28:49 658] ivw        383  IVW_MSG_AUW  
[2017/07/13 11:28:49 658] ivw        331  auw:  udata(980dc038) 4  
[2017/07/13 11:28:49 678] ivw        383  IVW_MSG_AUW  
[2017/07/13 11:28:49 678] ivw        331  auw:  udata(980dc468) 4  
[2017/07/13 11:28:49 698] ivw        383  IVW_MSG_AUW  
[2017/07/13 11:28:49 698] ivw        331  auw:  udata(980dc4b8) 4  
[2017/07/13 11:28:49 718] ivw        383  IVW_MSG_AUW  
[2017/07/13 11:28:49 718] ivw        331  auw:  udata(980dc558) 4  
[2017/07/13 11:28:49 739] ivw        383  IVW_MSG_AUW  
[2017/07/13 11:28:49 739] ivw        331  auw:  udata(98075418) 4  
[2017/07/13 11:28:49 759] ivw        383  IVW_MSG_AUW  
[2017/07/13 11:28:49 759] ivw        331  auw:  udata(980754b8) 4  
[2017/07/13 11:28:49 779] ivw        383  IVW_MSG_AUW  
[2017/07/13 11:28:49 779] ivw        331  auw:  udata(980dc7f8) 4  
[2017/07/13 11:28:49 798] ivw        383  IVW_MSG_AUW  
[2017/07/13 11:28:49 798] ivw        331  auw:  udata(980dc848) 4  
[2017/07/13 11:28:49 818] ivw        383  IVW_MSG_AUW  
[2017/07/13 11:28:49 818] ivw        331  auw:  udata(980dc8e8) 4  
[2017/07/13 11:28:49 838] ivw        383  IVW_MSG_AUW  
[2017/07/13 11:28:49 838] ivw        331  auw:  udata(980ce0e8) 4  
[2017/07/13 11:28:49 858] ivw        383  IVW_MSG_AUW  
[2017/07/13 11:28:49 858] ivw        331  auw:  udata(980ce138) 4  
[2017/07/13 11:28:49 879] ivw        383  IVW_MSG_AUW  
[2017/07/13 11:28:49 879] ivw        331  auw:  udata(980ce1d8) 4  
[2017/07/13 11:28:49 899] ivw        383  IVW_MSG_AUW  
[2017/07/13 11:28:49 899] ivw        331  auw:  udata(980ce2d8) 4  
[2017/07/13 11:28:49 919] ivw        383  IVW_MSG_AUW  
[2017/07/13 11:28:49 919] ivw        331  auw:  udata(980ce328) 4  
[2017/07/13 11:28:49 939] ivw        383  IVW_MSG_AUW  
[2017/07/13 11:28:49 939] ivw        331  auw:  udata(980ce3c8) 4  
[2017/07/13 11:28:49 959] ivw        383  IVW_MSG_AUW  
[2017/07/13 11:28:49 959] ivw        331  auw:  udata(980ce4c8) 4  
[2017/07/13 11:28:49 979] ivw        383  IVW_MSG_AUW  
[2017/07/13 11:28:49 979] ivw        331  auw:  udata(980ce518) 4  
[2017/07/13 11:28:49 999] ivw        383  IVW_MSG_AUW  
[2017/07/13 11:28:49 999] ivw        331  auw:  udata(980ce5b8) 4  
[2017/07/13 11:28:50 019] ivw        383  IVW_MSG_AUW  
[2017/07/13 11:28:50 019] ivw        331  auw:  udata(980ce6b8) 4  
[2017/07/13 11:28:50 039] ivw        383  IVW_MSG_AUW  
[2017/07/13 11:28:50 039] ivw        331  auw:  udata(980ce708) 4  
[2017/07/13 11:28:50 060] ivw        383  IVW_MSG_AUW  
[2017/07/13 11:28:50 060] ivw        331  auw:  udata(980ce7a8) 4  
[2017/07/13 11:28:50 080] ivw        383  IVW_MSG_AUW  
[2017/07/13 11:28:50 080] ivw        331  auw:  udata(980ce8a8) 4  
[2017/07/13 11:28:50 100] ivw        383  IVW_MSG_AUW  
[2017/07/13 11:28:50 100] ivw        331  auw:  udata(980ce8f8) 4  
[2017/07/13 11:28:50 120] ivw        383  IVW_MSG_AUW  
[2017/07/13 11:28:50 120] ivw        331  auw:  udata(980ce998) 4  
[2017/07/13 11:28:50 140] ivw        383  IVW_MSG_AUW  
[2017/07/13 11:28:50 140] ivw        331  auw:  udata(980cea98) 4  
[2017/07/13 11:28:50 160] ivw        383  IVW_MSG_AUW  
[2017/07/13 11:28:50 160] ivw        331  auw:  udata(980ceae8) 4  
[2017/07/13 11:28:50 180] ivw        383  IVW_MSG_AUW  
[2017/07/13 11:28:50 180] ivw        331  auw:  udata(980ceb88) 4  
[2017/07/13 11:28:50 200] ivw        383  IVW_MSG_AUW  
[2017/07/13 11:28:50 200] ivw        331  auw:  udata(980cec88) 4  
[2017/07/13 11:28:50 220] ivw        383  IVW_MSG_AUW  
[2017/07/13 11:28:50 221] ivw        331  auw:  udata(980cf018) 4  
[2017/07/13 11:28:50 241] ivw        383  IVW_MSG_AUW  
[2017/07/13 11:28:50 241] ivw        331  auw:  udata(980ced28) 4  
[2017/07/13 11:28:50 261] ivw        383  IVW_MSG_AUW  
[2017/07/13 11:28:50 261] ivw        331  auw:  udata(980cee78) 4  
[2017/07/13 11:28:50 281] ivw        383  IVW_MSG_AUW  
[2017/07/13 11:28:50 281] ivw        331  auw:  udata(980ceec8) 4  
[2017/07/13 11:28:50 301] ivw        383  IVW_MSG_AUW  
[2017/07/13 11:28:50 301] ivw        331  auw:  udata(980cef68) 4  
[2017/07/13 11:28:50 321] ivw        383  IVW_MSG_AUW  
[2017/07/13 11:28:50 321] ivw        331  auw:  udata(980cf698) 4  
[2017/07/13 11:28:50 341] ivw        383  IVW_MSG_AUW  
[2017/07/13 11:28:50 341] ivw        331  auw:  udata(980cf6e8) 4  
[2017/07/13 11:28:50 361] ivw        383  IVW_MSG_AUW  
[2017/07/13 11:28:50 361] ivw        331  auw:  udata(980cf788) 4  
[2017/07/13 11:28:50 381] ivw        383  IVW_MSG_AUW  
[2017/07/13 11:28:50 381] ivw        331  auw:  udata(980cf888) 4  
[2017/07/13 11:28:50 401] ivw        383  IVW_MSG_AUW  
[2017/07/13 11:28:50 401] ivw        331  auw:  udata(980cf8d8) 4  
[2017/07/13 11:28:50 421] ivw        383  IVW_MSG_AUW  
[2017/07/13 11:28:50 421] ivw        331  auw:  udata(980cf978) 4  
[2017/07/13 11:28:50 441] ivw        383  IVW_MSG_AUW  
[2017/07/13 11:28:50 441] ivw        331  auw:  udata(980cfa78) 4  
[2017/07/13 11:28:50 461] ivw        383  IVW_MSG_AUW  
[2017/07/13 11:28:50 461] ivw        331  auw:  udata(980cfac8) 4  
[2017/07/13 11:28:50 481] ivw        383  IVW_MSG_AUW  
[2017/07/13 11:28:50 481] ivw        331  auw:  udata(980cfb68) 4  
[2017/07/13 11:28:50 501] ivw        383  IVW_MSG_AUW  
[2017/07/13 11:28:50 501] ivw        331  auw:  udata(980cfc68) 4  
[2017/07/13 11:28:50 521] ivw        383  IVW_MSG_AUW  
[2017/07/13 11:28:50 521] ivw        331  auw:  udata(980cfcb8) 4  
[2017/07/13 11:28:50 541] ivw        383  IVW_MSG_AUW  
[2017/07/13 11:28:50 542] ivw        331  auw:  udata(980cfd58) 4  
[2017/07/13 11:28:50 562] ivw        383  IVW_MSG_AUW  
[2017/07/13 11:28:50 562] ivw        331  auw:  udata(980cfe58) 4  
[2017/07/13 11:28:50 582] ivw        383  IVW_MSG_AUW  
[2017/07/13 11:28:50 582] ivw        331  auw:  udata(980cfea8) 4  
[2017/07/13 11:28:50 602] ivw        383  IVW_MSG_AUW  
[2017/07/13 11:28:50 602] ivw        331  auw:  udata(980cff48) 4  
[2017/07/13 11:28:50 622] ivw        383  IVW_MSG_AUW  
[2017/07/13 11:28:50 622] ivw        331  auw:  udata(980d0048) 4  
[2017/07/13 11:28:50 642] ivw        383  IVW_MSG_AUW  
[2017/07/13 11:28:50 642] ivw        331  auw:  udata(980d0098) 4  
[2017/07/13 11:28:50 662] ivw        383  IVW_MSG_AUW  
[2017/07/13 11:28:50 662] ivw        331  auw:  udata(980d0138) 4  
[2017/07/13 11:28:50 682] ivw        383  IVW_MSG_AUW  
[2017/07/13 11:28:50 682] ivw        331  auw:  udata(980d0238) 4  
[2017/07/13 11:28:50 703] ivw        383  IVW_MSG_AUW  
[2017/07/13 11:28:50 703] ivw        331  auw:  udata(980d0288) 4  
[2017/07/13 11:28:50 723] ivw        383  IVW_MSG_AUW  
[2017/07/13 11:28:50 723] ivw        331  auw:  udata(980d0328) 4  
[2017/07/13 11:28:50 748] ivw        383  IVW_MSG_AUW  
[2017/07/13 11:28:50 748] ivw        331  auw:  udata(980d0428) 4  
[2017/07/13 11:28:50 768] ivw        383  IVW_MSG_AUW  
[2017/07/13 11:28:50 768] ivw        331  auw:  udata(980d0478) 4  
[2017/07/13 11:28:50 788] ivw        383  IVW_MSG_AUW  
[2017/07/13 11:28:50 788] ivw        331  auw:  udata(980d0518) 4  
[2017/07/13 11:28:50 808] ivw        383  IVW_MSG_AUW  
[2017/07/13 11:28:50 808] ivw        331  auw:  udata(980d0618) 4  
[2017/07/13 11:28:50 829] ivw        383  IVW_MSG_AUW  
[2017/07/13 11:28:50 829] ivw        331  auw:  udata(980d0668) 4  
[2017/07/13 11:28:50 849] ivw        383  IVW_MSG_AUW  
[2017/07/13 11:28:50 849] ivw        331  auw:  udata(980d0708) 4  
[2017/07/13 11:28:50 869] ivw        383  IVW_MSG_AUW  
[2017/07/13 11:28:50 869] ivw        331  auw:  udata(980d0808) 4  
[2017/07/13 11:28:50 889] ivw        383  IVW_MSG_AUW  
[2017/07/13 11:28:50 889] ivw        331  auw:  udata(980d0858) 4  
[2017/07/13 11:28:50 909] ivw        383  IVW_MSG_AUW  
[2017/07/13 11:28:50 909] ivw        331  auw:  udata(980d08f8) 4  
[2017/07/13 11:28:50 929] ivw        383  IVW_MSG_AUW  
[2017/07/13 11:28:50 929] ivw        331  auw:  udata(980d09f8) 4  
[2017/07/13 11:28:50 949] ivw        383  IVW_MSG_AUW  
[2017/07/13 11:28:50 949] ivw        331  auw:  udata(980d0a48) 4  
[2017/07/13 11:28:50 969] ivw        383  IVW_MSG_AUW  
[2017/07/13 11:28:50 969] ivw        331  auw:  udata(980d0ae8) 4  
[2017/07/13 11:28:50 990] ivw        383  IVW_MSG_AUW  
[2017/07/13 11:28:50 990] ivw        331  auw:  udata(980d0be8) 4  
[2017/07/13 11:28:51 010] ivw        383  IVW_MSG_AUW  
[2017/07/13 11:28:51 010] ivw        331  auw:  udata(980d0c38) 4  
[2017/07/13 11:28:51 029] ivw        383  IVW_MSG_AUW  
[2017/07/13 11:28:51 029] ivw        331  auw:  udata(980d0cd8) 4  
[2017/07/13 11:28:51 049] ivw        383  IVW_MSG_AUW  
[2017/07/13 11:28:51 049] ivw        331  auw:  udata(980d0dd8) 4  
[2017/07/13 11:28:51 069] ivw        383  IVW_MSG_AUW  
[2017/07/13 11:28:51 069] ivw        331  auw:  udata(980d0e28) 4  
[2017/07/13 11:28:51 089] ivw        383  IVW_MSG_AUW  
[2017/07/13 11:28:51 089] ivw        331  auw:  udata(980d0ec8) 4  
[2017/07/13 11:28:51 109] ivw        383  IVW_MSG_AUW  
[2017/07/13 11:28:51 109] ivw        331  auw:  udata(980d0fc8) 4  
[2017/07/13 11:28:51 129] ivw        383  IVW_MSG_AUW  
[2017/07/13 11:28:51 129] ivw        331  auw:  udata(980d1018) 4  
[2017/07/13 11:28:51 149] ivw        383  IVW_MSG_AUW  
[2017/07/13 11:28:51 149] ivw        331  auw:  udata(980d10b8) 4  
[2017/07/13 11:28:51 170] ivw        383  IVW_MSG_AUW  
[2017/07/13 11:28:51 170] ivw        331  auw:  udata(980d11b8) 4  
[2017/07/13 11:28:51 189] ivw        383  IVW_MSG_AUW  
[2017/07/13 11:28:51 189] ivw        331  auw:  udata(980d1208) 4  
[2017/07/13 11:28:51 209] ivw        383  IVW_MSG_AUW  
[2017/07/13 11:28:51 209] ivw        331  auw:  udata(980d12a8) 4  
[2017/07/13 11:28:51 229] ivw        383  IVW_MSG_AUW  
[2017/07/13 11:28:51 229] ivw        331  auw:  udata(980d13a8) 4  
[2017/07/13 11:28:51 249] ivw        383  IVW_MSG_AUW  
[2017/07/13 11:28:51 249] ivw        331  auw:  udata(980d13f8) 4  
[2017/07/13 11:28:51 269] ivw        383  IVW_MSG_AUW  
[2017/07/13 11:28:51 269] ivw        331  auw:  udata(980d1498) 4  
[2017/07/13 11:28:51 289] ivw        383  IVW_MSG_AUW  
[2017/07/13 11:28:51 289] ivw        331  auw:  udata(980d1598) 4  
[2017/07/13 11:28:51 310] ivw        383  IVW_MSG_AUW  
[2017/07/13 11:28:51 310] ivw        331  auw:  udata(980d15e8) 4  
[2017/07/13 11:28:51 330] ivw        383  IVW_MSG_AUW  
[2017/07/13 11:28:51 330] ivw        331  auw:  udata(980d1688) 4  
[2017/07/13 11:28:51 350] ivw        383  IVW_MSG_AUW  
[2017/07/13 11:28:51 350] ivw        331  auw:  udata(980d1788) 4  
[2017/07/13 11:28:51 370] ivw        383  IVW_MSG_AUW  
[2017/07/13 11:28:51 370] ivw        331  auw:  udata(980d17d8) 4  
[2017/07/13 11:28:51 390] ivw        383  IVW_MSG_AUW  
[2017/07/13 11:28:51 390] ivw        331  auw:  udata(980d1878) 4  
[2017/07/13 11:28:51 410] ivw        383  IVW_MSG_AUW  
[2017/07/13 11:28:51 410] ivw        331  auw:  udata(980d1978) 4  
[2017/07/13 11:28:51 430] ivw        383  IVW_MSG_AUW  
[2017/07/13 11:28:51 430] ivw        331  auw:  udata(980d19c8) 4  
[2017/07/13 11:28:51 450] ivw        383  IVW_MSG_AUW  
[2017/07/13 11:28:51 450] ivw        331  auw:  udata(980d1a68) 4  
[2017/07/13 11:28:51 470] ivw        383  IVW_MSG_AUW  
[2017/07/13 11:28:51 470] ivw        331  auw:  udata(980d1b68) 4  
[2017/07/13 11:28:51 490] ivw        383  IVW_MSG_AUW  
[2017/07/13 11:28:51 490] ivw        331  auw:  udata(980d1bb8) 4  
[2017/07/13 11:28:51 510] ivw        383  IVW_MSG_AUW  
[2017/07/13 11:28:51 510] ivw        331  auw:  udata(980d1c58) 4  
[2017/07/13 11:28:51 530] ivw        383  IVW_MSG_AUW  
[2017/07/13 11:28:51 530] ivw        331  auw:  udata(980d1d58) 4  
[2017/07/13 11:28:51 550] ivw        383  IVW_MSG_AUW  
[2017/07/13 11:28:51 550] ivw        331  auw:  udata(980d1da8) 4  
[2017/07/13 11:28:51 570] ivw        383  IVW_MSG_AUW  
[2017/07/13 11:28:51 570] ivw        331  auw:  udata(980d1e48) 4  
[2017/07/13 11:28:51 590] ivw        383  IVW_MSG_AUW  
[2017/07/13 11:28:51 590] ivw        331  auw:  udata(980d1f48) 4  
[2017/07/13 11:28:51 610] ivw        383  IVW_MSG_AUW  
[2017/07/13 11:28:51 610] ivw        331  auw:  udata(980d1f98) 4  
[2017/07/13 11:28:51 630] ivw        383  IVW_MSG_AUW  
[2017/07/13 11:28:51 630] ivw        331  auw:  udata(980d2038) 4  
[2017/07/13 11:28:51 650] ivw        383  IVW_MSG_AUW  
[2017/07/13 11:28:51 650] ivw        331  auw:  udata(980d2138) 4  
[2017/07/13 11:28:51 670] ivw        383  IVW_MSG_AUW  
[2017/07/13 11:28:51 670] ivw        331  auw:  udata(980d2188) 4  
[2017/07/13 11:28:51 690] ivw        383  IVW_MSG_AUW  
[2017/07/13 11:28:51 690] ivw        331  auw:  udata(980d2228) 4  
[2017/07/13 11:28:51 710] ivw        383  IVW_MSG_AUW  
[2017/07/13 11:28:51 710] ivw        331  auw:  udata(980d2328) 4  
[2017/07/13 11:28:51 730] ivw        383  IVW_MSG_AUW  
[2017/07/13 11:28:51 730] ivw        331  auw:  udata(980d2378) 4  
[2017/07/13 11:28:51 750] ivw        383  IVW_MSG_AUW  
[2017/07/13 11:28:51 750] ivw        331  auw:  udata(980d2418) 4  
[2017/07/13 11:28:51 771] ivw        383  IVW_MSG_AUW  
[2017/07/13 11:28:51 771] ivw        331  auw:  udata(980d2518) 4  
[2017/07/13 11:28:51 791] ivw        383  IVW_MSG_AUW  
[2017/07/13 11:28:51 791] ivw        331  auw:  udata(980d2568) 4  
[2017/07/13 11:28:51 811] ivw        383  IVW_MSG_AUW  
[2017/07/13 11:28:51 811] ivw        331  auw:  udata(980d2608) 4  
[2017/07/13 11:28:51 831] ivw        383  IVW_MSG_AUW  
[2017/07/13 11:28:51 831] ivw        331  auw:  udata(980d2708) 4  
[2017/07/13 11:28:51 851] ivw        383  IVW_MSG_AUW  
[2017/07/13 11:28:51 851] ivw        331  auw:  udata(980d2758) 4  
[2017/07/13 11:28:51 871] ivw        383  IVW_MSG_AUW  
[2017/07/13 11:28:51 871] ivw        331  auw:  udata(980d27f8) 4  
[2017/07/13 11:28:51 891] ivw        383  IVW_MSG_AUW  
[2017/07/13 11:28:51 891] ivw        331  auw:  udata(980d28f8) 4  
[2017/07/13 11:28:51 911] ivw        383  IVW_MSG_AUW  
[2017/07/13 11:28:51 911] ivw        331  auw:  udata(980d2948) 4  
[2017/07/13 11:28:51 931] ivw        383  IVW_MSG_AUW  
[2017/07/13 11:28:51 931] ivw        331  auw:  udata(980d29e8) 4  
[2017/07/13 11:28:51 951] ivw        383  IVW_MSG_AUW  
[2017/07/13 11:28:51 952] ivw        331  auw:  udata(980d2ae8) 4  
[2017/07/13 11:28:51 972] ivw        383  IVW_MSG_AUW  
[2017/07/13 11:28:51 972] ivw        331  auw:  udata(980d2b38) 4  
[2017/07/13 11:28:51 992] ivw        383  IVW_MSG_AUW  
[2017/07/13 11:28:51 992] ivw        331  auw:  udata(980d2bd8) 4  
[2017/07/13 11:28:52 012] ivw        383  IVW_MSG_AUW  
[2017/07/13 11:28:52 012] ivw        331  auw:  udata(980d2cd8) 4  
[2017/07/13 11:28:52 032] ivw        383  IVW_MSG_AUW  
[2017/07/13 11:28:52 032] ivw        331  auw:  udata(980d2d28) 4  
[2017/07/13 11:28:52 052] ivw        383  IVW_MSG_AUW  
[2017/07/13 11:28:52 052] ivw        331  auw:  udata(980d2dc8) 4  
[2017/07/13 11:28:52 072] ivw        383  IVW_MSG_AUW  
[2017/07/13 11:28:52 072] ivw        331  auw:  udata(980d2ec8) 4  
[2017/07/13 11:28:52 092] ivw        383  IVW_MSG_AUW  
[2017/07/13 11:28:52 092] ivw        331  auw:  udata(980d2f18) 4  
[2017/07/13 11:28:52 112] ivw        383  IVW_MSG_AUW  
[2017/07/13 11:28:52 112] ivw        331  auw:  udata(980d2fb8) 4  
[2017/07/13 11:28:52 132] ivw        383  IVW_MSG_AUW  
[2017/07/13 11:28:52 133] ivw        331  auw:  udata(980d30b8) 4  
[2017/07/13 11:28:52 153] ivw        383  IVW_MSG_AUW  
[2017/07/13 11:28:52 153] ivw        331  auw:  udata(980d3108) 4  
[2017/07/13 11:28:52 173] ivw        383  IVW_MSG_AUW  
[2017/07/13 11:28:52 173] ivw        331  auw:  udata(980d31a8) 4  
[2017/07/13 11:28:52 193] ivw        383  IVW_MSG_AUW  
[2017/07/13 11:28:52 193] ivw        331  auw:  udata(980d32a8) 4  
[2017/07/13 11:28:52 213] ivw        383  IVW_MSG_AUW  
[2017/07/13 11:28:52 213] ivw        331  auw:  udata(980d32f8) 4  
[2017/07/13 11:28:52 233] ivw        383  IVW_MSG_AUW  
[2017/07/13 11:28:52 233] ivw        331  auw:  udata(980d3398) 4  
[2017/07/13 11:28:52 259] ivw        383  IVW_MSG_AUW  
[2017/07/13 11:28:52 259] ivw        331  auw:  udata(980d3498) 4  
[2017/07/13 11:28:52 259] ivw        383  IVW_MSG_AUW  
[2017/07/13 11:28:52 259] ivw        331  auw:  udata(980d37d8) 4  
[2017/07/13 11:28:52 279] ivw        383  IVW_MSG_AUW  
[2017/07/13 11:28:52 279] ivw        331  auw:  udata(980d3538) 4  
[2017/07/13 11:28:52 299] ivw        383  IVW_MSG_AUW  
[2017/07/13 11:28:52 299] ivw        331  auw:  udata(980d3688) 4  
[2017/07/13 11:28:52 319] ivw        383  IVW_MSG_AUW  
[2017/07/13 11:28:52 319] ivw        331  auw:  udata(980d39c8) 4  
[2017/07/13 11:28:52 339] ivw        383  IVW_MSG_AUW  
[2017/07/13 11:28:52 339] ivw        331  auw:  udata(980d36d8) 4  
[2017/07/13 11:28:52 359] ivw        383  IVW_MSG_AUW  
[2017/07/13 11:28:52 359] ivw        331  auw:  udata(980d3778) 4  
[2017/07/13 11:28:52 379] ivw        383  IVW_MSG_AUW  
[2017/07/13 11:28:52 379] ivw        331  auw:  udata(980dc658) 4  
[2017/07/13 11:28:52 400] ivw        383  IVW_MSG_AUW  
[2017/07/13 11:28:52 400] ivw        331  auw:  udata(980dc6a8) 4  
[2017/07/13 11:28:52 419] ivw        383  IVW_MSG_AUW  
[2017/07/13 11:28:52 419] ivw        331  auw:  udata(980dc748) 4  
[2017/07/13 11:28:52 439] ivw        383  IVW_MSG_AUW  
[2017/07/13 11:28:52 439] ivw        331  auw:  udata(980d3b38) 4  
[2017/07/13 11:28:52 459] ivw        383  IVW_MSG_AUW  
[2017/07/13 11:28:52 459] ivw        331  auw:  udata(980d3b88) 4  
[2017/07/13 11:28:52 479] ivw        383  IVW_MSG_AUW  
[2017/07/13 11:28:52 479] ivw        331  auw:  udata(980d3c28) 4  
[2017/07/13 11:28:52 499] ivw        383  IVW_MSG_AUW  
[2017/07/13 11:28:52 499] ivw        331  auw:  udata(980d3d28) 4  
[2017/07/13 11:28:52 519] ivw        383  IVW_MSG_AUW  
[2017/07/13 11:28:52 519] ivw        331  auw:  udata(980d3d78) 4  
[2017/07/13 11:28:52 539] ivw        383  IVW_MSG_AUW  
[2017/07/13 11:28:52 539] ivw        331  auw:  udata(980d3e18) 4  
[2017/07/13 11:28:52 560] ivw        383  IVW_MSG_AUW  
[2017/07/13 11:28:52 560] ivw        331  auw:  udata(980d3f18) 4  
[2017/07/13 11:28:52 579] ivw        383  IVW_MSG_AUW  
[2017/07/13 11:28:52 579] ivw        331  auw:  udata(980d3f68) 4  
[2017/07/13 11:28:52 599] ivw        383  IVW_MSG_AUW  
[2017/07/13 11:28:52 599] ivw        331  auw:  udata(980d4008) 4  
[2017/07/13 11:28:52 619] ivw        383  IVW_MSG_AUW  
[2017/07/13 11:28:52 619] ivw        331  auw:  udata(980d4108) 4  
[2017/07/13 11:28:52 639] ivw        383  IVW_MSG_AUW  
[2017/07/13 11:28:52 639] ivw        331  auw:  udata(980d4158) 4  
[2017/07/13 11:28:52 659] ivw        383  IVW_MSG_AUW  
[2017/07/13 11:28:52 659] ivw        331  auw:  udata(980d41f8) 4  
[2017/07/13 11:28:52 679] ivw        383  IVW_MSG_AUW  
[2017/07/13 11:28:52 680] ivw        331  auw:  udata(980d42f8) 4  
[2017/07/13 11:28:52 700] ivw        383  IVW_MSG_AUW  
[2017/07/13 11:28:52 700] ivw        331  auw:  udata(980d4348) 4  
[2017/07/13 11:28:52 719] ivw        383  IVW_MSG_AUW  
[2017/07/13 11:28:52 719] ivw        331  auw:  udata(980d43e8) 4  
[2017/07/13 11:28:52 739] ivw        383  IVW_MSG_AUW  
[2017/07/13 11:28:52 739] ivw        331  auw:  udata(980d44e8) 4  
[2017/07/13 11:28:52 759] ivw        383  IVW_MSG_AUW  
[2017/07/13 11:28:52 759] ivw        331  auw:  udata(980d4538) 4  
[2017/07/13 11:28:52 779] ivw        383  IVW_MSG_AUW  
[2017/07/13 11:28:52 779] ivw        331  auw:  udata(980d45d8) 4  
[2017/07/13 11:28:52 799] ivw        383  IVW_MSG_AUW  
[2017/07/13 11:28:52 799] ivw        331  auw:  udata(980d46d8) 4  
[2017/07/13 11:28:52 820] ivw        383  IVW_MSG_AUW  
[2017/07/13 11:28:52 820] ivw        331  auw:  udata(980d4728) 4  
[2017/07/13 11:28:52 840] ivw        383  IVW_MSG_AUW  
[2017/07/13 11:28:52 840] ivw        331  auw:  udata(980d47c8) 4  
[2017/07/13 11:28:52 860] ivw        383  IVW_MSG_AUW  
[2017/07/13 11:28:52 860] ivw        331  auw:  udata(980d48c8) 4  
[2017/07/13 11:28:52 880] ivw        383  IVW_MSG_AUW  
[2017/07/13 11:28:52 880] ivw        331  auw:  udata(980d4918) 4  
[2017/07/13 11:28:52 900] ivw        383  IVW_MSG_AUW  
[2017/07/13 11:28:52 900] ivw        331  auw:  udata(980d49b8) 4  
[2017/07/13 11:28:52 920] ivw        383  IVW_MSG_AUW  
[2017/07/13 11:28:52 920] ivw        331  auw:  udata(980d4ab8) 4  
[2017/07/13 11:28:52 940] ivw        383  IVW_MSG_AUW  
[2017/07/13 11:28:52 941] ivw        331  auw:  udata(980d4b08) 4  
[2017/07/13 11:28:52 961] ivw        383  IVW_MSG_AUW  
[2017/07/13 11:28:52 961] ivw        331  auw:  udata(980d4ba8) 4  
[2017/07/13 11:28:52 981] ivw        383  IVW_MSG_AUW  
[2017/07/13 11:28:52 981] ivw        331  auw:  udata(980d4ca8) 4  
[2017/07/13 11:28:53 001] ivw        383  IVW_MSG_AUW  
[2017/07/13 11:28:53 001] ivw        331  auw:  udata(980d4cf8) 4  
[2017/07/13 11:28:53 021] ivw        383  IVW_MSG_AUW  
[2017/07/13 11:28:53 021] ivw        331  auw:  udata(980d4d98) 4  
[2017/07/13 11:28:53 041] ivw        383  IVW_MSG_AUW  
[2017/07/13 11:28:53 041] ivw        331  auw:  udata(980d4e98) 4  
[2017/07/13 11:28:53 061] ivw        383  IVW_MSG_AUW  
[2017/07/13 11:28:53 061] ivw        331  auw:  udata(980d4ee8) 4  
[2017/07/13 11:28:53 081] ivw        383  IVW_MSG_AUW  
[2017/07/13 11:28:53 081] ivw        331  auw:  udata(980d4f88) 4  
[2017/07/13 11:28:53 101] ivw        383  IVW_MSG_AUW  
[2017/07/13 11:28:53 101] ivw        331  auw:  udata(980d5088) 4  
[2017/07/13 11:28:53 122] ivw        383  IVW_MSG_AUW  
[2017/07/13 11:28:53 122] ivw        331  auw:  udata(980d50d8) 4  
[2017/07/13 11:28:53 142] ivw        383  IVW_MSG_AUW  
[2017/07/13 11:28:53 142] ivw        331  auw:  udata(980d5178) 4  
[2017/07/13 11:28:53 162] ivw        383  IVW_MSG_AUW  
[2017/07/13 11:28:53 162] ivw        331  auw:  udata(980d5278) 4  
[2017/07/13 11:28:53 182] ivw        383  IVW_MSG_AUW  
[2017/07/13 11:28:53 182] ivw        331  auw:  udata(980d52c8) 4  
