============================================================
Time  2017/07/13 11:24:46 864 
============================================================
[2017/07/13 11:24:46 864] ivw        420  ivw loaded!  
[2017/07/13 11:24:46 864] ivw        408  SYS_MSG_REGCB  msp_status_cb  func(d00997d0) 
[2017/07/13 11:24:46 865] ivw        375  IVW_MSG_SSB  
[2017/07/13 11:24:46 865] ivw        230  ssb:  nil  
[2017/07/13 11:24:46 865] ivw        248  net_type:  standard  
[2017/07/13 11:24:46 866] ivw        408  SYS_MSG_REGCB  MsgProcCallBack  func(d00bca10) 
[2017/07/13 11:24:46 867] ivw        134  ivwMessageCallBack  2001  822a6c4876676d0b44c91fc3f264e0df  nil  nil  
[2017/07/13 11:24:46 886] ivw        383  IVW_MSG_AUW  
[2017/07/13 11:24:46 886] ivw        331  auw:  udata(d00bc778) 4  
[2017/07/13 11:24:46 906] ivw        383  IVW_MSG_AUW  
[2017/07/13 11:24:46 906] ivw        331  auw:  udata(d00bcc98) 4  
[2017/07/13 11:24:46 926] ivw        383  IVW_MSG_AUW  
[2017/07/13 11:24:46 926] ivw        331  auw:  udata(d00bcce8) 4  
[2017/07/13 11:24:46 946] ivw        383  IVW_MSG_AUW  
[2017/07/13 11:24:46 946] ivw        331  auw:  udata(d00bcd38) 4  
[2017/07/13 11:24:46 966] ivw        383  IVW_MSG_AUW  
[2017/07/13 11:24:46 966] ivw        331  auw:  udata(d003f408) 4  
[2017/07/13 11:24:46 986] ivw        383  IVW_MSG_AUW  
[2017/07/13 11:24:46 986] ivw        331  auw:  udata(d009e668) 4  
[2017/07/13 11:24:47 006] ivw        383  IVW_MSG_AUW  
[2017/07/13 11:24:47 006] ivw        331  auw:  udata(d00bd0c8) 4  
[2017/07/13 11:24:47 026] ivw        383  IVW_MSG_AUW  
[2017/07/13 11:24:47 026] ivw        331  auw:  udata(d008e908) 4  
[2017/07/13 11:24:47 046] ivw        383  IVW_MSG_AUW  
[2017/07/13 11:24:47 046] ivw        331  auw:  udata(d009f5f8) 4  
[2017/07/13 11:24:47 066] ivw        383  IVW_MSG_AUW  
[2017/07/13 11:24:47 066] ivw        331  auw:  udata(d009ebf8) 4  
[2017/07/13 11:24:47 086] ivw        383  IVW_MSG_AUW  
[2017/07/13 11:24:47 086] ivw        331  auw:  udata(d009eba8) 4  
[2017/07/13 11:24:47 106] ivw        383  IVW_MSG_AUW  
[2017/07/13 11:24:47 107] ivw        331  auw:  udata(d003e958) 4  
[2017/07/13 11:24:47 127] ivw        383  IVW_MSG_AUW  
[2017/07/13 11:24:47 127] ivw        331  auw:  udata(d00bc828) 4  
[2017/07/13 11:24:47 147] ivw        383  IVW_MSG_AUW  
[2017/07/13 11:24:47 147] ivw        331  auw:  udata(d00d1ac8) 4  
[2017/07/13 11:24:47 167] ivw        383  IVW_MSG_AUW  
[2017/07/13 11:24:47 167] ivw        331  auw:  udata(d009e718) 4  
[2017/07/13 11:24:47 187] ivw        383  IVW_MSG_AUW  
[2017/07/13 11:24:47 187] ivw        331  auw:  udata(d003e8b8) 4  
[2017/07/13 11:24:47 207] ivw        383  IVW_MSG_AUW  
[2017/07/13 11:24:47 207] ivw        331  auw:  udata(d00d59b8) 4  
[2017/07/13 11:24:47 227] ivw        383  IVW_MSG_AUW  
[2017/07/13 11:24:47 227] ivw        331  auw:  udata(d00d5a58) 4  
[2017/07/13 11:24:47 247] ivw        383  IVW_MSG_AUW  
[2017/07/13 11:24:47 247] ivw        331  auw:  udata(d00d3ea8) 4  
[2017/07/13 11:24:47 267] ivw        383  IVW_MSG_AUW  
[2017/07/13 11:24:47 267] ivw        331  auw:  udata(d00d3ef8) 4  
[2017/07/13 11:24:47 287] ivw        383  IVW_MSG_AUW  
[2017/07/13 11:24:47 287] ivw        331  auw:  udata(d00d3f48) 4  
[2017/07/13 11:24:47 308] ivw        383  IVW_MSG_AUW  
[2017/07/13 11:24:47 308] ivw        331  auw:  udata(d009efe8) 4  
[2017/07/13 11:24:47 328] ivw        383  IVW_MSG_AUW  
[2017/07/13 11:24:47 328] ivw        331  auw:  udata(d0030c08) 4  
[2017/07/13 11:24:47 348] ivw        383  IVW_MSG_AUW  
[2017/07/13 11:24:47 348] ivw        331  auw:  udata(d009f038) 4  
[2017/07/13 11:24:47 368] ivw        383  IVW_MSG_AUW  
[2017/07/13 11:24:47 368] ivw        331  auw:  udata(d0030a68) 4  
[2017/07/13 11:24:47 388] ivw        383  IVW_MSG_AUW  
[2017/07/13 11:24:47 388] ivw        331  auw:  udata(d0030ab8) 4  
[2017/07/13 11:24:47 408] ivw        383  IVW_MSG_AUW  
[2017/07/13 11:24:47 408] ivw        331  auw:  udata(d0030b58) 4  
[2017/07/13 11:24:47 428] ivw        383  IVW_MSG_AUW  
[2017/07/13 11:24:47 428] ivw        331  auw:  udata(d0075058) 4  
[2017/07/13 11:24:47 448] ivw        383  IVW_MSG_AUW  
[2017/07/13 11:24:47 448] ivw        331  auw:  udata(d00753e8) 4  
[2017/07/13 11:24:47 468] ivw        383  IVW_MSG_AUW  
[2017/07/13 11:24:47 468] ivw        331  auw:  udata(d00750a8) 4  
[2017/07/13 11:24:47 488] ivw        383  IVW_MSG_AUW  
[2017/07/13 11:24:47 488] ivw        331  auw:  udata(d0075148) 4  
[2017/07/13 11:24:47 508] ivw        383  IVW_MSG_AUW  
[2017/07/13 11:24:47 509] ivw        331  auw:  udata(d00308c8) 4  
[2017/07/13 11:24:47 528] ivw        383  IVW_MSG_AUW  
[2017/07/13 11:24:47 528] ivw        331  auw:  udata(d0030918) 4  
[2017/07/13 11:24:47 548] ivw        383  IVW_MSG_AUW  
[2017/07/13 11:24:47 548] ivw        331  auw:  udata(d00309b8) 4  
[2017/07/13 11:24:47 569] ivw        383  IVW_MSG_AUW  
[2017/07/13 11:24:47 569] ivw        331  auw:  udata(d003bcb8) 4  
[2017/07/13 11:24:47 589] ivw        383  IVW_MSG_AUW  
[2017/07/13 11:24:47 589] ivw        331  auw:  udata(d003c048) 4  
[2017/07/13 11:24:47 609] ivw        383  IVW_MSG_AUW  
[2017/07/13 11:24:47 609] ivw        331  auw:  udata(d003bd58) 4  
[2017/07/13 11:24:47 629] ivw        383  IVW_MSG_AUW  
[2017/07/13 11:24:47 629] ivw        331  auw:  udata(d003bea8) 4  
[2017/07/13 11:24:47 649] ivw        383  IVW_MSG_AUW  
[2017/07/13 11:24:47 649] ivw        331  auw:  udata(d003bef8) 4  
[2017/07/13 11:24:47 669] ivw        383  IVW_MSG_AUW  
[2017/07/13 11:24:47 669] ivw        331  auw:  udata(d003bf98) 4  
[2017/07/13 11:24:47 689] ivw        383  IVW_MSG_AUW  
[2017/07/13 11:24:47 689] ivw        331  auw:  udata(d00cbbb8) 4  
[2017/07/13 11:24:47 709] ivw        383  IVW_MSG_AUW  
[2017/07/13 11:24:47 709] ivw        331  auw:  udata(d00cbf48) 4  
[2017/07/13 11:24:47 729] ivw        383  IVW_MSG_AUW  
[2017/07/13 11:24:47 729] ivw        331  auw:  udata(d00cbc08) 4  
[2017/07/13 11:24:47 749] ivw        383  IVW_MSG_AUW  
[2017/07/13 11:24:47 749] ivw        331  auw:  udata(d00cbca8) 4  
[2017/07/13 11:24:47 770] ivw        383  IVW_MSG_AUW  
[2017/07/13 11:24:47 770] ivw        331  auw:  udata(d0075248) 4  
[2017/07/13 11:24:47 790] ivw        383  IVW_MSG_AUW  
[2017/07/13 11:24:47 790] ivw        331  auw:  udata(d0075298) 4  
[2017/07/13 11:24:47 809] ivw        383  IVW_MSG_AUW  
[2017/07/13 11:24:47 809] ivw        331  auw:  udata(d0075338) 4  
[2017/07/13 11:24:47 829] ivw        383  IVW_MSG_AUW  
[2017/07/13 11:24:47 829] ivw        331  auw:  udata(d008e308) 4  
[2017/07/13 11:24:47 849] ivw        383  IVW_MSG_AUW  
[2017/07/13 11:24:47 849] ivw        331  auw:  udata(d008e358) 4  
[2017/07/13 11:24:47 869] ivw        383  IVW_MSG_AUW  
[2017/07/13 11:24:47 869] ivw        331  auw:  udata(d008e3f8) 4  
[2017/07/13 11:24:47 889] ivw        383  IVW_MSG_AUW  
[2017/07/13 11:24:47 889] ivw        331  auw:  udata(d008e4f8) 4  
[2017/07/13 11:24:47 909] ivw        383  IVW_MSG_AUW  
[2017/07/13 11:24:47 910] ivw        331  auw:  udata(d008e888) 4  
[2017/07/13 11:24:47 930] ivw        383  IVW_MSG_AUW  
[2017/07/13 11:24:47 930] ivw        331  auw:  udata(d008e598) 4  
[2017/07/13 11:24:47 949] ivw        383  IVW_MSG_AUW  
[2017/07/13 11:24:47 949] ivw        331  auw:  udata(d008e6e8) 4  
[2017/07/13 11:24:47 969] ivw        383  IVW_MSG_AUW  
[2017/07/13 11:24:47 969] ivw        331  auw:  udata(d008e738) 4  
[2017/07/13 11:24:47 989] ivw        383  IVW_MSG_AUW  
[2017/07/13 11:24:47 989] ivw        331  auw:  udata(d008e7d8) 4  
[2017/07/13 11:24:48 009] ivw        383  IVW_MSG_AUW  
[2017/07/13 11:24:48 009] ivw        331  auw:  udata(d00d1c28) 4  
[2017/07/13 11:24:48 029] ivw        383  IVW_MSG_AUW  
[2017/07/13 11:24:48 029] ivw        331  auw:  udata(d00d1c78) 4  
[2017/07/13 11:24:48 049] ivw        383  IVW_MSG_AUW  
[2017/07/13 11:24:48 050] ivw        331  auw:  udata(d00d1d18) 4  
[2017/07/13 11:24:48 070] ivw        383  IVW_MSG_AUW  
[2017/07/13 11:24:48 070] ivw        331  auw:  udata(d00d1e18) 4  
[2017/07/13 11:24:48 089] ivw        383  IVW_MSG_AUW  
[2017/07/13 11:24:48 089] ivw        331  auw:  udata(d00d1e68) 4  
[2017/07/13 11:24:48 109] ivw        383  IVW_MSG_AUW  
[2017/07/13 11:24:48 109] ivw        331  auw:  udata(d00d1f08) 4  
[2017/07/13 11:24:48 129] ivw        383  IVW_MSG_AUW  
[2017/07/13 11:24:48 129] ivw        331  auw:  udata(d00d2008) 4  
[2017/07/13 11:24:48 150] ivw        383  IVW_MSG_AUW  
[2017/07/13 11:24:48 150] ivw        331  auw:  udata(d00d2058) 4  
[2017/07/13 11:24:48 169] ivw        383  IVW_MSG_AUW  
[2017/07/13 11:24:48 169] ivw        331  auw:  udata(d00d20f8) 4  
[2017/07/13 11:24:48 189] ivw        383  IVW_MSG_AUW  
[2017/07/13 11:24:48 189] ivw        331  auw:  udata(d00d21f8) 4  
[2017/07/13 11:24:48 209] ivw        383  IVW_MSG_AUW  
[2017/07/13 11:24:48 209] ivw        331  auw:  udata(d00d2298) 4  
[2017/07/13 11:24:48 229] ivw        383  IVW_MSG_AUW  
[2017/07/13 11:24:48 229] ivw        331  auw:  udata(d00d23e8) 4  
[2017/07/13 11:24:48 249] ivw        383  IVW_MSG_AUW  
[2017/07/13 11:24:48 249] ivw        331  auw:  udata(d00d2438) 4  
[2017/07/13 11:24:48 269] ivw        383  IVW_MSG_AUW  
[2017/07/13 11:24:48 270] ivw        331  auw:  udata(d00d24d8) 4  
[2017/07/13 11:24:48 290] ivw        383  IVW_MSG_AUW  
[2017/07/13 11:24:48 290] ivw        331  auw:  udata(d00cc568) 4  
[2017/07/13 11:24:48 310] ivw        383  IVW_MSG_AUW  
[2017/07/13 11:24:48 310] ivw        331  auw:  udata(d00cc5b8) 4  
[2017/07/13 11:24:48 330] ivw        383  IVW_MSG_AUW  
[2017/07/13 11:24:48 330] ivw        331  auw:  udata(d00cc658) 4  
[2017/07/13 11:24:48 350] ivw        383  IVW_MSG_AUW  
[2017/07/13 11:24:48 350] ivw        331  auw:  udata(d00cc758) 4  
[2017/07/13 11:24:48 370] ivw        383  IVW_MSG_AUW  
[2017/07/13 11:24:48 370] ivw        331  auw:  udata(d00cc7a8) 4  
[2017/07/13 11:24:48 390] ivw        383  IVW_MSG_AUW  
[2017/07/13 11:24:48 390] ivw        331  auw:  udata(d00cc848) 4  
[2017/07/13 11:24:48 410] ivw        383  IVW_MSG_AUW  
[2017/07/13 11:24:48 410] ivw        331  auw:  udata(d00cc948) 4  
[2017/07/13 11:24:48 430] ivw        383  IVW_MSG_AUW  
[2017/07/13 11:24:48 430] ivw        331  auw:  udata(d00cc998) 4  
[2017/07/13 11:24:48 450] ivw        383  IVW_MSG_AUW  
[2017/07/13 11:24:48 450] ivw        331  auw:  udata(d00cca38) 4  
[2017/07/13 11:24:48 471] ivw        383  IVW_MSG_AUW  
[2017/07/13 11:24:48 471] ivw        331  auw:  udata(d00ccb38) 4  
[2017/07/13 11:24:48 491] ivw        383  IVW_MSG_AUW  
[2017/07/13 11:24:48 491] ivw        331  auw:  udata(d00ccb88) 4  
[2017/07/13 11:24:48 511] ivw        383  IVW_MSG_AUW  
[2017/07/13 11:24:48 511] ivw        331  auw:  udata(d00ccc28) 4  
[2017/07/13 11:24:48 531] ivw        383  IVW_MSG_AUW  
[2017/07/13 11:24:48 531] ivw        331  auw:  udata(d00ccd28) 4  
[2017/07/13 11:24:48 551] ivw        383  IVW_MSG_AUW  
[2017/07/13 11:24:48 551] ivw        331  auw:  udata(d00ccd78) 4  
[2017/07/13 11:24:48 571] ivw        383  IVW_MSG_AUW  
[2017/07/13 11:24:48 571] ivw        331  auw:  udata(d00cce18) 4  
[2017/07/13 11:24:48 591] ivw        383  IVW_MSG_AUW  
[2017/07/13 11:24:48 591] ivw        331  auw:  udata(d00ccf18) 4  
[2017/07/13 11:24:48 611] ivw        383  IVW_MSG_AUW  
[2017/07/13 11:24:48 612] ivw        331  auw:  udata(d00ccf68) 4  
[2017/07/13 11:24:48 632] ivw        383  IVW_MSG_AUW  
[2017/07/13 11:24:48 632] ivw        331  auw:  udata(d00cd008) 4  
[2017/07/13 11:24:48 652] ivw        383  IVW_MSG_AUW  
[2017/07/13 11:24:48 652] ivw        331  auw:  udata(d00cd108) 4  
[2017/07/13 11:24:48 672] ivw        383  IVW_MSG_AUW  
[2017/07/13 11:24:48 672] ivw        331  auw:  udata(d00d1108) 4  
[2017/07/13 11:24:48 692] ivw        383  IVW_MSG_AUW  
[2017/07/13 11:24:48 692] ivw        331  auw:  udata(d0019218) 4  
[2017/07/13 11:24:48 712] ivw        383  IVW_MSG_AUW  
[2017/07/13 11:24:48 712] ivw        331  auw:  udata(d00d5178) 4  
[2017/07/13 11:24:48 732] ivw        383  IVW_MSG_AUW  
[2017/07/13 11:24:48 732] ivw        331  auw:  udata(d00d5aa8) 4  
[2017/07/13 11:24:48 752] ivw        383  IVW_MSG_AUW  
[2017/07/13 11:24:48 752] ivw        331  auw:  udata(d00cd2f8) 4  
[2017/07/13 11:24:48 772] ivw        383  IVW_MSG_AUW  
[2017/07/13 11:24:48 772] ivw        331  auw:  udata(d00cd4e8) 4  
[2017/07/13 11:24:48 792] ivw        383  IVW_MSG_AUW  
[2017/07/13 11:24:48 792] ivw        331  auw:  udata(d00cd398) 4  
[2017/07/13 11:24:48 813] ivw        383  IVW_MSG_AUW  
[2017/07/13 11:24:48 813] ivw        331  auw:  udata(d00cd1a8) 4  
[2017/07/13 11:24:48 833] ivw        383  IVW_MSG_AUW  
[2017/07/13 11:24:48 833] ivw        331  auw:  udata(d00cbda8) 4  
[2017/07/13 11:24:48 853] ivw        383  IVW_MSG_AUW  
[2017/07/13 11:24:48 853] ivw        331  auw:  udata(d00cbe48) 4  
[2017/07/13 11:24:48 873] ivw        383  IVW_MSG_AUW  
[2017/07/13 11:24:48 873] ivw        331  auw:  udata(d00cbe98) 4  
[2017/07/13 11:24:48 893] ivw        383  IVW_MSG_AUW  
[2017/07/13 11:24:48 893] ivw        331  auw:  udata(d00d7188) 4  
[2017/07/13 11:24:48 913] ivw        383  IVW_MSG_AUW  
[2017/07/13 11:24:48 913] ivw        331  auw:  udata(d00d7628) 4  
[2017/07/13 11:24:48 932] ivw        383  IVW_MSG_AUW  
[2017/07/13 11:24:48 932] ivw        331  auw:  udata(d00d76f8) 4  
[2017/07/13 11:24:48 953] ivw        383  IVW_MSG_AUW  
[2017/07/13 11:24:48 953] ivw        331  auw:  udata(d00d77c8) 4  
[2017/07/13 11:24:48 973] ivw        383  IVW_MSG_AUW  
[2017/07/13 11:24:48 973] ivw        331  auw:  udata(d00d7898) 4  
[2017/07/13 11:24:48 993] ivw        383  IVW_MSG_AUW  
[2017/07/13 11:24:48 993] ivw        331  auw:  udata(d00d71d8) 4  
[2017/07/13 11:24:49 013] ivw        383  IVW_MSG_AUW  
[2017/07/13 11:24:49 013] ivw        331  auw:  udata(d00d7968) 4  
[2017/07/13 11:24:49 033] ivw        383  IVW_MSG_AUW  
[2017/07/13 11:24:49 033] ivw        331  auw:  udata(d00d7228) 4  
[2017/07/13 11:24:49 053] ivw        383  IVW_MSG_AUW  
[2017/07/13 11:24:49 053] ivw        331  auw:  udata(d00d7408) 4  
[2017/07/13 11:24:49 073] ivw        383  IVW_MSG_AUW  
[2017/07/13 11:24:49 073] ivw        331  auw:  udata(d00d7458) 4  
[2017/07/13 11:24:49 093] ivw        383  IVW_MSG_AUW  
[2017/07/13 11:24:49 093] ivw        331  auw:  udata(d00d7c58) 4  
[2017/07/13 11:24:49 113] ivw        383  IVW_MSG_AUW  
[2017/07/13 11:24:49 113] ivw        331  auw:  udata(d00d74a8) 4  
[2017/07/13 11:24:49 134] ivw        383  IVW_MSG_AUW  
[2017/07/13 11:24:49 134] ivw        331  auw:  udata(d00d7a38) 4  
[2017/07/13 11:24:49 154] ivw        383  IVW_MSG_AUW  
[2017/07/13 11:24:49 154] ivw        331  auw:  udata(d00d7f48) 4  
[2017/07/13 11:24:49 174] ivw        383  IVW_MSG_AUW  
[2017/07/13 11:24:49 174] ivw        331  auw:  udata(d00d8018) 4  
[2017/07/13 11:24:49 194] ivw        383  IVW_MSG_AUW  
[2017/07/13 11:24:49 194] ivw        331  auw:  udata(d00d80e8) 4  
[2017/07/13 11:24:49 214] ivw        383  IVW_MSG_AUW  
[2017/07/13 11:24:49 214] ivw        331  auw:  udata(d00d81b8) 4  
[2017/07/13 11:24:49 234] ivw        383  IVW_MSG_AUW  
[2017/07/13 11:24:49 234] ivw        331  auw:  udata(d00d7a88) 4  
[2017/07/13 11:24:49 254] ivw        383  IVW_MSG_AUW  
[2017/07/13 11:24:49 254] ivw        331  auw:  udata(d00d8288) 4  
[2017/07/13 11:24:49 274] ivw        383  IVW_MSG_AUW  
[2017/07/13 11:24:49 274] ivw        331  auw:  udata(d00d7d28) 4  
[2017/07/13 11:24:49 294] ivw        383  IVW_MSG_AUW  
[2017/07/13 11:24:49 294] ivw        331  auw:  udata(d00d7ad8) 4  
[2017/07/13 11:24:49 315] ivw        383  IVW_MSG_AUW  
[2017/07/13 11:24:49 315] ivw        331  auw:  udata(d00d7d78) 4  
[2017/07/13 11:24:49 335] ivw        383  IVW_MSG_AUW  
[2017/07/13 11:24:49 335] ivw        331  auw:  udata(d00d8558) 4  
[2017/07/13 11:24:49 354] ivw        383  IVW_MSG_AUW  
[2017/07/13 11:24:49 354] ivw        331  auw:  udata(d00d7e18) 4  
[2017/07/13 11:24:49 374] ivw        383  IVW_MSG_AUW  
[2017/07/13 11:24:49 374] ivw        331  auw:  udata(d00d87c8) 4  
[2017/07/13 11:24:49 394] ivw        383  IVW_MSG_AUW  
[2017/07/13 11:24:49 394] ivw        331  auw:  udata(d00d8898) 4  
[2017/07/13 11:24:49 414] ivw        383  IVW_MSG_AUW  
[2017/07/13 11:24:49 414] ivw        331  auw:  udata(d00d8968) 4  
[2017/07/13 11:24:49 441] ivw        383  IVW_MSG_AUW  
[2017/07/13 11:24:49 441] ivw        331  auw:  udata(d00d8a38) 4  
[2017/07/13 11:24:49 441] ivw        383  IVW_MSG_AUW  
[2017/07/13 11:24:49 441] ivw        331  auw:  udata(d00d8b88) 4  
[2017/07/13 11:24:49 461] ivw        383  IVW_MSG_AUW  
[2017/07/13 11:24:49 461] ivw        331  auw:  udata(d00d8bd8) 4  
[2017/07/13 11:24:49 481] ivw        383  IVW_MSG_AUW  
[2017/07/13 11:24:49 481] ivw        331  auw:  udata(d00d8c78) 4  
[2017/07/13 11:24:49 501] ivw        383  IVW_MSG_AUW  
[2017/07/13 11:24:49 501] ivw        331  auw:  udata(d00d8d58) 4  
[2017/07/13 11:24:49 521] ivw        383  IVW_MSG_AUW  
[2017/07/13 11:24:49 522] ivw        331  auw:  udata(d00d8df8) 4  
[2017/07/13 11:24:49 542] ivw        383  IVW_MSG_AUW  
[2017/07/13 11:24:49 542] ivw        331  auw:  udata(d00d8cc8) 4  
[2017/07/13 11:24:49 562] ivw        383  IVW_MSG_AUW  
[2017/07/13 11:24:49 562] ivw        331  auw:  udata(d00d83a8) 4  
[2017/07/13 11:24:49 582] ivw        383  IVW_MSG_AUW  
[2017/07/13 11:24:49 582] ivw        331  auw:  udata(d00d8458) 4  
[2017/07/13 11:24:49 602] ivw        383  IVW_MSG_AUW  
[2017/07/13 11:24:49 602] ivw        331  auw:  udata(d00d8e48) 4  
[2017/07/13 11:24:49 622] ivw        383  IVW_MSG_AUW  
[2017/07/13 11:24:49 622] ivw        331  auw:  udata(d00d9198) 4  
[2017/07/13 11:24:49 642] ivw        383  IVW_MSG_AUW  
[2017/07/13 11:24:49 642] ivw        331  auw:  udata(d00d8628) 4  
[2017/07/13 11:24:49 662] ivw        383  IVW_MSG_AUW  
[2017/07/13 11:24:49 662] ivw        331  auw:  udata(d00d9268) 4  
[2017/07/13 11:24:49 682] ivw        383  IVW_MSG_AUW  
[2017/07/13 11:24:49 682] ivw        331  auw:  udata(d00d8678) 4  
[2017/07/13 11:24:49 702] ivw        383  IVW_MSG_AUW  
[2017/07/13 11:24:49 702] ivw        331  auw:  udata(d00d8f78) 4  
[2017/07/13 11:24:49 722] ivw        383  IVW_MSG_AUW  
[2017/07/13 11:24:49 722] ivw        331  auw:  udata(d00d9558) 4  
[2017/07/13 11:24:49 742] ivw        383  IVW_MSG_AUW  
[2017/07/13 11:24:49 742] ivw        331  auw:  udata(d00d9628) 4  
[2017/07/13 11:24:49 762] ivw        383  IVW_MSG_AUW  
[2017/07/13 11:24:49 762] ivw        331  auw:  udata(d00d96f8) 4  
[2017/07/13 11:24:49 782] ivw        383  IVW_MSG_AUW  
[2017/07/13 11:24:49 782] ivw        331  auw:  udata(d00d97c8) 4  
[2017/07/13 11:24:49 802] ivw        383  IVW_MSG_AUW  
[2017/07/13 11:24:49 802] ivw        331  auw:  udata(d00d8fc8) 4  
[2017/07/13 11:24:49 823] ivw        383  IVW_MSG_AUW  
[2017/07/13 11:24:49 823] ivw        331  auw:  udata(d00d9898) 4  
[2017/07/13 11:24:49 843] ivw        383  IVW_MSG_AUW  
[2017/07/13 11:24:49 843] ivw        331  auw:  udata(d00d9018) 4  
[2017/07/13 11:24:49 863] ivw        383  IVW_MSG_AUW  
[2017/07/13 11:24:49 863] ivw        331  auw:  udata(d00d9338) 4  
[2017/07/13 11:24:49 883] ivw        383  IVW_MSG_AUW  
[2017/07/13 11:24:49 883] ivw        331  auw:  udata(d00d9b88) 4  
[2017/07/13 11:24:49 903] ivw        383  IVW_MSG_AUW  
[2017/07/13 11:24:49 903] ivw        331  auw:  udata(d00d9388) 4  
[2017/07/13 11:24:49 923] ivw        383  IVW_MSG_AUW  
[2017/07/13 11:24:49 923] ivw        331  auw:  udata(d00d9c58) 4  
[2017/07/13 11:24:49 942] ivw        383  IVW_MSG_AUW  
[2017/07/13 11:24:49 942] ivw        331  auw:  udata(d00d9968) 4  
[2017/07/13 11:24:49 962] ivw        383  IVW_MSG_AUW  
[2017/07/13 11:24:49 963] ivw        331  auw:  udata(d00d93d8) 4  
[2017/07/13 11:24:49 983] ivw        383  IVW_MSG_AUW  
[2017/07/13 11:24:49 983] ivw        331  auw:  udata(d00d9f28) 4  
[2017/07/13 11:24:50 003] ivw        383  IVW_MSG_AUW  
[2017/07/13 11:24:50 003] ivw        331  auw:  udata(d00d9ff8) 4  
[2017/07/13 11:24:50 023] ivw        383  IVW_MSG_AUW  
[2017/07/13 11:24:50 023] ivw        331  auw:  udata(d00da0c8) 4  
[2017/07/13 11:24:50 043] ivw        383  IVW_MSG_AUW  
[2017/07/13 11:24:50 043] ivw        331  auw:  udata(d00da198) 4  
[2017/07/13 11:24:50 063] ivw        383  IVW_MSG_AUW  
[2017/07/13 11:24:50 063] ivw        331  auw:  udata(d00da268) 4  
[2017/07/13 11:24:50 083] ivw        383  IVW_MSG_AUW  
[2017/07/13 11:24:50 083] ivw        331  auw:  udata(d00da338) 4  
[2017/07/13 11:24:50 102] ivw        383  IVW_MSG_AUW  
[2017/07/13 11:24:50 102] ivw        331  auw:  udata(d00d99b8) 4  
[2017/07/13 11:24:50 123] ivw        383  IVW_MSG_AUW  
[2017/07/13 11:24:50 123] ivw        331  auw:  udata(d00da408) 4  
[2017/07/13 11:24:50 143] ivw        383  IVW_MSG_AUW  
[2017/07/13 11:24:50 143] ivw        331  auw:  udata(d00d9a58) 4  
[2017/07/13 11:24:50 163] ivw        383  IVW_MSG_AUW  
[2017/07/13 11:24:50 163] ivw        331  auw:  udata(d00da678) 4  
[2017/07/13 11:24:50 183] ivw        383  IVW_MSG_AUW  
[2017/07/13 11:24:50 183] ivw        331  auw:  udata(d00da4d8) 4  
[2017/07/13 11:24:50 203] ivw        383  IVW_MSG_AUW  
[2017/07/13 11:24:50 203] ivw        331  auw:  udata(d00da748) 4  
[2017/07/13 11:24:50 223] ivw        383  IVW_MSG_AUW  
[2017/07/13 11:24:50 223] ivw        331  auw:  udata(d00da578) 4  
[2017/07/13 11:24:50 242] ivw        383  IVW_MSG_AUW  
[2017/07/13 11:24:50 242] ivw        331  auw:  udata(d00da5c8) 4  
[2017/07/13 11:24:50 262] ivw        383  IVW_MSG_AUW  
[2017/07/13 11:24:50 263] ivw        331  auw:  udata(d00da818) 4  
[2017/07/13 11:24:50 283] ivw        383  IVW_MSG_AUW  
[2017/07/13 11:24:50 283] ivw        331  auw:  udata(d00d9d28) 4  
[2017/07/13 11:24:50 303] ivw        383  IVW_MSG_AUW  
[2017/07/13 11:24:50 303] ivw        331  auw:  udata(d00d9dc8) 4  
[2017/07/13 11:24:50 323] ivw        383  IVW_MSG_AUW  
[2017/07/13 11:24:50 323] ivw        331  auw:  udata(d00d9e18) 4  
[2017/07/13 11:24:50 343] ivw        383  IVW_MSG_AUW  
[2017/07/13 11:24:50 343] ivw        331  auw:  udata(d00da878) 4  
[2017/07/13 11:24:50 363] ivw        383  IVW_MSG_AUW  
[2017/07/13 11:24:50 363] ivw        331  auw:  udata(d00dac68) 4  
[2017/07/13 11:24:50 383] ivw        383  IVW_MSG_AUW  
[2017/07/13 11:24:50 383] ivw        331  auw:  udata(d00dabb8) 4  
[2017/07/13 11:24:50 403] ivw        383  IVW_MSG_AUW  
[2017/07/13 11:24:50 403] ivw        331  auw:  udata(d00dacb8) 4  
[2017/07/13 11:24:50 423] ivw        383  IVW_MSG_AUW  
[2017/07/13 11:24:50 423] ivw        331  auw:  udata(d00da9b8) 4  
[2017/07/13 11:24:50 444] ivw        383  IVW_MSG_AUW  
[2017/07/13 11:24:50 444] ivw        331  auw:  udata(d00daff8) 4  
[2017/07/13 11:24:50 464] ivw        383  IVW_MSG_AUW  
[2017/07/13 11:24:50 464] ivw        331  auw:  udata(d00daa08) 4  
[2017/07/13 11:24:50 484] ivw        383  IVW_MSG_AUW  
[2017/07/13 11:24:50 484] ivw        331  auw:  udata(d00dadd8) 4  
[2017/07/13 11:24:50 504] ivw        383  IVW_MSG_AUW  
[2017/07/13 11:24:50 504] ivw        331  auw:  udata(d00dae28) 4  
[2017/07/13 11:24:50 524] ivw        383  IVW_MSG_AUW  
[2017/07/13 11:24:50 524] ivw        331  auw:  udata(d00db2e8) 4  
[2017/07/13 11:24:50 544] ivw        383  IVW_MSG_AUW  
[2017/07/13 11:24:50 544] ivw        331  auw:  udata(d00dae78) 4  
[2017/07/13 11:24:50 564] ivw        383  IVW_MSG_AUW  
[2017/07/13 11:24:50 564] ivw        331  auw:  udata(d00db0c8) 4  
[2017/07/13 11:24:50 584] ivw        383  IVW_MSG_AUW  
[2017/07/13 11:24:50 584] ivw        331  auw:  udata(d00db118) 4  
[2017/07/13 11:24:50 604] ivw        383  IVW_MSG_AUW  
[2017/07/13 11:24:50 604] ivw        331  auw:  udata(d00db5d8) 4  
[2017/07/13 11:24:50 625] ivw        383  IVW_MSG_AUW  
[2017/07/13 11:24:50 625] ivw        331  auw:  udata(d00db168) 4  
[2017/07/13 11:24:50 645] ivw        383  IVW_MSG_AUW  
[2017/07/13 11:24:50 645] ivw        331  auw:  udata(d00db3b8) 4  
[2017/07/13 11:24:50 665] ivw        383  IVW_MSG_AUW  
[2017/07/13 11:24:50 665] ivw        331  auw:  udata(d00db8c8) 4  
[2017/07/13 11:24:50 685] ivw        383  IVW_MSG_AUW  
[2017/07/13 11:24:50 685] ivw        331  auw:  udata(d00db998) 4  
[2017/07/13 11:24:50 705] ivw        383  IVW_MSG_AUW  
[2017/07/13 11:24:50 705] ivw        331  auw:  udata(d00dba68) 4  
[2017/07/13 11:24:50 725] ivw        383  IVW_MSG_AUW  
[2017/07/13 11:24:50 725] ivw        331  auw:  udata(d00dbb38) 4  
[2017/07/13 11:24:50 745] ivw        383  IVW_MSG_AUW  
[2017/07/13 11:24:50 745] ivw        331  auw:  udata(d00db408) 4  
[2017/07/13 11:24:50 765] ivw        383  IVW_MSG_AUW  
[2017/07/13 11:24:50 765] ivw        331  auw:  udata(d00dbc08) 4  
[2017/07/13 11:24:50 785] ivw        383  IVW_MSG_AUW  
[2017/07/13 11:24:50 785] ivw        331  auw:  udata(d00db458) 4  
[2017/07/13 11:24:50 806] ivw        383  IVW_MSG_AUW  
[2017/07/13 11:24:50 806] ivw        331  auw:  udata(d00db6a8) 4  
[2017/07/13 11:24:50 826] ivw        383  IVW_MSG_AUW  
[2017/07/13 11:24:50 826] ivw        331  auw:  udata(d00dbef8) 4  
[2017/07/13 11:24:50 846] ivw        383  IVW_MSG_AUW  
[2017/07/13 11:24:50 846] ivw        331  auw:  udata(d00dbfc8) 4  
[2017/07/13 11:24:50 866] ivw        383  IVW_MSG_AUW  
[2017/07/13 11:24:50 866] ivw        331  auw:  udata(d00dc098) 4  
[2017/07/13 11:24:50 886] ivw        383  IVW_MSG_AUW  
[2017/07/13 11:24:50 886] ivw        331  auw:  udata(d00dc168) 4  
[2017/07/13 11:24:50 906] ivw        383  IVW_MSG_AUW  
[2017/07/13 11:24:50 906] ivw        331  auw:  udata(d00db6f8) 4  
[2017/07/13 11:24:50 932] ivw        383  IVW_MSG_AUW  
[2017/07/13 11:24:50 932] ivw        331  auw:  udata(d00db748) 4  
[2017/07/13 11:24:50 952] ivw        383  IVW_MSG_AUW  
[2017/07/13 11:24:50 952] ivw        331  auw:  udata(d00dc238) 4  
[2017/07/13 11:24:50 972] ivw        383  IVW_MSG_AUW  
[2017/07/13 11:24:50 972] ivw        331  auw:  udata(d00dbcd8) 4  
[2017/07/13 11:24:50 992] ivw        383  IVW_MSG_AUW  
[2017/07/13 11:24:50 992] ivw        331  auw:  udata(d00dbd28) 4  
[2017/07/13 11:24:51 012] ivw        383  IVW_MSG_AUW  
[2017/07/13 11:24:51 012] ivw        331  auw:  udata(d00dc528) 4  
[2017/07/13 11:24:51 032] ivw        383  IVW_MSG_AUW  
[2017/07/13 11:24:51 032] ivw        331  auw:  udata(d00dbd78) 4  
[2017/07/13 11:24:51 052] ivw        383  IVW_MSG_AUW  
[2017/07/13 11:24:51 052] ivw        331  auw:  udata(d00dc308) 4  
[2017/07/13 11:24:51 072] ivw        383  IVW_MSG_AUW  
[2017/07/13 11:24:51 072] ivw        331  auw:  udata(d00dc358) 4  
[2017/07/13 11:24:51 092] ivw        383  IVW_MSG_AUW  
[2017/07/13 11:24:51 092] ivw        331  auw:  udata(d00dc3a8) 4  
[2017/07/13 11:24:51 113] ivw        383  IVW_MSG_AUW  
[2017/07/13 11:24:51 113] ivw        331  auw:  udata(d00dc5f8) 4  
[2017/07/13 11:24:51 133] ivw        383  IVW_MSG_AUW  
[2017/07/13 11:24:51 133] ivw        331  auw:  udata(d00dc818) 4  
[2017/07/13 11:24:51 153] ivw        383  IVW_MSG_AUW  
[2017/07/13 11:24:51 153] ivw        331  auw:  udata(d00dc648) 4  
[2017/07/13 11:24:51 173] ivw        383  IVW_MSG_AUW  
[2017/07/13 11:24:51 173] ivw        331  auw:  udata(d00dcae8) 4  
[2017/07/13 11:24:51 193] ivw        383  IVW_MSG_AUW  
[2017/07/13 11:24:51 193] ivw        331  auw:  udata(d00dc6e8) 4  
[2017/07/13 11:24:51 213] ivw        383  IVW_MSG_AUW  
[2017/07/13 11:24:51 213] ivw        331  auw:  udata(d00dcd58) 4  
[2017/07/13 11:24:51 233] ivw        383  IVW_MSG_AUW  
[2017/07/13 11:24:51 233] ivw        331  auw:  udata(d00dce28) 4  
[2017/07/13 11:24:51 253] ivw        383  IVW_MSG_AUW  
[2017/07/13 11:24:51 253] ivw        331  auw:  udata(d00dcef8) 4  
[2017/07/13 11:24:51 273] ivw        383  IVW_MSG_AUW  
[2017/07/13 11:24:51 274] ivw        331  auw:  udata(d00dcfc8) 4  
[2017/07/13 11:24:51 294] ivw        383  IVW_MSG_AUW  
[2017/07/13 11:24:51 294] ivw        331  auw:  udata(d00dd098) 4  
[2017/07/13 11:24:51 314] ivw        383  IVW_MSG_AUW  
[2017/07/13 11:24:51 314] ivw        331  auw:  udata(d00dcbb8) 4  
[2017/07/13 11:24:51 334] ivw        383  IVW_MSG_AUW  
[2017/07/13 11:24:51 334] ivw        331  auw:  udata(d00dd168) 4  
[2017/07/13 11:24:51 354] ivw        383  IVW_MSG_AUW  
[2017/07/13 11:24:51 354] ivw        331  auw:  udata(d00dcc58) 4  
[2017/07/13 11:24:51 374] ivw        383  IVW_MSG_AUW  
[2017/07/13 11:24:51 374] ivw        331  auw:  udata(d00dcca8) 4  
[2017/07/13 11:24:51 394] ivw        383  IVW_MSG_AUW  
[2017/07/13 11:24:51 394] ivw        331  auw:  udata(d00dd238) 4  
[2017/07/13 11:24:51 415] ivw        383  IVW_MSG_AUW  
[2017/07/13 11:24:51 415] ivw        331  auw:  udata(d00dd288) 4  
[2017/07/13 11:24:51 435] ivw        383  IVW_MSG_AUW  
[2017/07/13 11:24:51 435] ivw        331  auw:  udata(d00dd5f8) 4  
[2017/07/13 11:24:51 455] ivw        383  IVW_MSG_AUW  
[2017/07/13 11:24:51 455] ivw        331  auw:  udata(d00dd6c8) 4  
[2017/07/13 11:24:51 475] ivw        383  IVW_MSG_AUW  
[2017/07/13 11:24:51 475] ivw        331  auw:  udata(d00dd798) 4  
[2017/07/13 11:24:51 495] ivw        383  IVW_MSG_AUW  
[2017/07/13 11:24:51 495] ivw        331  auw:  udata(d00dd868) 4  
[2017/07/13 11:24:51 515] ivw        383  IVW_MSG_AUW  
[2017/07/13 11:24:51 515] ivw        331  auw:  udata(d00dd938) 4  
[2017/07/13 11:24:51 535] ivw        383  IVW_MSG_AUW  
[2017/07/13 11:24:51 535] ivw        331  auw:  udata(d00dda08) 4  
[2017/07/13 11:24:51 555] ivw        383  IVW_MSG_AUW  
[2017/07/13 11:24:51 555] ivw        331  auw:  udata(d00ddad8) 4  
[2017/07/13 11:24:51 575] ivw        383  IVW_MSG_AUW  
[2017/07/13 11:24:51 575] ivw        331  auw:  udata(d00dc8e8) 4  
[2017/07/13 11:24:51 596] ivw        383  IVW_MSG_AUW  
[2017/07/13 11:24:51 596] ivw        331  auw:  udata(d00dc938) 4  
[2017/07/13 11:24:51 616] ivw        383  IVW_MSG_AUW  
[2017/07/13 11:24:51 616] ivw        331  auw:  udata(d00dc9d8) 4  
[2017/07/13 11:24:51 636] ivw        383  IVW_MSG_AUW  
[2017/07/13 11:24:51 636] ivw        331  auw:  udata(d00ddc78) 4  
[2017/07/13 11:24:51 656] ivw        383  IVW_MSG_AUW  
[2017/07/13 11:24:51 656] ivw        331  auw:  udata(d00ddba8) 4  
[2017/07/13 11:24:51 676] ivw        383  IVW_MSG_AUW  
[2017/07/13 11:24:51 676] ivw        331  auw:  udata(d00ddd18) 4  
[2017/07/13 11:24:51 696] ivw        383  IVW_MSG_AUW  
[2017/07/13 11:24:51 696] ivw        331  auw:  udata(d00ddd68) 4  
[2017/07/13 11:24:51 716] ivw        383  IVW_MSG_AUW  
[2017/07/13 11:24:51 716] ivw        331  auw:  udata(d00ddfb8) 4  
[2017/07/13 11:24:51 736] ivw        383  IVW_MSG_AUW  
[2017/07/13 11:24:51 736] ivw        331  auw:  udata(d00dd3d8) 4  
[2017/07/13 11:24:51 756] ivw        383  IVW_MSG_AUW  
[2017/07/13 11:24:51 756] ivw        331  auw:  udata(d00de088) 4  
[2017/07/13 11:24:51 776] ivw        383  IVW_MSG_AUW  
[2017/07/13 11:24:51 776] ivw        331  auw:  udata(d00dd488) 4  
[2017/07/13 11:24:51 796] ivw        383  IVW_MSG_AUW  
[2017/07/13 11:24:51 796] ivw        331  auw:  udata(d00dde18) 4  
[2017/07/13 11:24:51 816] ivw        383  IVW_MSG_AUW  
[2017/07/13 11:24:51 816] ivw        331  auw:  udata(d00de358) 4  
[2017/07/13 11:24:51 836] ivw        383  IVW_MSG_AUW  
[2017/07/13 11:24:51 836] ivw        331  auw:  udata(d00ddeb8) 4  
[2017/07/13 11:24:51 856] ivw        383  IVW_MSG_AUW  
[2017/07/13 11:24:51 857] ivw        331  auw:  udata(d00ddf08) 4  
[2017/07/13 11:24:51 876] ivw        383  IVW_MSG_AUW  
[2017/07/13 11:24:51 876] ivw        331  auw:  udata(d00de428) 4  
