============================================================
Time  2017/07/13 11:23:57 604 
============================================================
[2017/07/13 11:23:57 604] ivw        420  ivw loaded!  
[2017/07/13 11:23:57 604] ivw        408  SYS_MSG_REGCB  msp_status_cb  func(940997d0) 
[2017/07/13 11:23:57 606] ivw        375  IVW_MSG_SSB  
[2017/07/13 11:23:57 606] ivw        230  ssb:  nil  
[2017/07/13 11:23:57 606] ivw        248  net_type:  standard  
[2017/07/13 11:23:57 607] ivw        408  SYS_MSG_REGCB  MsgProcCallBack  func(940bc750) 
[2017/07/13 11:23:57 607] ivw        134  ivwMessageCallBack  2001  822a6c4876676d0b44c91fc3f264e0df  nil  nil  
[2017/07/13 11:23:57 627] ivw        383  IVW_MSG_AUW  
[2017/07/13 11:23:57 627] ivw        331  auw:  udata(940bc7e8) 4  
[2017/07/13 11:23:57 647] ivw        383  IVW_MSG_AUW  
[2017/07/13 11:23:57 648] ivw        331  auw:  udata(9409e768) 4  
[2017/07/13 11:23:57 668] ivw        383  IVW_MSG_AUW  
[2017/07/13 11:23:57 668] ivw        331  auw:  udata(9409d7f8) 4  
[2017/07/13 11:23:57 688] ivw        383  IVW_MSG_AUW  
[2017/07/13 11:23:57 688] ivw        331  auw:  udata(9409f328) 4  
[2017/07/13 11:23:57 708] ivw        383  IVW_MSG_AUW  
[2017/07/13 11:23:57 708] ivw        331  auw:  udata(9401e618) 4  
[2017/07/13 11:23:57 728] ivw        383  IVW_MSG_AUW  
[2017/07/13 11:23:57 728] ivw        331  auw:  udata(940c2598) 4  
[2017/07/13 11:23:57 748] ivw        383  IVW_MSG_AUW  
[2017/07/13 11:23:57 748] ivw        331  auw:  udata(940c25e8) 4  
[2017/07/13 11:23:57 768] ivw        383  IVW_MSG_AUW  
[2017/07/13 11:23:57 768] ivw        331  auw:  udata(9409c428) 4  
[2017/07/13 11:23:57 789] ivw        383  IVW_MSG_AUW  
[2017/07/13 11:23:57 789] ivw        331  auw:  udata(9403fff8) 4  
[2017/07/13 11:23:57 809] ivw        383  IVW_MSG_AUW  
[2017/07/13 11:23:57 809] ivw        331  auw:  udata(9409eba8) 4  
[2017/07/13 11:23:57 829] ivw        383  IVW_MSG_AUW  
[2017/07/13 11:23:57 829] ivw        331  auw:  udata(94087d68) 4  
[2017/07/13 11:23:57 849] ivw        383  IVW_MSG_AUW  
[2017/07/13 11:23:57 849] ivw        331  auw:  udata(940cf1f8) 4  
[2017/07/13 11:23:57 869] ivw        383  IVW_MSG_AUW  
[2017/07/13 11:23:57 869] ivw        331  auw:  udata(9406dc28) 4  
[2017/07/13 11:23:57 889] ivw        383  IVW_MSG_AUW  
[2017/07/13 11:23:57 889] ivw        331  auw:  udata(9409e4a8) 4  
[2017/07/13 11:23:57 909] ivw        383  IVW_MSG_AUW  
[2017/07/13 11:23:57 909] ivw        331  auw:  udata(94065f48) 4  
[2017/07/13 11:23:57 939] ivw        383  IVW_MSG_AUW  
[2017/07/13 11:23:57 939] ivw        331  auw:  udata(940cb798) 4  
[2017/07/13 11:23:57 939] ivw        383  IVW_MSG_AUW  
[2017/07/13 11:23:57 939] ivw        331  auw:  udata(94087cc8) 4  
[2017/07/13 11:23:57 959] ivw        383  IVW_MSG_AUW  
[2017/07/13 11:23:57 959] ivw        331  auw:  udata(9409edf8) 4  
[2017/07/13 11:23:57 978] ivw        383  IVW_MSG_AUW  
[2017/07/13 11:23:57 978] ivw        331  auw:  udata(940cf8b8) 4  
[2017/07/13 11:23:57 998] ivw        383  IVW_MSG_AUW  
[2017/07/13 11:23:57 998] ivw        331  auw:  udata(940cf958) 4  
[2017/07/13 11:23:58 018] ivw        383  IVW_MSG_AUW  
[2017/07/13 11:23:58 018] ivw        331  auw:  udata(94087f68) 4  
[2017/07/13 11:23:58 038] ivw        383  IVW_MSG_AUW  
[2017/07/13 11:23:58 038] ivw        331  auw:  udata(94087fb8) 4  
[2017/07/13 11:23:58 058] ivw        383  IVW_MSG_AUW  
[2017/07/13 11:23:58 058] ivw        331  auw:  udata(94088008) 4  
[2017/07/13 11:23:58 079] ivw        383  IVW_MSG_AUW  
[2017/07/13 11:23:58 079] ivw        331  auw:  udata(940cfc08) 4  
[2017/07/13 11:23:58 099] ivw        383  IVW_MSG_AUW  
[2017/07/13 11:23:58 099] ivw        331  auw:  udata(940753e8) 4  
[2017/07/13 11:23:58 119] ivw        383  IVW_MSG_AUW  
[2017/07/13 11:23:58 119] ivw        331  auw:  udata(940cfc58) 4  
[2017/07/13 11:23:58 139] ivw        383  IVW_MSG_AUW  
[2017/07/13 11:23:58 139] ivw        331  auw:  udata(94075248) 4  
[2017/07/13 11:23:58 158] ivw        383  IVW_MSG_AUW  
[2017/07/13 11:23:58 158] ivw        331  auw:  udata(94075298) 4  
[2017/07/13 11:23:58 178] ivw        383  IVW_MSG_AUW  
[2017/07/13 11:23:58 178] ivw        331  auw:  udata(94075338) 4  
[2017/07/13 11:23:58 198] ivw        383  IVW_MSG_AUW  
[2017/07/13 11:23:58 198] ivw        331  auw:  udata(9408e2b8) 4  
[2017/07/13 11:23:58 219] ivw        383  IVW_MSG_AUW  
[2017/07/13 11:23:58 219] ivw        331  auw:  udata(9408e648) 4  
[2017/07/13 11:23:58 239] ivw        383  IVW_MSG_AUW  
[2017/07/13 11:23:58 239] ivw        331  auw:  udata(9408e308) 4  
[2017/07/13 11:23:58 259] ivw        383  IVW_MSG_AUW  
[2017/07/13 11:23:58 259] ivw        331  auw:  udata(9408e3a8) 4  
[2017/07/13 11:23:58 279] ivw        383  IVW_MSG_AUW  
[2017/07/13 11:23:58 279] ivw        331  auw:  udata(940750a8) 4  
[2017/07/13 11:23:58 299] ivw        383  IVW_MSG_AUW  
[2017/07/13 11:23:58 299] ivw        331  auw:  udata(940750f8) 4  
[2017/07/13 11:23:58 319] ivw        383  IVW_MSG_AUW  
[2017/07/13 11:23:58 319] ivw        331  auw:  udata(94075198) 4  
[2017/07/13 11:23:58 339] ivw        383  IVW_MSG_AUW  
[2017/07/13 11:23:58 339] ivw        331  auw:  udata(9409cd68) 4  
[2017/07/13 11:23:58 359] ivw        383  IVW_MSG_AUW  
[2017/07/13 11:23:58 359] ivw        331  auw:  udata(9409d0f8) 4  
[2017/07/13 11:23:58 380] ivw        383  IVW_MSG_AUW  
[2017/07/13 11:23:58 380] ivw        331  auw:  udata(9409ce08) 4  
[2017/07/13 11:23:58 400] ivw        383  IVW_MSG_AUW  
[2017/07/13 11:23:58 400] ivw        331  auw:  udata(9409cf58) 4  
[2017/07/13 11:23:58 420] ivw        383  IVW_MSG_AUW  
[2017/07/13 11:23:58 420] ivw        331  auw:  udata(9409cfa8) 4  
[2017/07/13 11:23:58 440] ivw        383  IVW_MSG_AUW  
[2017/07/13 11:23:58 440] ivw        331  auw:  udata(9409d048) 4  
[2017/07/13 11:23:58 460] ivw        383  IVW_MSG_AUW  
[2017/07/13 11:23:58 460] ivw        331  auw:  udata(9403f048) 4  
[2017/07/13 11:23:58 480] ivw        383  IVW_MSG_AUW  
[2017/07/13 11:23:58 480] ivw        331  auw:  udata(9403f3d8) 4  
[2017/07/13 11:23:58 500] ivw        383  IVW_MSG_AUW  
[2017/07/13 11:23:58 500] ivw        331  auw:  udata(9403f098) 4  
[2017/07/13 11:23:58 520] ivw        383  IVW_MSG_AUW  
[2017/07/13 11:23:58 520] ivw        331  auw:  udata(9403f138) 4  
[2017/07/13 11:23:58 541] ivw        383  IVW_MSG_AUW  
[2017/07/13 11:23:58 541] ivw        331  auw:  udata(9408e4a8) 4  
[2017/07/13 11:23:58 560] ivw        383  IVW_MSG_AUW  
[2017/07/13 11:23:58 560] ivw        331  auw:  udata(9408e4f8) 4  
[2017/07/13 11:23:58 580] ivw        383  IVW_MSG_AUW  
[2017/07/13 11:23:58 580] ivw        331  auw:  udata(9408e598) 4  
[2017/07/13 11:23:58 600] ivw        383  IVW_MSG_AUW  
[2017/07/13 11:23:58 600] ivw        331  auw:  udata(940cd418) 4  
[2017/07/13 11:23:58 620] ivw        383  IVW_MSG_AUW  
[2017/07/13 11:23:58 620] ivw        331  auw:  udata(940cd7a8) 4  
[2017/07/13 11:23:58 640] ivw        383  IVW_MSG_AUW  
[2017/07/13 11:23:58 640] ivw        331  auw:  udata(940cd4b8) 4  
[2017/07/13 11:23:58 661] ivw        383  IVW_MSG_AUW  
[2017/07/13 11:23:58 661] ivw        331  auw:  udata(94087d18) 4  
[2017/07/13 11:23:58 681] ivw        383  IVW_MSG_AUW  
[2017/07/13 11:23:58 681] ivw        331  auw:  udata(9409d678) 4  
[2017/07/13 11:23:58 701] ivw        383  IVW_MSG_AUW  
[2017/07/13 11:23:58 701] ivw        331  auw:  udata(9403fc18) 4  
[2017/07/13 11:23:58 721] ivw        383  IVW_MSG_AUW  
[2017/07/13 11:23:58 721] ivw        331  auw:  udata(94088108) 4  
[2017/07/13 11:23:58 741] ivw        383  IVW_MSG_AUW  
[2017/07/13 11:23:58 741] ivw        331  auw:  udata(94005b88) 4  
[2017/07/13 11:23:58 761] ivw        383  IVW_MSG_AUW  
[2017/07/13 11:23:58 761] ivw        331  auw:  udata(94005c28) 4  
[2017/07/13 11:23:58 781] ivw        383  IVW_MSG_AUW  
[2017/07/13 11:23:58 781] ivw        331  auw:  udata(9403f238) 4  
[2017/07/13 11:23:58 801] ivw        383  IVW_MSG_AUW  
[2017/07/13 11:23:58 801] ivw        331  auw:  udata(94005eb8) 4  
[2017/07/13 11:23:58 821] ivw        383  IVW_MSG_AUW  
[2017/07/13 11:23:58 821] ivw        331  auw:  udata(9403f288) 4  
[2017/07/13 11:23:58 841] ivw        383  IVW_MSG_AUW  
[2017/07/13 11:23:58 841] ivw        331  auw:  udata(9403f328) 4  
[2017/07/13 11:23:58 861] ivw        383  IVW_MSG_AUW  
[2017/07/13 11:23:58 861] ivw        331  auw:  udata(940cd608) 4  
[2017/07/13 11:23:58 889] ivw        383  IVW_MSG_AUW  
[2017/07/13 11:23:58 889] ivw        331  auw:  udata(940cd658) 4  
[2017/07/13 11:23:58 909] ivw        383  IVW_MSG_AUW  
[2017/07/13 11:23:58 909] ivw        331  auw:  udata(940cd6f8) 4  
[2017/07/13 11:23:58 929] ivw        383  IVW_MSG_AUW  
[2017/07/13 11:23:58 929] ivw        331  auw:  udata(9401bb28) 4  
[2017/07/13 11:23:58 950] ivw        383  IVW_MSG_AUW  
[2017/07/13 11:23:58 950] ivw        331  auw:  udata(9401bb78) 4  
[2017/07/13 11:23:58 970] ivw        383  IVW_MSG_AUW  
[2017/07/13 11:23:58 970] ivw        331  auw:  udata(9401bc18) 4  
[2017/07/13 11:23:58 990] ivw        383  IVW_MSG_AUW  
[2017/07/13 11:23:58 990] ivw        331  auw:  udata(9401bd18) 4  
[2017/07/13 11:23:59 010] ivw        383  IVW_MSG_AUW  
[2017/07/13 11:23:59 010] ivw        331  auw:  udata(9401bd68) 4  
[2017/07/13 11:23:59 030] ivw        383  IVW_MSG_AUW  
[2017/07/13 11:23:59 030] ivw        331  auw:  udata(9401be08) 4  
[2017/07/13 11:23:59 050] ivw        383  IVW_MSG_AUW  
[2017/07/13 11:23:59 050] ivw        331  auw:  udata(9401bf08) 4  
[2017/07/13 11:23:59 070] ivw        383  IVW_MSG_AUW  
[2017/07/13 11:23:59 070] ivw        331  auw:  udata(9401bf58) 4  
[2017/07/13 11:23:59 091] ivw        383  IVW_MSG_AUW  
[2017/07/13 11:23:59 091] ivw        331  auw:  udata(9401bff8) 4  
[2017/07/13 11:23:59 111] ivw        383  IVW_MSG_AUW  
[2017/07/13 11:23:59 111] ivw        331  auw:  udata(9401c0f8) 4  
[2017/07/13 11:23:59 131] ivw        383  IVW_MSG_AUW  
[2017/07/13 11:23:59 131] ivw        331  auw:  udata(9401c148) 4  
[2017/07/13 11:23:59 151] ivw        383  IVW_MSG_AUW  
[2017/07/13 11:23:59 151] ivw        331  auw:  udata(9401c1e8) 4  
[2017/07/13 11:23:59 171] ivw        383  IVW_MSG_AUW  
[2017/07/13 11:23:59 171] ivw        331  auw:  udata(9401c2e8) 4  
[2017/07/13 11:23:59 191] ivw        383  IVW_MSG_AUW  
[2017/07/13 11:23:59 191] ivw        331  auw:  udata(9401c338) 4  
[2017/07/13 11:23:59 211] ivw        383  IVW_MSG_AUW  
[2017/07/13 11:23:59 211] ivw        331  auw:  udata(9401c3d8) 4  
[2017/07/13 11:23:59 231] ivw        383  IVW_MSG_AUW  
[2017/07/13 11:23:59 231] ivw        331  auw:  udata(9401c4d8) 4  
[2017/07/13 11:23:59 251] ivw        383  IVW_MSG_AUW  
[2017/07/13 11:23:59 251] ivw        331  auw:  udata(9401c528) 4  
[2017/07/13 11:23:59 272] ivw        383  IVW_MSG_AUW  
[2017/07/13 11:23:59 272] ivw        331  auw:  udata(9401c5c8) 4  
[2017/07/13 11:23:59 292] ivw        383  IVW_MSG_AUW  
[2017/07/13 11:23:59 292] ivw        331  auw:  udata(940c19b8) 4  
[2017/07/13 11:23:59 312] ivw        383  IVW_MSG_AUW  
[2017/07/13 11:23:59 312] ivw        331  auw:  udata(940c1a08) 4  
[2017/07/13 11:23:59 332] ivw        383  IVW_MSG_AUW  
[2017/07/13 11:23:59 332] ivw        331  auw:  udata(940c1aa8) 4  
[2017/07/13 11:23:59 352] ivw        383  IVW_MSG_AUW  
[2017/07/13 11:23:59 352] ivw        331  auw:  udata(940c1ba8) 4  
[2017/07/13 11:23:59 372] ivw        383  IVW_MSG_AUW  
[2017/07/13 11:23:59 372] ivw        331  auw:  udata(940c1bf8) 4  
[2017/07/13 11:23:59 392] ivw        383  IVW_MSG_AUW  
[2017/07/13 11:23:59 392] ivw        331  auw:  udata(940c1c98) 4  
[2017/07/13 11:23:59 412] ivw        383  IVW_MSG_AUW  
[2017/07/13 11:23:59 412] ivw        331  auw:  udata(940c1d98) 4  
[2017/07/13 11:23:59 433] ivw        383  IVW_MSG_AUW  
[2017/07/13 11:23:59 433] ivw        331  auw:  udata(940c1de8) 4  
[2017/07/13 11:23:59 453] ivw        383  IVW_MSG_AUW  
[2017/07/13 11:23:59 453] ivw        331  auw:  udata(940c1e88) 4  
[2017/07/13 11:23:59 473] ivw        383  IVW_MSG_AUW  
[2017/07/13 11:23:59 473] ivw        331  auw:  udata(940c1f88) 4  
[2017/07/13 11:23:59 493] ivw        383  IVW_MSG_AUW  
[2017/07/13 11:23:59 493] ivw        331  auw:  udata(940c1fd8) 4  
[2017/07/13 11:23:59 513] ivw        383  IVW_MSG_AUW  
[2017/07/13 11:23:59 513] ivw        331  auw:  udata(940c2078) 4  
[2017/07/13 11:23:59 533] ivw        383  IVW_MSG_AUW  
[2017/07/13 11:23:59 533] ivw        331  auw:  udata(940c2178) 4  
[2017/07/13 11:23:59 553] ivw        383  IVW_MSG_AUW  
[2017/07/13 11:23:59 553] ivw        331  auw:  udata(940c2508) 4  
[2017/07/13 11:23:59 573] ivw        383  IVW_MSG_AUW  
[2017/07/13 11:23:59 573] ivw        331  auw:  udata(940c2218) 4  
[2017/07/13 11:23:59 593] ivw        383  IVW_MSG_AUW  
[2017/07/13 11:23:59 594] ivw        331  auw:  udata(940c2368) 4  
[2017/07/13 11:23:59 614] ivw        383  IVW_MSG_AUW  
[2017/07/13 11:23:59 614] ivw        331  auw:  udata(940c23b8) 4  
[2017/07/13 11:23:59 634] ivw        383  IVW_MSG_AUW  
[2017/07/13 11:23:59 634] ivw        331  auw:  udata(940c2458) 4  
[2017/07/13 11:23:59 654] ivw        383  IVW_MSG_AUW  
[2017/07/13 11:23:59 654] ivw        331  auw:  udata(940cb8a8) 4  
[2017/07/13 11:23:59 674] ivw        383  IVW_MSG_AUW  
[2017/07/13 11:23:59 674] ivw        331  auw:  udata(940cb8f8) 4  
[2017/07/13 11:23:59 694] ivw        383  IVW_MSG_AUW  
[2017/07/13 11:23:59 694] ivw        331  auw:  udata(940cb998) 4  
[2017/07/13 11:23:59 714] ivw        383  IVW_MSG_AUW  
[2017/07/13 11:23:59 714] ivw        331  auw:  udata(940cba98) 4  
[2017/07/13 11:23:59 734] ivw        383  IVW_MSG_AUW  
[2017/07/13 11:23:59 734] ivw        331  auw:  udata(940cbae8) 4  
[2017/07/13 11:23:59 754] ivw        383  IVW_MSG_AUW  
[2017/07/13 11:23:59 754] ivw        331  auw:  udata(940cbb88) 4  
[2017/07/13 11:23:59 775] ivw        383  IVW_MSG_AUW  
[2017/07/13 11:23:59 775] ivw        331  auw:  udata(940cbc88) 4  
[2017/07/13 11:23:59 795] ivw        383  IVW_MSG_AUW  
[2017/07/13 11:23:59 795] ivw        331  auw:  udata(940cbcd8) 4  
[2017/07/13 11:23:59 814] ivw        383  IVW_MSG_AUW  
[2017/07/13 11:23:59 814] ivw        331  auw:  udata(940cbd78) 4  
[2017/07/13 11:23:59 834] ivw        383  IVW_MSG_AUW  
[2017/07/13 11:23:59 834] ivw        331  auw:  udata(940cbe78) 4  
[2017/07/13 11:23:59 854] ivw        383  IVW_MSG_AUW  
[2017/07/13 11:23:59 854] ivw        331  auw:  udata(940cbec8) 4  
[2017/07/13 11:23:59 874] ivw        383  IVW_MSG_AUW  
[2017/07/13 11:23:59 874] ivw        331  auw:  udata(940cbf68) 4  
[2017/07/13 11:23:59 894] ivw        383  IVW_MSG_AUW  
[2017/07/13 11:23:59 894] ivw        331  auw:  udata(940cc068) 4  
[2017/07/13 11:23:59 915] ivw        383  IVW_MSG_AUW  
[2017/07/13 11:23:59 915] ivw        331  auw:  udata(940cc0b8) 4  
[2017/07/13 11:23:59 935] ivw        383  IVW_MSG_AUW  
[2017/07/13 11:23:59 935] ivw        331  auw:  udata(940cc158) 4  
[2017/07/13 11:23:59 954] ivw        383  IVW_MSG_AUW  
[2017/07/13 11:23:59 954] ivw        331  auw:  udata(940cc448) 4  
[2017/07/13 11:23:59 974] ivw        383  IVW_MSG_AUW  
[2017/07/13 11:23:59 974] ivw        331  auw:  udata(940cad88) 4  
[2017/07/13 11:23:59 994] ivw        383  IVW_MSG_AUW  
[2017/07/13 11:23:59 994] ivw        331  auw:  udata(940cc4e8) 4  
[2017/07/13 11:24:00 014] ivw        383  IVW_MSG_AUW  
[2017/07/13 11:24:00 014] ivw        331  auw:  udata(9401c678) 4  
[2017/07/13 11:24:00 034] ivw        383  IVW_MSG_AUW  
[2017/07/13 11:24:00 034] ivw        331  auw:  udata(94031008) 4  
[2017/07/13 11:24:00 055] ivw        383  IVW_MSG_AUW  
[2017/07/13 11:24:00 055] ivw        331  auw:  udata(940cc358) 4  
[2017/07/13 11:24:00 075] ivw        383  IVW_MSG_AUW  
[2017/07/13 11:24:00 075] ivw        331  auw:  udata(940cc258) 4  
[2017/07/13 11:24:00 095] ivw        383  IVW_MSG_AUW  
[2017/07/13 11:24:00 095] ivw        331  auw:  udata(940d7de8) 4  
[2017/07/13 11:24:00 115] ivw        383  IVW_MSG_AUW  
[2017/07/13 11:24:00 115] ivw        331  auw:  udata(940d8058) 4  
[2017/07/13 11:24:00 135] ivw        383  IVW_MSG_AUW  
[2017/07/13 11:24:00 135] ivw        331  auw:  udata(940d8128) 4  
[2017/07/13 11:24:00 155] ivw        383  IVW_MSG_AUW  
[2017/07/13 11:24:00 155] ivw        331  auw:  udata(940d7eb8) 4  
[2017/07/13 11:24:00 180] ivw        383  IVW_MSG_AUW  
[2017/07/13 11:24:00 180] ivw        331  auw:  udata(940d81f8) 4  
[2017/07/13 11:24:00 180] ivw        383  IVW_MSG_AUW  
[2017/07/13 11:24:00 180] ivw        331  auw:  udata(940d8468) 4  
[2017/07/13 11:24:00 200] ivw        383  IVW_MSG_AUW  
[2017/07/13 11:24:00 200] ivw        331  auw:  udata(940d7f68) 4  
[2017/07/13 11:24:00 220] ivw        383  IVW_MSG_AUW  
[2017/07/13 11:24:00 220] ivw        331  auw:  udata(940d8538) 4  
[2017/07/13 11:24:00 240] ivw        383  IVW_MSG_AUW  
[2017/07/13 11:24:00 240] ivw        331  auw:  udata(94005d18) 4  
[2017/07/13 11:24:00 261] ivw        383  IVW_MSG_AUW  
[2017/07/13 11:24:00 261] ivw        331  auw:  udata(94005d68) 4  
[2017/07/13 11:24:00 281] ivw        383  IVW_MSG_AUW  
[2017/07/13 11:24:00 281] ivw        331  auw:  udata(940d82c8) 4  
[2017/07/13 11:24:00 301] ivw        383  IVW_MSG_AUW  
[2017/07/13 11:24:00 301] ivw        331  auw:  udata(940d8318) 4  
[2017/07/13 11:24:00 321] ivw        383  IVW_MSG_AUW  
[2017/07/13 11:24:00 321] ivw        331  auw:  udata(940d83b8) 4  
[2017/07/13 11:24:00 341] ivw        383  IVW_MSG_AUW  
[2017/07/13 11:24:00 341] ivw        331  auw:  udata(940d8828) 4  
[2017/07/13 11:24:00 361] ivw        383  IVW_MSG_AUW  
[2017/07/13 11:24:00 361] ivw        331  auw:  udata(940d8738) 4  
[2017/07/13 11:24:00 381] ivw        383  IVW_MSG_AUW  
[2017/07/13 11:24:00 381] ivw        331  auw:  udata(940d8608) 4  
[2017/07/13 11:24:00 401] ivw        383  IVW_MSG_AUW  
[2017/07/13 11:24:00 401] ivw        331  auw:  udata(940d8658) 4  
[2017/07/13 11:24:00 422] ivw        383  IVW_MSG_AUW  
[2017/07/13 11:24:00 422] ivw        331  auw:  udata(940d8a98) 4  
[2017/07/13 11:24:00 442] ivw        383  IVW_MSG_AUW  
[2017/07/13 11:24:00 442] ivw        331  auw:  udata(940d8c38) 4  
[2017/07/13 11:24:00 462] ivw        383  IVW_MSG_AUW  
[2017/07/13 11:24:00 462] ivw        331  auw:  udata(940d88f8) 4  
[2017/07/13 11:24:00 482] ivw        383  IVW_MSG_AUW  
[2017/07/13 11:24:00 482] ivw        331  auw:  udata(940d89a8) 4  
[2017/07/13 11:24:00 502] ivw        383  IVW_MSG_AUW  
[2017/07/13 11:24:00 502] ivw        331  auw:  udata(940d8b48) 4  
[2017/07/13 11:24:00 522] ivw        383  IVW_MSG_AUW  
[2017/07/13 11:24:00 522] ivw        331  auw:  udata(940d8d08) 4  
[2017/07/13 11:24:00 542] ivw        383  IVW_MSG_AUW  
[2017/07/13 11:24:00 542] ivw        331  auw:  udata(940d8de8) 4  
[2017/07/13 11:24:00 562] ivw        383  IVW_MSG_AUW  
[2017/07/13 11:24:00 562] ivw        331  auw:  udata(940d8ea8) 4  
[2017/07/13 11:24:00 582] ivw        383  IVW_MSG_AUW  
[2017/07/13 11:24:00 582] ivw        331  auw:  udata(940d8d68) 4  
[2017/07/13 11:24:00 602] ivw        383  IVW_MSG_AUW  
[2017/07/13 11:24:00 602] ivw        331  auw:  udata(940d8f58) 4  
[2017/07/13 11:24:00 622] ivw        383  IVW_MSG_AUW  
[2017/07/13 11:24:00 622] ivw        331  auw:  udata(94066238) 4  
[2017/07/13 11:24:00 642] ivw        383  IVW_MSG_AUW  
[2017/07/13 11:24:00 642] ivw        331  auw:  udata(940d9388) 4  
[2017/07/13 11:24:00 662] ivw        383  IVW_MSG_AUW  
[2017/07/13 11:24:00 662] ivw        331  auw:  udata(94066288) 4  
[2017/07/13 11:24:00 682] ivw        383  IVW_MSG_AUW  
[2017/07/13 11:24:00 682] ivw        331  auw:  udata(940d90e8) 4  
[2017/07/13 11:24:00 702] ivw        383  IVW_MSG_AUW  
[2017/07/13 11:24:00 702] ivw        331  auw:  udata(940d9458) 4  
[2017/07/13 11:24:00 722] ivw        383  IVW_MSG_AUW  
[2017/07/13 11:24:00 722] ivw        331  auw:  udata(940d9508) 4  
[2017/07/13 11:24:00 742] ivw        383  IVW_MSG_AUW  
[2017/07/13 11:24:00 742] ivw        331  auw:  udata(940d91e8) 4  
[2017/07/13 11:24:00 762] ivw        383  IVW_MSG_AUW  
[2017/07/13 11:24:00 762] ivw        331  auw:  udata(940d9238) 4  
[2017/07/13 11:24:00 782] ivw        383  IVW_MSG_AUW  
[2017/07/13 11:24:00 782] ivw        331  auw:  udata(940d9288) 4  
[2017/07/13 11:24:00 802] ivw        383  IVW_MSG_AUW  
[2017/07/13 11:24:00 802] ivw        331  auw:  udata(940d92d8) 4  
[2017/07/13 11:24:00 822] ivw        383  IVW_MSG_AUW  
[2017/07/13 11:24:00 822] ivw        331  auw:  udata(940d99b8) 4  
[2017/07/13 11:24:00 842] ivw        383  IVW_MSG_AUW  
[2017/07/13 11:24:00 842] ivw        331  auw:  udata(940d9a88) 4  
[2017/07/13 11:24:00 863] ivw        383  IVW_MSG_AUW  
[2017/07/13 11:24:00 863] ivw        331  auw:  udata(940d95f8) 4  
[2017/07/13 11:24:00 883] ivw        383  IVW_MSG_AUW  
[2017/07/13 11:24:00 883] ivw        331  auw:  udata(940d9b58) 4  
[2017/07/13 11:24:00 903] ivw        383  IVW_MSG_AUW  
[2017/07/13 11:24:00 903] ivw        331  auw:  udata(940d96a8) 4  
[2017/07/13 11:24:00 923] ivw        383  IVW_MSG_AUW  
[2017/07/13 11:24:00 923] ivw        331  auw:  udata(940d9818) 4  
[2017/07/13 11:24:00 943] ivw        383  IVW_MSG_AUW  
[2017/07/13 11:24:00 943] ivw        331  auw:  udata(940d9e28) 4  
[2017/07/13 11:24:00 963] ivw        383  IVW_MSG_AUW  
[2017/07/13 11:24:00 963] ivw        331  auw:  udata(940d9ef8) 4  
[2017/07/13 11:24:00 982] ivw        383  IVW_MSG_AUW  
[2017/07/13 11:24:00 982] ivw        331  auw:  udata(940d9f98) 4  
[2017/07/13 11:24:01 002] ivw        383  IVW_MSG_AUW  
[2017/07/13 11:24:01 002] ivw        331  auw:  udata(940d9908) 4  
[2017/07/13 11:24:01 023] ivw        383  IVW_MSG_AUW  
[2017/07/13 11:24:01 023] ivw        331  auw:  udata(940d9fe8) 4  
[2017/07/13 11:24:01 043] ivw        383  IVW_MSG_AUW  
[2017/07/13 11:24:01 043] ivw        331  auw:  udata(940da238) 4  
[2017/07/13 11:24:01 063] ivw        383  IVW_MSG_AUW  
[2017/07/13 11:24:01 063] ivw        331  auw:  udata(940da308) 4  
[2017/07/13 11:24:01 083] ivw        383  IVW_MSG_AUW  
[2017/07/13 11:24:01 083] ivw        331  auw:  udata(940da098) 4  
[2017/07/13 11:24:01 103] ivw        383  IVW_MSG_AUW  
[2017/07/13 11:24:01 103] ivw        331  auw:  udata(940da3d8) 4  
[2017/07/13 11:24:01 123] ivw        383  IVW_MSG_AUW  
[2017/07/13 11:24:01 123] ivw        331  auw:  udata(940da4a8) 4  
[2017/07/13 11:24:01 143] ivw        383  IVW_MSG_AUW  
[2017/07/13 11:24:01 143] ivw        331  auw:  udata(940da548) 4  
[2017/07/13 11:24:01 163] ivw        383  IVW_MSG_AUW  
[2017/07/13 11:24:01 163] ivw        331  auw:  udata(940da188) 4  
[2017/07/13 11:24:01 183] ivw        383  IVW_MSG_AUW  
[2017/07/13 11:24:01 183] ivw        331  auw:  udata(940da598) 4  
[2017/07/13 11:24:01 204] ivw        383  IVW_MSG_AUW  
[2017/07/13 11:24:01 204] ivw        331  auw:  udata(940da648) 4  
[2017/07/13 11:24:01 224] ivw        383  IVW_MSG_AUW  
[2017/07/13 11:24:01 224] ivw        331  auw:  udata(940da7e8) 4  
[2017/07/13 11:24:01 244] ivw        383  IVW_MSG_AUW  
[2017/07/13 11:24:01 244] ivw        331  auw:  udata(940da8b8) 4  
[2017/07/13 11:24:01 264] ivw        383  IVW_MSG_AUW  
[2017/07/13 11:24:01 264] ivw        331  auw:  udata(940da958) 4  
[2017/07/13 11:24:01 284] ivw        383  IVW_MSG_AUW  
[2017/07/13 11:24:01 284] ivw        331  auw:  udata(940da9a8) 4  
[2017/07/13 11:24:01 304] ivw        383  IVW_MSG_AUW  
[2017/07/13 11:24:01 304] ivw        331  auw:  udata(940da6e8) 4  
[2017/07/13 11:24:01 324] ivw        383  IVW_MSG_AUW  
[2017/07/13 11:24:01 324] ivw        331  auw:  udata(940d9c28) 4  
[2017/07/13 11:24:01 345] ivw        383  IVW_MSG_AUW  
[2017/07/13 11:24:01 345] ivw        331  auw:  udata(940d9cc8) 4  
[2017/07/13 11:24:01 365] ivw        383  IVW_MSG_AUW  
[2017/07/13 11:24:01 365] ivw        331  auw:  udata(940dacd8) 4  
[2017/07/13 11:24:01 385] ivw        383  IVW_MSG_AUW  
[2017/07/13 11:24:01 385] ivw        331  auw:  udata(940dad78) 4  
[2017/07/13 11:24:01 404] ivw        383  IVW_MSG_AUW  
[2017/07/13 11:24:01 404] ivw        331  auw:  udata(940dadc8) 4  
[2017/07/13 11:24:01 424] ivw        383  IVW_MSG_AUW  
[2017/07/13 11:24:01 424] ivw        331  auw:  udata(940daa58) 4  
[2017/07/13 11:24:01 444] ivw        383  IVW_MSG_AUW  
[2017/07/13 11:24:01 444] ivw        331  auw:  udata(940daaa8) 4  
[2017/07/13 11:24:01 464] ivw        383  IVW_MSG_AUW  
[2017/07/13 11:24:01 464] ivw        331  auw:  udata(940db078) 4  
[2017/07/13 11:24:01 484] ivw        383  IVW_MSG_AUW  
[2017/07/13 11:24:01 485] ivw        331  auw:  udata(940db148) 4  
[2017/07/13 11:24:01 505] ivw        383  IVW_MSG_AUW  
[2017/07/13 11:24:01 505] ivw        331  auw:  udata(940db1e8) 4  
[2017/07/13 11:24:01 525] ivw        383  IVW_MSG_AUW  
[2017/07/13 11:24:01 525] ivw        331  auw:  udata(940db238) 4  
[2017/07/13 11:24:01 545] ivw        383  IVW_MSG_AUW  
[2017/07/13 11:24:01 545] ivw        331  auw:  udata(940dab48) 4  
[2017/07/13 11:24:01 565] ivw        383  IVW_MSG_AUW  
[2017/07/13 11:24:01 565] ivw        331  auw:  udata(940dab98) 4  
[2017/07/13 11:24:01 585] ivw        383  IVW_MSG_AUW  
[2017/07/13 11:24:01 585] ivw        331  auw:  udata(940db2e8) 4  
[2017/07/13 11:24:01 605] ivw        383  IVW_MSG_AUW  
[2017/07/13 11:24:01 605] ivw        331  auw:  udata(940db398) 4  
[2017/07/13 11:24:01 625] ivw        383  IVW_MSG_AUW  
[2017/07/13 11:24:01 625] ivw        331  auw:  udata(940dae78) 4  
[2017/07/13 11:24:01 645] ivw        383  IVW_MSG_AUW  
[2017/07/13 11:24:01 645] ivw        331  auw:  udata(940daec8) 4  
[2017/07/13 11:24:01 671] ivw        383  IVW_MSG_AUW  
[2017/07/13 11:24:01 671] ivw        331  auw:  udata(940daf18) 4  
[2017/07/13 11:24:01 691] ivw        383  IVW_MSG_AUW  
[2017/07/13 11:24:01 691] ivw        331  auw:  udata(940db618) 4  
[2017/07/13 11:24:01 711] ivw        383  IVW_MSG_AUW  
[2017/07/13 11:24:01 711] ivw        331  auw:  udata(940db4e8) 4  
[2017/07/13 11:24:01 731] ivw        383  IVW_MSG_AUW  
[2017/07/13 11:24:01 731] ivw        331  auw:  udata(940db538) 4  
[2017/07/13 11:24:01 751] ivw        383  IVW_MSG_AUW  
[2017/07/13 11:24:01 751] ivw        331  auw:  udata(940db8a8) 4  
[2017/07/13 11:24:01 771] ivw        383  IVW_MSG_AUW  
[2017/07/13 11:24:01 771] ivw        331  auw:  udata(940dba48) 4  
[2017/07/13 11:24:01 791] ivw        383  IVW_MSG_AUW  
[2017/07/13 11:24:01 791] ivw        331  auw:  udata(940dbcb8) 4  
[2017/07/13 11:24:01 811] ivw        383  IVW_MSG_AUW  
[2017/07/13 11:24:01 811] ivw        331  auw:  udata(940dbd88) 4  
[2017/07/13 11:24:01 831] ivw        383  IVW_MSG_AUW  
[2017/07/13 11:24:01 831] ivw        331  auw:  udata(940dbe58) 4  
[2017/07/13 11:24:01 851] ivw        383  IVW_MSG_AUW  
[2017/07/13 11:24:01 851] ivw        331  auw:  udata(940db958) 4  
[2017/07/13 11:24:01 871] ivw        383  IVW_MSG_AUW  
[2017/07/13 11:24:01 871] ivw        331  auw:  udata(940dbf28) 4  
[2017/07/13 11:24:01 891] ivw        383  IVW_MSG_AUW  
[2017/07/13 11:24:01 891] ivw        331  auw:  udata(940db708) 4  
[2017/07/13 11:24:01 911] ivw        383  IVW_MSG_AUW  
[2017/07/13 11:24:01 911] ivw        331  auw:  udata(940db758) 4  
[2017/07/13 11:24:01 931] ivw        383  IVW_MSG_AUW  
[2017/07/13 11:24:01 931] ivw        331  auw:  udata(940dbb18) 4  
[2017/07/13 11:24:01 951] ivw        383  IVW_MSG_AUW  
[2017/07/13 11:24:01 951] ivw        331  auw:  udata(940dbbc8) 4  
[2017/07/13 11:24:01 971] ivw        383  IVW_MSG_AUW  
[2017/07/13 11:24:01 971] ivw        331  auw:  udata(940dc218) 4  
[2017/07/13 11:24:01 991] ivw        383  IVW_MSG_AUW  
[2017/07/13 11:24:01 991] ivw        331  auw:  udata(940dbff8) 4  
[2017/07/13 11:24:02 011] ivw        383  IVW_MSG_AUW  
[2017/07/13 11:24:02 011] ivw        331  auw:  udata(940dc048) 4  
[2017/07/13 11:24:02 031] ivw        383  IVW_MSG_AUW  
[2017/07/13 11:24:02 031] ivw        331  auw:  udata(940dc0e8) 4  
[2017/07/13 11:24:02 051] ivw        383  IVW_MSG_AUW  
[2017/07/13 11:24:02 051] ivw        331  auw:  udata(940dc538) 4  
[2017/07/13 11:24:02 072] ivw        383  IVW_MSG_AUW  
[2017/07/13 11:24:02 072] ivw        331  auw:  udata(940dc5d8) 4  
[2017/07/13 11:24:02 092] ivw        383  IVW_MSG_AUW  
[2017/07/13 11:24:02 092] ivw        331  auw:  udata(940dc628) 4  
[2017/07/13 11:24:02 112] ivw        383  IVW_MSG_AUW  
[2017/07/13 11:24:02 112] ivw        331  auw:  udata(940dc2b8) 4  
[2017/07/13 11:24:02 132] ivw        383  IVW_MSG_AUW  
[2017/07/13 11:24:02 132] ivw        331  auw:  udata(940dc308) 4  
[2017/07/13 11:24:02 152] ivw        383  IVW_MSG_AUW  
[2017/07/13 11:24:02 152] ivw        331  auw:  udata(940dc8f8) 4  
[2017/07/13 11:24:02 172] ivw        383  IVW_MSG_AUW  
[2017/07/13 11:24:02 172] ivw        331  auw:  udata(940dc358) 4  
[2017/07/13 11:24:02 192] ivw        383  IVW_MSG_AUW  
[2017/07/13 11:24:02 192] ivw        331  auw:  udata(940dc6d8) 4  
[2017/07/13 11:24:02 212] ivw        383  IVW_MSG_AUW  
[2017/07/13 11:24:02 212] ivw        331  auw:  udata(940dc728) 4  
[2017/07/13 11:24:02 233] ivw        383  IVW_MSG_AUW  
[2017/07/13 11:24:02 233] ivw        331  auw:  udata(940dc778) 4  
[2017/07/13 11:24:02 253] ivw        383  IVW_MSG_AUW  
[2017/07/13 11:24:02 253] ivw        331  auw:  udata(940dc9c8) 4  
[2017/07/13 11:24:02 273] ivw        383  IVW_MSG_AUW  
[2017/07/13 11:24:02 273] ivw        331  auw:  udata(940dcbe8) 4  
[2017/07/13 11:24:02 293] ivw        383  IVW_MSG_AUW  
[2017/07/13 11:24:02 293] ivw        331  auw:  udata(940dceb8) 4  
[2017/07/13 11:24:02 313] ivw        383  IVW_MSG_AUW  
[2017/07/13 11:24:02 313] ivw        331  auw:  udata(940dca18) 4  
[2017/07/13 11:24:02 333] ivw        383  IVW_MSG_AUW  
[2017/07/13 11:24:02 333] ivw        331  auw:  udata(940dcab8) 4  
[2017/07/13 11:24:02 353] ivw        383  IVW_MSG_AUW  
[2017/07/13 11:24:02 353] ivw        331  auw:  udata(940dcf88) 4  
[2017/07/13 11:24:02 374] ivw        383  IVW_MSG_AUW  
[2017/07/13 11:24:02 374] ivw        331  auw:  udata(940dd058) 4  
[2017/07/13 11:24:02 394] ivw        383  IVW_MSG_AUW  
[2017/07/13 11:24:02 394] ivw        331  auw:  udata(940dd1f8) 4  
[2017/07/13 11:24:02 414] ivw        383  IVW_MSG_AUW  
[2017/07/13 11:24:02 414] ivw        331  auw:  udata(940dd2c8) 4  
[2017/07/13 11:24:02 434] ivw        383  IVW_MSG_AUW  
[2017/07/13 11:24:02 434] ivw        331  auw:  udata(940dd368) 4  
[2017/07/13 11:24:02 454] ivw        383  IVW_MSG_AUW  
[2017/07/13 11:24:02 454] ivw        331  auw:  udata(940dd148) 4  
[2017/07/13 11:24:02 473] ivw        383  IVW_MSG_AUW  
[2017/07/13 11:24:02 473] ivw        331  auw:  udata(940dd3b8) 4  
[2017/07/13 11:24:02 493] ivw        383  IVW_MSG_AUW  
[2017/07/13 11:24:02 493] ivw        331  auw:  udata(940dd468) 4  
[2017/07/13 11:24:02 513] ivw        383  IVW_MSG_AUW  
[2017/07/13 11:24:02 513] ivw        331  auw:  udata(940dd608) 4  
[2017/07/13 11:24:02 534] ivw        383  IVW_MSG_AUW  
[2017/07/13 11:24:02 534] ivw        331  auw:  udata(940dd6d8) 4  
[2017/07/13 11:24:02 554] ivw        383  IVW_MSG_AUW  
[2017/07/13 11:24:02 554] ivw        331  auw:  udata(940dd778) 4  
[2017/07/13 11:24:02 574] ivw        383  IVW_MSG_AUW  
[2017/07/13 11:24:02 574] ivw        331  auw:  udata(940dd7c8) 4  
[2017/07/13 11:24:02 594] ivw        383  IVW_MSG_AUW  
[2017/07/13 11:24:02 594] ivw        331  auw:  udata(940dd508) 4  
[2017/07/13 11:24:02 614] ivw        383  IVW_MSG_AUW  
[2017/07/13 11:24:02 614] ivw        331  auw:  udata(940dd558) 4  
