============================================================
Time  2017/07/13 11:22:07 446 
============================================================
[2017/07/13 11:22:07 446] ivw        420  ivw loaded!  
[2017/07/13 11:22:07 446] ivw        408  SYS_MSG_REGCB  msp_status_cb  func(a00997d0) 
[2017/07/13 11:22:07 447] ivw        375  IVW_MSG_SSB  
[2017/07/13 11:22:07 447] ivw        230  ssb:  nil  
[2017/07/13 11:22:07 447] ivw        248  net_type:  standard  
[2017/07/13 11:22:07 449] ivw        408  SYS_MSG_REGCB  MsgProcCallBack  func(a009e220) 
[2017/07/13 11:22:07 449] ivw        134  ivwMessageCallBack  2001  822a6c4876676d0b44c91fc3f264e0df  nil  nil  
[2017/07/13 11:22:07 480] ivw        383  IVW_MSG_AUW  
[2017/07/13 11:22:07 480] ivw        331  auw:  udata(a008e908) 4  
[2017/07/13 11:22:07 488] ivw        383  IVW_MSG_AUW  
[2017/07/13 11:22:07 488] ivw        331  auw:  udata(a009be78) 4  
[2017/07/13 11:22:07 508] ivw        383  IVW_MSG_AUW  
[2017/07/13 11:22:07 508] ivw        331  auw:  udata(a009c0e8) 4  
[2017/07/13 11:22:07 529] ivw        383  IVW_MSG_AUW  
[2017/07/13 11:22:07 529] ivw        331  auw:  udata(a00410a8) 4  
[2017/07/13 11:22:07 549] ivw        383  IVW_MSG_AUW  
[2017/07/13 11:22:07 549] ivw        331  auw:  udata(a009d818) 4  
[2017/07/13 11:22:07 569] ivw        383  IVW_MSG_AUW  
[2017/07/13 11:22:07 569] ivw        331  auw:  udata(a009d4c8) 4  
[2017/07/13 11:22:07 589] ivw        383  IVW_MSG_AUW  
[2017/07/13 11:22:07 589] ivw        331  auw:  udata(a00d71a8) 4  
[2017/07/13 11:22:07 609] ivw        383  IVW_MSG_AUW  
[2017/07/13 11:22:07 609] ivw        331  auw:  udata(a00c0ec8) 4  
[2017/07/13 11:22:07 629] ivw        383  IVW_MSG_AUW  
[2017/07/13 11:22:07 629] ivw        331  auw:  udata(a00c1888) 4  
[2017/07/13 11:22:07 649] ivw        383  IVW_MSG_AUW  
[2017/07/13 11:22:07 649] ivw        331  auw:  udata(a0066528) 4  
[2017/07/13 11:22:07 669] ivw        383  IVW_MSG_AUW  
[2017/07/13 11:22:07 669] ivw        331  auw:  udata(a003fbc8) 4  
[2017/07/13 11:22:07 689] ivw        383  IVW_MSG_AUW  
[2017/07/13 11:22:07 689] ivw        331  auw:  udata(a00d5208) 4  
[2017/07/13 11:22:07 709] ivw        383  IVW_MSG_AUW  
[2017/07/13 11:22:07 709] ivw        331  auw:  udata(a00d52a8) 4  
[2017/07/13 11:22:07 729] ivw        383  IVW_MSG_AUW  
[2017/07/13 11:22:07 729] ivw        331  auw:  udata(a00d5e58) 4  
[2017/07/13 11:22:07 749] ivw        383  IVW_MSG_AUW  
[2017/07/13 11:22:07 749] ivw        331  auw:  udata(a00d5ea8) 4  
[2017/07/13 11:22:07 769] ivw        383  IVW_MSG_AUW  
[2017/07/13 11:22:07 769] ivw        331  auw:  udata(a00d5ef8) 4  
[2017/07/13 11:22:07 789] ivw        383  IVW_MSG_AUW  
[2017/07/13 11:22:07 789] ivw        331  auw:  udata(a00d4378) 4  
[2017/07/13 11:22:07 809] ivw        383  IVW_MSG_AUW  
[2017/07/13 11:22:07 809] ivw        331  auw:  udata(a00d43c8) 4  
[2017/07/13 11:22:07 829] ivw        383  IVW_MSG_AUW  
[2017/07/13 11:22:07 829] ivw        331  auw:  udata(a009e618) 4  
[2017/07/13 11:22:07 849] ivw        383  IVW_MSG_AUW  
[2017/07/13 11:22:07 849] ivw        331  auw:  udata(a009e668) 4  
[2017/07/13 11:22:07 869] ivw        383  IVW_MSG_AUW  
[2017/07/13 11:22:07 869] ivw        331  auw:  udata(a009e708) 4  
[2017/07/13 11:22:07 889] ivw        383  IVW_MSG_AUW  
[2017/07/13 11:22:07 889] ivw        331  auw:  udata(a00cc648) 4  
[2017/07/13 11:22:07 909] ivw        383  IVW_MSG_AUW  
[2017/07/13 11:22:07 909] ivw        331  auw:  udata(a00cc2b8) 4  
[2017/07/13 11:22:07 929] ivw        383  IVW_MSG_AUW  
[2017/07/13 11:22:07 929] ivw        331  auw:  udata(a00cc308) 4  
[2017/07/13 11:22:07 949] ivw        383  IVW_MSG_AUW  
[2017/07/13 11:22:07 950] ivw        331  auw:  udata(a00cc3a8) 4  
[2017/07/13 11:22:07 970] ivw        383  IVW_MSG_AUW  
[2017/07/13 11:22:07 970] ivw        331  auw:  udata(a003f048) 4  
[2017/07/13 11:22:07 990] ivw        383  IVW_MSG_AUW  
[2017/07/13 11:22:07 990] ivw        331  auw:  udata(a003f3d8) 4  
[2017/07/13 11:22:08 010] ivw        383  IVW_MSG_AUW  
[2017/07/13 11:22:08 010] ivw        331  auw:  udata(a003f098) 4  
[2017/07/13 11:22:08 030] ivw        383  IVW_MSG_AUW  
[2017/07/13 11:22:08 030] ivw        331  auw:  udata(a003f138) 4  
[2017/07/13 11:22:08 050] ivw        383  IVW_MSG_AUW  
[2017/07/13 11:22:08 050] ivw        331  auw:  udata(a00cc458) 4  
[2017/07/13 11:22:08 070] ivw        383  IVW_MSG_AUW  
[2017/07/13 11:22:08 070] ivw        331  auw:  udata(a00cc4a8) 4  
[2017/07/13 11:22:08 090] ivw        383  IVW_MSG_AUW  
[2017/07/13 11:22:08 090] ivw        331  auw:  udata(a00cc548) 4  
[2017/07/13 11:22:08 110] ivw        383  IVW_MSG_AUW  
[2017/07/13 11:22:08 110] ivw        331  auw:  udata(a00c5888) 4  
[2017/07/13 11:22:08 130] ivw        383  IVW_MSG_AUW  
[2017/07/13 11:22:08 130] ivw        331  auw:  udata(a00c5c18) 4  
[2017/07/13 11:22:08 150] ivw        383  IVW_MSG_AUW  
[2017/07/13 11:22:08 150] ivw        331  auw:  udata(a00c5928) 4  
[2017/07/13 11:22:08 170] ivw        383  IVW_MSG_AUW  
[2017/07/13 11:22:08 170] ivw        331  auw:  udata(a00c5a78) 4  
[2017/07/13 11:22:08 190] ivw        383  IVW_MSG_AUW  
[2017/07/13 11:22:08 190] ivw        331  auw:  udata(a00c5ac8) 4  
[2017/07/13 11:22:08 210] ivw        383  IVW_MSG_AUW  
[2017/07/13 11:22:08 210] ivw        331  auw:  udata(a00c5b68) 4  
[2017/07/13 11:22:08 230] ivw        383  IVW_MSG_AUW  
[2017/07/13 11:22:08 230] ivw        331  auw:  udata(a0065e28) 4  
[2017/07/13 11:22:08 250] ivw        383  IVW_MSG_AUW  
[2017/07/13 11:22:08 250] ivw        331  auw:  udata(a00661b8) 4  
[2017/07/13 11:22:08 270] ivw        383  IVW_MSG_AUW  
[2017/07/13 11:22:08 270] ivw        331  auw:  udata(a0065e78) 4  
[2017/07/13 11:22:08 290] ivw        383  IVW_MSG_AUW  
[2017/07/13 11:22:08 290] ivw        331  auw:  udata(a0065f18) 4  
[2017/07/13 11:22:08 310] ivw        383  IVW_MSG_AUW  
[2017/07/13 11:22:08 310] ivw        331  auw:  udata(a003f238) 4  
[2017/07/13 11:22:08 330] ivw        383  IVW_MSG_AUW  
[2017/07/13 11:22:08 330] ivw        331  auw:  udata(a003f288) 4  
[2017/07/13 11:22:08 350] ivw        383  IVW_MSG_AUW  
[2017/07/13 11:22:08 350] ivw        331  auw:  udata(a003f328) 4  
[2017/07/13 11:22:08 371] ivw        383  IVW_MSG_AUW  
[2017/07/13 11:22:08 371] ivw        331  auw:  udata(a001b738) 4  
[2017/07/13 11:22:08 391] ivw        383  IVW_MSG_AUW  
[2017/07/13 11:22:08 391] ivw        331  auw:  udata(a001bac8) 4  
[2017/07/13 11:22:08 411] ivw        383  IVW_MSG_AUW  
[2017/07/13 11:22:08 411] ivw        331  auw:  udata(a001b7d8) 4  
[2017/07/13 11:22:08 431] ivw        383  IVW_MSG_AUW  
[2017/07/13 11:22:08 431] ivw        331  auw:  udata(a001b928) 4  
[2017/07/13 11:22:08 451] ivw        383  IVW_MSG_AUW  
[2017/07/13 11:22:08 451] ivw        331  auw:  udata(a001b978) 4  
[2017/07/13 11:22:08 471] ivw        383  IVW_MSG_AUW  
[2017/07/13 11:22:08 471] ivw        331  auw:  udata(a001ba18) 4  
[2017/07/13 11:22:08 491] ivw        383  IVW_MSG_AUW  
[2017/07/13 11:22:08 491] ivw        331  auw:  udata(a003e7a8) 4  
[2017/07/13 11:22:08 511] ivw        383  IVW_MSG_AUW  
[2017/07/13 11:22:08 511] ivw        331  auw:  udata(a003eb38) 4  
[2017/07/13 11:22:08 532] ivw        383  IVW_MSG_AUW  
[2017/07/13 11:22:08 532] ivw        331  auw:  udata(a003e7f8) 4  
[2017/07/13 11:22:08 552] ivw        383  IVW_MSG_AUW  
[2017/07/13 11:22:08 552] ivw        331  auw:  udata(a003e898) 4  
[2017/07/13 11:22:08 572] ivw        383  IVW_MSG_AUW  
[2017/07/13 11:22:08 572] ivw        331  auw:  udata(a0066018) 4  
[2017/07/13 11:22:08 592] ivw        383  IVW_MSG_AUW  
[2017/07/13 11:22:08 592] ivw        331  auw:  udata(a0066068) 4  
[2017/07/13 11:22:08 612] ivw        383  IVW_MSG_AUW  
[2017/07/13 11:22:08 612] ivw        331  auw:  udata(a0066108) 4  
[2017/07/13 11:22:08 632] ivw        383  IVW_MSG_AUW  
[2017/07/13 11:22:08 632] ivw        331  auw:  udata(a00c1a38) 4  
[2017/07/13 11:22:08 652] ivw        383  IVW_MSG_AUW  
[2017/07/13 11:22:08 652] ivw        331  auw:  udata(a00c1a88) 4  
[2017/07/13 11:22:08 672] ivw        383  IVW_MSG_AUW  
[2017/07/13 11:22:08 672] ivw        331  auw:  udata(a00c1b28) 4  
[2017/07/13 11:22:08 692] ivw        383  IVW_MSG_AUW  
[2017/07/13 11:22:08 692] ivw        331  auw:  udata(a00c1c28) 4  
[2017/07/13 11:22:08 713] ivw        383  IVW_MSG_AUW  
[2017/07/13 11:22:08 713] ivw        331  auw:  udata(a00c1c78) 4  
[2017/07/13 11:22:08 732] ivw        383  IVW_MSG_AUW  
[2017/07/13 11:22:08 732] ivw        331  auw:  udata(a00c1d18) 4  
[2017/07/13 11:22:08 752] ivw        383  IVW_MSG_AUW  
[2017/07/13 11:22:08 752] ivw        331  auw:  udata(a00c1e18) 4  
[2017/07/13 11:22:08 772] ivw        383  IVW_MSG_AUW  
[2017/07/13 11:22:08 772] ivw        331  auw:  udata(a00c1e68) 4  
[2017/07/13 11:22:08 793] ivw        383  IVW_MSG_AUW  
[2017/07/13 11:22:08 793] ivw        331  auw:  udata(a00c1f08) 4  
[2017/07/13 11:22:08 813] ivw        383  IVW_MSG_AUW  
[2017/07/13 11:22:08 813] ivw        331  auw:  udata(a00c2008) 4  
[2017/07/13 11:22:08 832] ivw        383  IVW_MSG_AUW  
[2017/07/13 11:22:08 832] ivw        331  auw:  udata(a00c2058) 4  
[2017/07/13 11:22:08 852] ivw        383  IVW_MSG_AUW  
[2017/07/13 11:22:08 852] ivw        331  auw:  udata(a00c20f8) 4  
[2017/07/13 11:22:08 873] ivw        383  IVW_MSG_AUW  
[2017/07/13 11:22:08 873] ivw        331  auw:  udata(a00c21f8) 4  
[2017/07/13 11:22:08 892] ivw        383  IVW_MSG_AUW  
[2017/07/13 11:22:08 892] ivw        331  auw:  udata(a00c2248) 4  
[2017/07/13 11:22:08 912] ivw        383  IVW_MSG_AUW  
[2017/07/13 11:22:08 912] ivw        331  auw:  udata(a00c22e8) 4  
[2017/07/13 11:22:08 933] ivw        383  IVW_MSG_AUW  
[2017/07/13 11:22:08 933] ivw        331  auw:  udata(a00c9998) 4  
[2017/07/13 11:22:08 953] ivw        383  IVW_MSG_AUW  
[2017/07/13 11:22:08 953] ivw        331  auw:  udata(a00c99e8) 4  
[2017/07/13 11:22:08 973] ivw        383  IVW_MSG_AUW  
[2017/07/13 11:22:08 973] ivw        331  auw:  udata(a00c9a88) 4  
[2017/07/13 11:22:08 993] ivw        383  IVW_MSG_AUW  
[2017/07/13 11:22:08 993] ivw        331  auw:  udata(a00c9b88) 4  
[2017/07/13 11:22:09 013] ivw        383  IVW_MSG_AUW  
[2017/07/13 11:22:09 013] ivw        331  auw:  udata(a00c9bd8) 4  
[2017/07/13 11:22:09 033] ivw        383  IVW_MSG_AUW  
[2017/07/13 11:22:09 033] ivw        331  auw:  udata(a00c9c78) 4  
[2017/07/13 11:22:09 053] ivw        383  IVW_MSG_AUW  
[2017/07/13 11:22:09 053] ivw        331  auw:  udata(a00c9d78) 4  
[2017/07/13 11:22:09 073] ivw        383  IVW_MSG_AUW  
[2017/07/13 11:22:09 073] ivw        331  auw:  udata(a00c9dc8) 4  
[2017/07/13 11:22:09 093] ivw        383  IVW_MSG_AUW  
[2017/07/13 11:22:09 093] ivw        331  auw:  udata(a00c9e68) 4  
[2017/07/13 11:22:09 114] ivw        383  IVW_MSG_AUW  
[2017/07/13 11:22:09 114] ivw        331  auw:  udata(a00c9f68) 4  
[2017/07/13 11:22:09 134] ivw        383  IVW_MSG_AUW  
[2017/07/13 11:22:09 134] ivw        331  auw:  udata(a00c9fb8) 4  
[2017/07/13 11:22:09 154] ivw        383  IVW_MSG_AUW  
[2017/07/13 11:22:09 154] ivw        331  auw:  udata(a00ca058) 4  
[2017/07/13 11:22:09 174] ivw        383  IVW_MSG_AUW  
[2017/07/13 11:22:09 174] ivw        331  auw:  udata(a00ca158) 4  
[2017/07/13 11:22:09 194] ivw        383  IVW_MSG_AUW  
[2017/07/13 11:22:09 194] ivw        331  auw:  udata(a00ca1a8) 4  
[2017/07/13 11:22:09 214] ivw        383  IVW_MSG_AUW  
[2017/07/13 11:22:09 214] ivw        331  auw:  udata(a00ca248) 4  
[2017/07/13 11:22:09 234] ivw        383  IVW_MSG_AUW  
[2017/07/13 11:22:09 234] ivw        331  auw:  udata(a00ca348) 4  
[2017/07/13 11:22:09 254] ivw        383  IVW_MSG_AUW  
[2017/07/13 11:22:09 254] ivw        331  auw:  udata(a00ca398) 4  
[2017/07/13 11:22:09 274] ivw        383  IVW_MSG_AUW  
[2017/07/13 11:22:09 274] ivw        331  auw:  udata(a00ca438) 4  
[2017/07/13 11:22:09 294] ivw        383  IVW_MSG_AUW  
[2017/07/13 11:22:09 295] ivw        331  auw:  udata(a00ca538) 4  
[2017/07/13 11:22:09 315] ivw        383  IVW_MSG_AUW  
[2017/07/13 11:22:09 315] ivw        331  auw:  udata(a001e7b8) 4  
[2017/07/13 11:22:09 335] ivw        383  IVW_MSG_AUW  
[2017/07/13 11:22:09 335] ivw        331  auw:  udata(a00ca908) 4  
[2017/07/13 11:22:09 355] ivw        383  IVW_MSG_AUW  
[2017/07/13 11:22:09 355] ivw        331  auw:  udata(a0029e18) 4  
[2017/07/13 11:22:09 375] ivw        383  IVW_MSG_AUW  
[2017/07/13 11:22:09 375] ivw        331  auw:  udata(a009d3c8) 4  
[2017/07/13 11:22:09 395] ivw        383  IVW_MSG_AUW  
[2017/07/13 11:22:09 395] ivw        331  auw:  udata(a00ca5d8) 4  
[2017/07/13 11:22:09 415] ivw        383  IVW_MSG_AUW  
[2017/07/13 11:22:09 415] ivw        331  auw:  udata(a003e998) 4  
[2017/07/13 11:22:09 436] ivw        383  IVW_MSG_AUW  
[2017/07/13 11:22:09 436] ivw        331  auw:  udata(a003e9f8) 4  
[2017/07/13 11:22:09 455] ivw        383  IVW_MSG_AUW  
[2017/07/13 11:22:09 455] ivw        331  auw:  udata(a00d77d8) 4  
[2017/07/13 11:22:09 476] ivw        383  IVW_MSG_AUW  
[2017/07/13 11:22:09 476] ivw        331  auw:  udata(a00d78a8) 4  
[2017/07/13 11:22:09 496] ivw        383  IVW_MSG_AUW  
[2017/07/13 11:22:09 496] ivw        331  auw:  udata(a00ca728) 4  
[2017/07/13 11:22:09 516] ivw        383  IVW_MSG_AUW  
[2017/07/13 11:22:09 516] ivw        331  auw:  udata(a00d7978) 4  
[2017/07/13 11:22:09 536] ivw        383  IVW_MSG_AUW  
[2017/07/13 11:22:09 536] ivw        331  auw:  udata(a00ca7c8) 4  
[2017/07/13 11:22:09 556] ivw        383  IVW_MSG_AUW  
[2017/07/13 11:22:09 556] ivw        331  auw:  udata(a00ca818) 4  
[2017/07/13 11:22:09 575] ivw        383  IVW_MSG_AUW  
[2017/07/13 11:22:09 575] ivw        331  auw:  udata(a00d7a48) 4  
[2017/07/13 11:22:09 595] ivw        383  IVW_MSG_AUW  
[2017/07/13 11:22:09 595] ivw        331  auw:  udata(a00d7aa8) 4  
[2017/07/13 11:22:09 616] ivw        383  IVW_MSG_AUW  
[2017/07/13 11:22:09 616] ivw        331  auw:  udata(a00d7de8) 4  
[2017/07/13 11:22:09 636] ivw        383  IVW_MSG_AUW  
[2017/07/13 11:22:09 636] ivw        331  auw:  udata(a00d7eb8) 4  
[2017/07/13 11:22:09 656] ivw        383  IVW_MSG_AUW  
[2017/07/13 11:22:09 656] ivw        331  auw:  udata(a00d75d8) 4  
[2017/07/13 11:22:09 676] ivw        383  IVW_MSG_AUW  
[2017/07/13 11:22:09 676] ivw        331  auw:  udata(a00d7f88) 4  
[2017/07/13 11:22:09 696] ivw        383  IVW_MSG_AUW  
[2017/07/13 11:22:09 696] ivw        331  auw:  udata(a00d7678) 4  
[2017/07/13 11:22:09 716] ivw        383  IVW_MSG_AUW  
[2017/07/13 11:22:09 716] ivw        331  auw:  udata(a00d76c8) 4  
[2017/07/13 11:22:09 736] ivw        383  IVW_MSG_AUW  
[2017/07/13 11:22:09 736] ivw        331  auw:  udata(a00d8058) 4  
[2017/07/13 11:22:09 757] ivw        383  IVW_MSG_AUW  
[2017/07/13 11:22:09 757] ivw        331  auw:  udata(a00d80b8) 4  
[2017/07/13 11:22:09 777] ivw        383  IVW_MSG_AUW  
[2017/07/13 11:22:09 777] ivw        331  auw:  udata(a00d7be8) 4  
[2017/07/13 11:22:09 797] ivw        383  IVW_MSG_AUW  
[2017/07/13 11:22:09 797] ivw        331  auw:  udata(a00d83f8) 4  
[2017/07/13 11:22:09 817] ivw        383  IVW_MSG_AUW  
[2017/07/13 11:22:09 817] ivw        331  auw:  udata(a00d7c88) 4  
[2017/07/13 11:22:09 837] ivw        383  IVW_MSG_AUW  
[2017/07/13 11:22:09 837] ivw        331  auw:  udata(a00d7cd8) 4  
[2017/07/13 11:22:09 857] ivw        383  IVW_MSG_AUW  
[2017/07/13 11:22:09 857] ivw        331  auw:  udata(a00d84c8) 4  
[2017/07/13 11:22:09 877] ivw        383  IVW_MSG_AUW  
[2017/07/13 11:22:09 877] ivw        331  auw:  udata(a00d8578) 4  
[2017/07/13 11:22:09 897] ivw        383  IVW_MSG_AUW  
[2017/07/13 11:22:09 897] ivw        331  auw:  udata(a00d81f8) 4  
[2017/07/13 11:22:09 917] ivw        383  IVW_MSG_AUW  
[2017/07/13 11:22:09 917] ivw        331  auw:  udata(a00d8248) 4  
[2017/07/13 11:22:09 937] ivw        383  IVW_MSG_AUW  
[2017/07/13 11:22:09 937] ivw        331  auw:  udata(a00d8888) 4  
[2017/07/13 11:22:09 957] ivw        383  IVW_MSG_AUW  
[2017/07/13 11:22:09 957] ivw        331  auw:  udata(a00d8928) 4  
[2017/07/13 11:22:09 978] ivw        383  IVW_MSG_AUW  
[2017/07/13 11:22:09 978] ivw        331  auw:  udata(a00d8978) 4  
[2017/07/13 11:22:09 998] ivw        383  IVW_MSG_AUW  
[2017/07/13 11:22:09 998] ivw        331  auw:  udata(a00d8298) 4  
[2017/07/13 11:22:10 018] ivw        383  IVW_MSG_AUW  
[2017/07/13 11:22:10 018] ivw        331  auw:  udata(a00d8668) 4  
[2017/07/13 11:22:10 039] ivw        383  IVW_MSG_AUW  
[2017/07/13 11:22:10 039] ivw        331  auw:  udata(a00d8708) 4  
[2017/07/13 11:22:10 059] ivw        383  IVW_MSG_AUW  
[2017/07/13 11:22:10 059] ivw        331  auw:  udata(a00d8ca8) 4  
[2017/07/13 11:22:10 079] ivw        383  IVW_MSG_AUW  
[2017/07/13 11:22:10 079] ivw        331  auw:  udata(a00d8d48) 4  
[2017/07/13 11:22:10 099] ivw        383  IVW_MSG_AUW  
[2017/07/13 11:22:10 099] ivw        331  auw:  udata(a00d8d98) 4  
[2017/07/13 11:22:10 119] ivw        383  IVW_MSG_AUW  
[2017/07/13 11:22:10 119] ivw        331  auw:  udata(a00d8a28) 4  
[2017/07/13 11:22:10 139] ivw        383  IVW_MSG_AUW  
[2017/07/13 11:22:10 139] ivw        331  auw:  udata(a00d8a78) 4  
[2017/07/13 11:22:10 159] ivw        383  IVW_MSG_AUW  
[2017/07/13 11:22:10 159] ivw        331  auw:  udata(a00d9068) 4  
[2017/07/13 11:22:10 179] ivw        383  IVW_MSG_AUW  
[2017/07/13 11:22:10 179] ivw        331  auw:  udata(a00d8e48) 4  
[2017/07/13 11:22:10 199] ivw        383  IVW_MSG_AUW  
[2017/07/13 11:22:10 200] ivw        331  auw:  udata(a00d8ac8) 4  
[2017/07/13 11:22:10 200] ivw        383  IVW_MSG_AUW  
[2017/07/13 11:22:10 200] ivw        331  auw:  udata(a00d93b8) 4  
[2017/07/13 11:22:10 220] ivw        383  IVW_MSG_AUW  
[2017/07/13 11:22:10 220] ivw        331  auw:  udata(a00d8ee8) 4  
[2017/07/13 11:22:10 240] ivw        383  IVW_MSG_AUW  
[2017/07/13 11:22:10 240] ivw        331  auw:  udata(a00d9408) 4  
[2017/07/13 11:22:10 260] ivw        383  IVW_MSG_AUW  
[2017/07/13 11:22:10 260] ivw        331  auw:  udata(a00d9338) 4  
[2017/07/13 11:22:10 280] ivw        383  IVW_MSG_AUW  
[2017/07/13 11:22:10 280] ivw        331  auw:  udata(a00d96d8) 4  
[2017/07/13 11:22:10 300] ivw        383  IVW_MSG_AUW  
[2017/07/13 11:22:10 300] ivw        331  auw:  udata(a00d9138) 4  
[2017/07/13 11:22:10 320] ivw        383  IVW_MSG_AUW  
[2017/07/13 11:22:10 320] ivw        331  auw:  udata(a00d91d8) 4  
[2017/07/13 11:22:10 341] ivw        383  IVW_MSG_AUW  
[2017/07/13 11:22:10 341] ivw        331  auw:  udata(a00d9228) 4  
[2017/07/13 11:22:10 360] ivw        383  IVW_MSG_AUW  
[2017/07/13 11:22:10 361] ivw        331  auw:  udata(a00d9458) 4  
[2017/07/13 11:22:10 381] ivw        383  IVW_MSG_AUW  
[2017/07/13 11:22:10 381] ivw        331  auw:  udata(a00d9a18) 4  
[2017/07/13 11:22:10 401] ivw        383  IVW_MSG_AUW  
[2017/07/13 11:22:10 401] ivw        331  auw:  udata(a00d9ae8) 4  
[2017/07/13 11:22:10 421] ivw        383  IVW_MSG_AUW  
[2017/07/13 11:22:10 421] ivw        331  auw:  udata(a00d9bb8) 4  
[2017/07/13 11:22:10 441] ivw        383  IVW_MSG_AUW  
[2017/07/13 11:22:10 441] ivw        331  auw:  udata(a00d94a8) 4  
[2017/07/13 11:22:10 461] ivw        383  IVW_MSG_AUW  
[2017/07/13 11:22:10 461] ivw        331  auw:  udata(a00d94f8) 4  
[2017/07/13 11:22:10 481] ivw        383  IVW_MSG_AUW  
[2017/07/13 11:22:10 481] ivw        331  auw:  udata(a00d9598) 4  
[2017/07/13 11:22:10 501] ivw        383  IVW_MSG_AUW  
[2017/07/13 11:22:10 501] ivw        331  auw:  udata(a00d9c88) 4  
[2017/07/13 11:22:10 521] ivw        383  IVW_MSG_AUW  
[2017/07/13 11:22:10 521] ivw        331  auw:  udata(a00d9928) 4  
[2017/07/13 11:22:10 541] ivw        383  IVW_MSG_AUW  
[2017/07/13 11:22:10 541] ivw        331  auw:  udata(a00d97f8) 4  
[2017/07/13 11:22:10 562] ivw        383  IVW_MSG_AUW  
[2017/07/13 11:22:10 562] ivw        331  auw:  udata(a00d9d58) 4  
[2017/07/13 11:22:10 582] ivw        383  IVW_MSG_AUW  
[2017/07/13 11:22:10 582] ivw        331  auw:  udata(a00d9858) 4  
[2017/07/13 11:22:10 602] ivw        383  IVW_MSG_AUW  
[2017/07/13 11:22:10 602] ivw        331  auw:  udata(a00da238) 4  
[2017/07/13 11:22:10 621] ivw        383  IVW_MSG_AUW  
[2017/07/13 11:22:10 621] ivw        331  auw:  udata(a00da308) 4  
[2017/07/13 11:22:10 641] ivw        383  IVW_MSG_AUW  
[2017/07/13 11:22:10 641] ivw        331  auw:  udata(a00da3d8) 4  
[2017/07/13 11:22:10 661] ivw        383  IVW_MSG_AUW  
[2017/07/13 11:22:10 661] ivw        331  auw:  udata(a00da4a8) 4  
[2017/07/13 11:22:10 682] ivw        383  IVW_MSG_AUW  
[2017/07/13 11:22:10 682] ivw        331  auw:  udata(a00da578) 4  
[2017/07/13 11:22:10 702] ivw        383  IVW_MSG_AUW  
[2017/07/13 11:22:10 702] ivw        331  auw:  udata(a00da648) 4  
[2017/07/13 11:22:10 722] ivw        383  IVW_MSG_AUW  
[2017/07/13 11:22:10 722] ivw        331  auw:  udata(a00d9e08) 4  
[2017/07/13 11:22:10 742] ivw        383  IVW_MSG_AUW  
[2017/07/13 11:22:10 742] ivw        331  auw:  udata(a00da718) 4  
[2017/07/13 11:22:10 762] ivw        383  IVW_MSG_AUW  
[2017/07/13 11:22:10 762] ivw        331  auw:  udata(a00da098) 4  
[2017/07/13 11:22:10 782] ivw        383  IVW_MSG_AUW  
[2017/07/13 11:22:10 782] ivw        331  auw:  udata(a00d9ef8) 4  
[2017/07/13 11:22:10 802] ivw        383  IVW_MSG_AUW  
[2017/07/13 11:22:10 802] ivw        331  auw:  udata(a00d9f98) 4  
[2017/07/13 11:22:10 822] ivw        383  IVW_MSG_AUW  
[2017/07/13 11:22:10 822] ivw        331  auw:  udata(a00d9fe8) 4  
[2017/07/13 11:22:10 842] ivw        383  IVW_MSG_AUW  
[2017/07/13 11:22:10 842] ivw        331  auw:  udata(a00da0f8) 4  
[2017/07/13 11:22:10 862] ivw        383  IVW_MSG_AUW  
[2017/07/13 11:22:10 862] ivw        331  auw:  udata(a00daa98) 4  
[2017/07/13 11:22:10 883] ivw        383  IVW_MSG_AUW  
[2017/07/13 11:22:10 883] ivw        331  auw:  udata(a00da9e8) 4  
[2017/07/13 11:22:10 903] ivw        383  IVW_MSG_AUW  
[2017/07/13 11:22:10 903] ivw        331  auw:  udata(a00daae8) 4  
[2017/07/13 11:22:10 923] ivw        383  IVW_MSG_AUW  
[2017/07/13 11:22:10 923] ivw        331  auw:  udata(a00da7e8) 4  
[2017/07/13 11:22:10 943] ivw        383  IVW_MSG_AUW  
[2017/07/13 11:22:10 943] ivw        331  auw:  udata(a00da888) 4  
[2017/07/13 11:22:10 963] ivw        383  IVW_MSG_AUW  
[2017/07/13 11:22:10 963] ivw        331  auw:  udata(a00dae08) 4  
[2017/07/13 11:22:10 983] ivw        383  IVW_MSG_AUW  
[2017/07/13 11:22:10 983] ivw        331  auw:  udata(a00db078) 4  
[2017/07/13 11:22:11 003] ivw        383  IVW_MSG_AUW  
[2017/07/13 11:22:11 003] ivw        331  auw:  udata(a00db148) 4  
[2017/07/13 11:22:11 023] ivw        383  IVW_MSG_AUW  
[2017/07/13 11:22:11 023] ivw        331  auw:  udata(a00db218) 4  
[2017/07/13 11:22:11 043] ivw        383  IVW_MSG_AUW  
[2017/07/13 11:22:11 043] ivw        331  auw:  udata(a00db2e8) 4  
[2017/07/13 11:22:11 064] ivw        383  IVW_MSG_AUW  
[2017/07/13 11:22:11 064] ivw        331  auw:  udata(a00db3b8) 4  
[2017/07/13 11:22:11 084] ivw        383  IVW_MSG_AUW  
[2017/07/13 11:22:11 084] ivw        331  auw:  udata(a00daed8) 4  
[2017/07/13 11:22:11 104] ivw        383  IVW_MSG_AUW  
[2017/07/13 11:22:11 104] ivw        331  auw:  udata(a00db488) 4  
[2017/07/13 11:22:11 124] ivw        383  IVW_MSG_AUW  
[2017/07/13 11:22:11 124] ivw        331  auw:  udata(a00db558) 4  
[2017/07/13 11:22:11 144] ivw        383  IVW_MSG_AUW  
[2017/07/13 11:22:11 144] ivw        331  auw:  udata(a00db5f8) 4  
[2017/07/13 11:22:11 164] ivw        383  IVW_MSG_AUW  
[2017/07/13 11:22:11 164] ivw        331  auw:  udata(a00dafc8) 4  
[2017/07/13 11:22:11 184] ivw        383  IVW_MSG_AUW  
[2017/07/13 11:22:11 184] ivw        331  auw:  udata(a00db648) 4  
[2017/07/13 11:22:11 204] ivw        383  IVW_MSG_AUW  
[2017/07/13 11:22:11 204] ivw        331  auw:  udata(a00db898) 4  
[2017/07/13 11:22:11 224] ivw        383  IVW_MSG_AUW  
[2017/07/13 11:22:11 224] ivw        331  auw:  udata(a00db968) 4  
[2017/07/13 11:22:11 244] ivw        383  IVW_MSG_AUW  
[2017/07/13 11:22:11 244] ivw        331  auw:  udata(a00db6f8) 4  
[2017/07/13 11:22:11 264] ivw        383  IVW_MSG_AUW  
[2017/07/13 11:22:11 264] ivw        331  auw:  udata(a00dba38) 4  
[2017/07/13 11:22:11 284] ivw        383  IVW_MSG_AUW  
[2017/07/13 11:22:11 284] ivw        331  auw:  udata(a00db798) 4  
[2017/07/13 11:22:11 304] ivw        383  IVW_MSG_AUW  
[2017/07/13 11:22:11 304] ivw        331  auw:  udata(a00db7e8) 4  
[2017/07/13 11:22:11 324] ivw        383  IVW_MSG_AUW  
[2017/07/13 11:22:11 324] ivw        331  auw:  udata(a00dbb08) 4  
[2017/07/13 11:22:11 344] ivw        383  IVW_MSG_AUW  
[2017/07/13 11:22:11 344] ivw        331  auw:  udata(a00dbb68) 4  
[2017/07/13 11:22:11 364] ivw        383  IVW_MSG_AUW  
[2017/07/13 11:22:11 364] ivw        331  auw:  udata(a00dac08) 4  
[2017/07/13 11:22:11 385] ivw        383  IVW_MSG_AUW  
[2017/07/13 11:22:11 385] ivw        331  auw:  udata(a00dbea8) 4  
[2017/07/13 11:22:11 405] ivw        383  IVW_MSG_AUW  
[2017/07/13 11:22:11 405] ivw        331  auw:  udata(a00dbf78) 4  
[2017/07/13 11:22:11 425] ivw        383  IVW_MSG_AUW  
[2017/07/13 11:22:11 425] ivw        331  auw:  udata(a00dc018) 4  
[2017/07/13 11:22:11 445] ivw        383  IVW_MSG_AUW  
[2017/07/13 11:22:11 445] ivw        331  auw:  udata(a00dc068) 4  
[2017/07/13 11:22:11 465] ivw        383  IVW_MSG_AUW  
[2017/07/13 11:22:11 465] ivw        331  auw:  udata(a00daca8) 4  
[2017/07/13 11:22:11 484] ivw        383  IVW_MSG_AUW  
[2017/07/13 11:22:11 484] ivw        331  auw:  udata(a00dacf8) 4  
[2017/07/13 11:22:11 513] ivw        383  IVW_MSG_AUW  
[2017/07/13 11:22:11 513] ivw        331  auw:  udata(a00dc118) 4  
[2017/07/13 11:22:11 533] ivw        383  IVW_MSG_AUW  
[2017/07/13 11:22:11 533] ivw        331  auw:  udata(a00dc178) 4  
[2017/07/13 11:22:11 553] ivw        383  IVW_MSG_AUW  
[2017/07/13 11:22:11 553] ivw        331  auw:  udata(a00dc518) 4  
[2017/07/13 11:22:11 573] ivw        383  IVW_MSG_AUW  
[2017/07/13 11:22:11 573] ivw        331  auw:  udata(a00dbca8) 4  
[2017/07/13 11:22:11 593] ivw        383  IVW_MSG_AUW  
[2017/07/13 11:22:11 593] ivw        331  auw:  udata(a00dbd48) 4  
[2017/07/13 11:22:11 613] ivw        383  IVW_MSG_AUW  
[2017/07/13 11:22:11 613] ivw        331  auw:  udata(a00dc6b8) 4  
[2017/07/13 11:22:11 634] ivw        383  IVW_MSG_AUW  
[2017/07/13 11:22:11 634] ivw        331  auw:  udata(a00dc5e8) 4  
[2017/07/13 11:22:11 654] ivw        383  IVW_MSG_AUW  
[2017/07/13 11:22:11 654] ivw        331  auw:  udata(a00dc858) 4  
[2017/07/13 11:22:11 674] ivw        383  IVW_MSG_AUW  
[2017/07/13 11:22:11 674] ivw        331  auw:  udata(a00dc8f8) 4  
[2017/07/13 11:22:11 694] ivw        383  IVW_MSG_AUW  
[2017/07/13 11:22:11 694] ivw        331  auw:  udata(a00dc7a8) 4  
[2017/07/13 11:22:11 714] ivw        383  IVW_MSG_AUW  
[2017/07/13 11:22:11 714] ivw        331  auw:  udata(a00dc948) 4  
[2017/07/13 11:22:11 734] ivw        383  IVW_MSG_AUW  
[2017/07/13 11:22:11 734] ivw        331  auw:  udata(a00dcb98) 4  
[2017/07/13 11:22:11 754] ivw        383  IVW_MSG_AUW  
[2017/07/13 11:22:11 754] ivw        331  auw:  udata(a00dc9f8) 4  
[2017/07/13 11:22:11 774] ivw        383  IVW_MSG_AUW  
[2017/07/13 11:22:11 774] ivw        331  auw:  udata(a00dcc68) 4  
[2017/07/13 11:22:11 794] ivw        383  IVW_MSG_AUW  
[2017/07/13 11:22:11 794] ivw        331  auw:  udata(a00dca98) 4  
[2017/07/13 11:22:11 814] ivw        383  IVW_MSG_AUW  
[2017/07/13 11:22:11 814] ivw        331  auw:  udata(a00dcae8) 4  
[2017/07/13 11:22:11 834] ivw        383  IVW_MSG_AUW  
[2017/07/13 11:22:11 834] ivw        331  auw:  udata(a00dcd38) 4  
[2017/07/13 11:22:11 854] ivw        383  IVW_MSG_AUW  
[2017/07/13 11:22:11 854] ivw        331  auw:  udata(a00dcde8) 4  
[2017/07/13 11:22:11 874] ivw        383  IVW_MSG_AUW  
[2017/07/13 11:22:11 874] ivw        331  auw:  udata(a00dc318) 4  
[2017/07/13 11:22:11 894] ivw        383  IVW_MSG_AUW  
[2017/07/13 11:22:11 894] ivw        331  auw:  udata(a00dc3e8) 4  
[2017/07/13 11:22:11 914] ivw        383  IVW_MSG_AUW  
[2017/07/13 11:22:11 914] ivw        331  auw:  udata(a00dc368) 4  
[2017/07/13 11:22:11 935] ivw        383  IVW_MSG_AUW  
[2017/07/13 11:22:11 935] ivw        331  auw:  udata(a00dd008) 4  
[2017/07/13 11:22:11 955] ivw        383  IVW_MSG_AUW  
[2017/07/13 11:22:11 955] ivw        331  auw:  udata(a00dced8) 4  
[2017/07/13 11:22:11 975] ivw        383  IVW_MSG_AUW  
[2017/07/13 11:22:11 975] ivw        331  auw:  udata(a00dd438) 4  
[2017/07/13 11:22:11 995] ivw        383  IVW_MSG_AUW  
[2017/07/13 11:22:11 995] ivw        331  auw:  udata(a00dd508) 4  
[2017/07/13 11:22:12 015] ivw        383  IVW_MSG_AUW  
[2017/07/13 11:22:12 015] ivw        331  auw:  udata(a00dcf28) 4  
[2017/07/13 11:22:12 035] ivw        383  IVW_MSG_AUW  
[2017/07/13 11:22:12 035] ivw        331  auw:  udata(a00dd298) 4  
[2017/07/13 11:22:12 055] ivw        383  IVW_MSG_AUW  
[2017/07/13 11:22:12 055] ivw        331  auw:  udata(a00dd5d8) 4  
[2017/07/13 11:22:12 075] ivw        383  IVW_MSG_AUW  
[2017/07/13 11:22:12 075] ivw        331  auw:  udata(a00dd0f8) 4  
[2017/07/13 11:22:12 095] ivw        383  IVW_MSG_AUW  
[2017/07/13 11:22:12 095] ivw        331  auw:  udata(a00dd1a8) 4  
[2017/07/13 11:22:12 115] ivw        383  IVW_MSG_AUW  
[2017/07/13 11:22:12 115] ivw        331  auw:  udata(a00dd348) 4  
[2017/07/13 11:22:12 136] ivw        383  IVW_MSG_AUW  
[2017/07/13 11:22:12 136] ivw        331  auw:  udata(a00dd848) 4  
[2017/07/13 11:22:12 156] ivw        383  IVW_MSG_AUW  
[2017/07/13 11:22:12 156] ivw        331  auw:  udata(a00dd8a8) 4  
[2017/07/13 11:22:12 176] ivw        383  IVW_MSG_AUW  
[2017/07/13 11:22:12 176] ivw        331  auw:  udata(a00ddb88) 4  
[2017/07/13 11:22:12 196] ivw        383  IVW_MSG_AUW  
[2017/07/13 11:22:12 196] ivw        331  auw:  udata(a00ddc58) 4  
[2017/07/13 11:22:12 216] ivw        383  IVW_MSG_AUW  
[2017/07/13 11:22:12 216] ivw        331  auw:  udata(a00dd8f8) 4  
[2017/07/13 11:22:12 236] ivw        383  IVW_MSG_AUW  
[2017/07/13 11:22:12 236] ivw        331  auw:  udata(a00ddd28) 4  
[2017/07/13 11:22:12 256] ivw        383  IVW_MSG_AUW  
[2017/07/13 11:22:12 257] ivw        331  auw:  udata(a00dd9e8) 4  
[2017/07/13 11:22:12 276] ivw        383  IVW_MSG_AUW  
[2017/07/13 11:22:12 276] ivw        331  auw:  udata(a00dda38) 4  
[2017/07/13 11:22:12 297] ivw        383  IVW_MSG_AUW  
[2017/07/13 11:22:12 297] ivw        331  auw:  udata(a00dd6a8) 4  
[2017/07/13 11:22:12 317] ivw        383  IVW_MSG_AUW  
[2017/07/13 11:22:12 317] ivw        331  auw:  udata(a00de018) 4  
[2017/07/13 11:22:12 337] ivw        383  IVW_MSG_AUW  
[2017/07/13 11:22:12 337] ivw        331  auw:  udata(a00dddf8) 4  
[2017/07/13 11:22:12 357] ivw        383  IVW_MSG_AUW  
[2017/07/13 11:22:12 357] ivw        331  auw:  udata(a00dd6f8) 4  
[2017/07/13 11:22:12 377] ivw        383  IVW_MSG_AUW  
[2017/07/13 11:22:12 377] ivw        331  auw:  udata(a00dde48) 4  
[2017/07/13 11:22:12 397] ivw        383  IVW_MSG_AUW  
[2017/07/13 11:22:12 397] ivw        331  auw:  udata(a00ddee8) 4  
[2017/07/13 11:22:12 417] ivw        383  IVW_MSG_AUW  
[2017/07/13 11:22:12 417] ivw        331  auw:  udata(a00de3b8) 4  
[2017/07/13 11:22:12 437] ivw        383  IVW_MSG_AUW  
[2017/07/13 11:22:12 438] ivw        331  auw:  udata(a00de2e8) 4  
[2017/07/13 11:22:12 458] ivw        383  IVW_MSG_AUW  
[2017/07/13 11:22:12 458] ivw        331  auw:  udata(a00de558) 4  
