============================================================
Time  2017/07/07 09:37:16 275 
============================================================
[2017/07/07 09:37:16 275] ivw        420  ivw loaded!  
[2017/07/07 09:37:16 275] ivw        408  SYS_MSG_REGCB  msp_status_cb  func(880997d0) 
[2017/07/07 09:37:16 277] ivw        375  IVW_MSG_SSB  
[2017/07/07 09:37:16 277] ivw        230  ssb:  ivw_threshold=0:-20,sst=wakeup  
[2017/07/07 09:37:16 277] ivw        248  net_type:  standard  
[2017/07/07 09:37:16 278] ivw        408  SYS_MSG_REGCB  MsgProcCallBack  func(880bb330) 
[2017/07/07 09:37:16 279] ivw        134  ivwMessageCallBack  2001  822a6c4876676d0b44c91fc3f264e0df  nil  nil  
[2017/07/07 09:37:16 279] ivw        383  IVW_MSG_AUW  
[2017/07/07 09:37:16 279] ivw        331  auw:  udata(880bb418) 1  
[2017/07/07 09:37:16 478] ivw        383  IVW_MSG_AUW  
[2017/07/07 09:37:16 478] ivw        331  auw:  udata(8801eee8) 2  
[2017/07/07 09:37:16 678] ivw        383  IVW_MSG_AUW  
[2017/07/07 09:37:16 678] ivw        331  auw:  udata(880bc588) 2  
[2017/07/07 09:37:16 878] ivw        383  IVW_MSG_AUW  
[2017/07/07 09:37:16 879] ivw        331  auw:  udata(880d3fd8) 2  
[2017/07/07 09:37:17 079] ivw        383  IVW_MSG_AUW  
[2017/07/07 09:37:17 079] ivw        331  auw:  udata(880d0448) 2  
[2017/07/07 09:37:17 279] ivw        383  IVW_MSG_AUW  
[2017/07/07 09:37:17 279] ivw        331  auw:  udata(88019268) 2  
[2017/07/07 09:37:17 479] ivw        383  IVW_MSG_AUW  
[2017/07/07 09:37:17 479] ivw        331  auw:  udata(88031008) 2  
[2017/07/07 09:37:17 679] ivw        383  IVW_MSG_AUW  
[2017/07/07 09:37:17 679] ivw        331  auw:  udata(880bb7e8) 2  
[2017/07/07 09:37:17 880] ivw        383  IVW_MSG_AUW  
[2017/07/07 09:37:17 880] ivw        331  auw:  udata(8809c348) 2  
[2017/07/07 09:37:18 080] ivw        383  IVW_MSG_AUW  
[2017/07/07 09:37:18 080] ivw        331  auw:  udata(880cf658) 2  
[2017/07/07 09:37:18 280] ivw        383  IVW_MSG_AUW  
[2017/07/07 09:37:18 280] ivw        331  auw:  udata(880d0f98) 2  
[2017/07/07 09:37:18 480] ivw        383  IVW_MSG_AUW  
[2017/07/07 09:37:18 480] ivw        331  auw:  udata(880d1068) 2  
[2017/07/07 09:37:18 681] ivw        383  IVW_MSG_AUW  
[2017/07/07 09:37:18 681] ivw        331  auw:  udata(880ce158) 2  
[2017/07/07 09:37:18 881] ivw        383  IVW_MSG_AUW  
[2017/07/07 09:37:18 881] ivw        331  auw:  udata(880ce228) 2  
[2017/07/07 09:37:19 081] ivw        383  IVW_MSG_AUW  
[2017/07/07 09:37:19 081] ivw        331  auw:  udata(880ce2f8) 2  
[2017/07/07 09:37:19 281] ivw        383  IVW_MSG_AUW  
[2017/07/07 09:37:19 281] ivw        331  auw:  udata(880ce3c8) 2  
[2017/07/07 09:37:19 482] ivw        383  IVW_MSG_AUW  
[2017/07/07 09:37:19 482] ivw        331  auw:  udata(880ce498) 2  
[2017/07/07 09:37:19 682] ivw        383  IVW_MSG_AUW  
[2017/07/07 09:37:19 682] ivw        331  auw:  udata(88091788) 2  
[2017/07/07 09:37:19 882] ivw        383  IVW_MSG_AUW  
[2017/07/07 09:37:19 882] ivw        331  auw:  udata(88091858) 2  
[2017/07/07 09:37:20 083] ivw        383  IVW_MSG_AUW  
[2017/07/07 09:37:20 083] ivw        331  auw:  udata(88091928) 2  
[2017/07/07 09:37:20 283] ivw        383  IVW_MSG_AUW  
[2017/07/07 09:37:20 283] ivw        331  auw:  udata(880919f8) 2  
[2017/07/07 09:37:20 483] ivw        383  IVW_MSG_AUW  
[2017/07/07 09:37:20 483] ivw        331  auw:  udata(88091ac8) 4  
[2017/07/07 09:37:20 484] ivw        395  IVW_MSG_SSE  
[2017/07/07 09:37:20 484] ivw        358  ivw.sse ivw  
[2017/07/07 09:37:20 484] ivw        214  local_plog_process  
[2017/07/07 09:37:20 484] ivw        176  collect_plog_data  
[2017/07/07 09:37:20 485] ivw        403  SYS_MSG_UNLOAD  
