============================================================
Time  2017/07/06 16:52:48 402 
============================================================
[2017/07/06 16:52:48 402] grm_lex    264  SYS_MSG_LOAD  
[2017/07/06 16:52:48 402] grm_lex    281  SYS_MSG_REGCB  
[2017/07/06 16:52:48 402] grm_lex    267  SYS_MSG_UNLOAD  
[2017/07/06 16:52:48 402] grm_lex    281  SYS_MSG_REGCB  
[2017/07/06 16:52:48 402] grm_lex    251  ISR_MSG_BUILDGRAMMAR  
[2017/07/06 16:52:48 402] grm_lex    100  grm_type :  bnf  
[2017/07/06 16:52:48 402] grm_lex    106  engine_type  :  local  
[2017/07/06 16:52:48 402] grm_lex    106  asr_res_path  :  fo|res/asr/common.jet  
[2017/07/06 16:52:48 402] grm_lex    106  sample_rate  :  16000  
[2017/07/06 16:52:48 402] grm_lex    106  grm_build_path  :  res/asr/GrmBuilld  
[2017/07/06 16:52:48 403] grm_lex    254  ISR_MSG_BUILDGRAMMAR ret =  0  
[2017/07/06 16:52:48 504] grm_lex    71   0  call  
============================================================
Time  2017/07/06 16:52:55 173 
============================================================
[2017/07/06 16:52:55 173] grm_lex    264  SYS_MSG_LOAD  
[2017/07/06 16:52:55 173] grm_lex    281  SYS_MSG_REGCB  
[2017/07/06 16:52:55 173] grm_lex    267  SYS_MSG_UNLOAD  
[2017/07/06 16:52:55 173] grm_lex    281  SYS_MSG_REGCB  
[2017/07/06 16:52:55 173] grm_lex    257  ISR_MSG_UPDATELEXICON  
[2017/07/06 16:52:55 173] grm_lex    168  contact  16  
[2017/07/06 16:52:55 173] grm_lex    174  engine_type  :  local  
[2017/07/06 16:52:55 173] grm_lex    174  text_encoding  :  UTF-8  
[2017/07/06 16:52:55 174] grm_lex    174  asr_res_path  :  fo|res/asr/common.jet  
[2017/07/06 16:52:55 174] grm_lex    174  sample_rate  :  16000  
[2017/07/06 16:52:55 174] grm_lex    174  grm_build_path  :  res/asr/GrmBuilld  
[2017/07/06 16:52:55 174] grm_lex    174  grammar_list  :  call  
[2017/07/06 16:52:55 174] grm_lex    260  ISR_MSG_UPDATELEXICON ret =  0  
[2017/07/06 16:52:55 181] grm_lex    71   0  call  
============================================================
Time  2017/07/07 15:05:07 659 
============================================================
[2017/07/07 15:05:07 659] grm_lex    264  SYS_MSG_LOAD  
[2017/07/07 15:05:07 659] grm_lex    281  SYS_MSG_REGCB  
[2017/07/07 15:05:07 659] grm_lex    267  SYS_MSG_UNLOAD  
[2017/07/07 15:05:07 660] grm_lex    281  SYS_MSG_REGCB  
[2017/07/07 15:05:07 660] grm_lex    251  ISR_MSG_BUILDGRAMMAR  
[2017/07/07 15:05:07 660] grm_lex    100  grm_type :  bnf  
[2017/07/07 15:05:07 660] grm_lex    106  engine_type  :  local  
[2017/07/07 15:05:07 660] grm_lex    106  asr_res_path  :  fo|res/asr/common.jet  
[2017/07/07 15:05:07 660] grm_lex    106  sample_rate  :  16000  
[2017/07/07 15:05:07 660] grm_lex    106  grm_build_path  :  res/asr/GrmBuilld  
[2017/07/07 15:05:07 661] grm_lex    254  ISR_MSG_BUILDGRAMMAR ret =  0  
[2017/07/07 15:05:07 695] grm_lex    71   0  call  
============================================================
Time  2017/07/07 15:05:13 413 
============================================================
[2017/07/07 15:05:13 413] grm_lex    264  SYS_MSG_LOAD  
[2017/07/07 15:05:13 413] grm_lex    281  SYS_MSG_REGCB  
[2017/07/07 15:05:13 413] grm_lex    267  SYS_MSG_UNLOAD  
[2017/07/07 15:05:13 413] grm_lex    281  SYS_MSG_REGCB  
[2017/07/07 15:05:13 413] grm_lex    257  ISR_MSG_UPDATELEXICON  
[2017/07/07 15:05:13 413] grm_lex    168  contact  16  
[2017/07/07 15:05:13 413] grm_lex    174  engine_type  :  local  
[2017/07/07 15:05:13 413] grm_lex    174  text_encoding  :  UTF-8  
[2017/07/07 15:05:13 413] grm_lex    174  asr_res_path  :  fo|res/asr/common.jet  
[2017/07/07 15:05:13 413] grm_lex    174  sample_rate  :  16000  
[2017/07/07 15:05:13 413] grm_lex    174  grm_build_path  :  res/asr/GrmBuilld  
[2017/07/07 15:05:13 413] grm_lex    174  grammar_list  :  call  
[2017/07/07 15:05:13 414] grm_lex    260  ISR_MSG_UPDATELEXICON ret =  0  
[2017/07/07 15:05:13 421] grm_lex    71   0  call  
============================================================
Time  2017/07/10 15:45:38 195 
============================================================
[2017/07/10 15:45:38 195] grm_lex    264  SYS_MSG_LOAD  
[2017/07/10 15:45:38 205] grm_lex    281  SYS_MSG_REGCB  
[2017/07/10 15:45:38 205] grm_lex    267  SYS_MSG_UNLOAD  
[2017/07/10 15:45:38 205] grm_lex    281  SYS_MSG_REGCB  
[2017/07/10 15:45:38 205] grm_lex    251  ISR_MSG_BUILDGRAMMAR  
[2017/07/10 15:45:38 205] grm_lex    100  grm_type :  bnf  
[2017/07/10 15:45:38 205] grm_lex    106  engine_type  :  local  
[2017/07/10 15:45:38 205] grm_lex    106  asr_res_path  :  fo|res/asr/common.jet  
[2017/07/10 15:45:38 205] grm_lex    106  sample_rate  :  16000  
[2017/07/10 15:45:38 205] grm_lex    106  grm_build_path  :  res/asr/GrmBuilld  
[2017/07/10 15:45:38 206] grm_lex    254  ISR_MSG_BUILDGRAMMAR ret =  0  
[2017/07/10 15:45:38 306] grm_lex    71   0  call  
============================================================
Time  2017/07/10 15:45:45 737 
============================================================
[2017/07/10 15:45:45 737] grm_lex    264  SYS_MSG_LOAD  
[2017/07/10 15:45:45 737] grm_lex    281  SYS_MSG_REGCB  
[2017/07/10 15:45:45 738] grm_lex    267  SYS_MSG_UNLOAD  
[2017/07/10 15:45:45 738] grm_lex    281  SYS_MSG_REGCB  
[2017/07/10 15:45:45 738] grm_lex    257  ISR_MSG_UPDATELEXICON  
[2017/07/10 15:45:45 738] grm_lex    168  contact  16  
[2017/07/10 15:45:45 738] grm_lex    174  engine_type  :  local  
[2017/07/10 15:45:45 738] grm_lex    174  text_encoding  :  UTF-8  
[2017/07/10 15:45:45 738] grm_lex    174  asr_res_path  :  fo|res/asr/common.jet  
[2017/07/10 15:45:45 738] grm_lex    174  sample_rate  :  16000  
[2017/07/10 15:45:45 738] grm_lex    174  grm_build_path  :  res/asr/GrmBuilld  
[2017/07/10 15:45:45 738] grm_lex    174  grammar_list  :  call  
[2017/07/10 15:45:45 739] grm_lex    260  ISR_MSG_UPDATELEXICON ret =  0  
[2017/07/10 15:45:45 748] grm_lex    71   0  call  
============================================================
Time  2017/07/10 16:27:09 501 
============================================================
[2017/07/10 16:27:09 501] grm_lex    264  SYS_MSG_LOAD  
[2017/07/10 16:27:09 501] grm_lex    281  SYS_MSG_REGCB  
[2017/07/10 16:27:09 501] grm_lex    267  SYS_MSG_UNLOAD  
[2017/07/10 16:27:09 501] grm_lex    281  SYS_MSG_REGCB  
[2017/07/10 16:27:09 501] grm_lex    251  ISR_MSG_BUILDGRAMMAR  
[2017/07/10 16:27:09 501] grm_lex    100  grm_type :  bnf  
[2017/07/10 16:27:09 501] grm_lex    106  engine_type  :  local  
[2017/07/10 16:27:09 501] grm_lex    106  asr_res_path  :  fo|res/asr/common.jet  
[2017/07/10 16:27:09 501] grm_lex    106  sample_rate  :  16000  
[2017/07/10 16:27:09 501] grm_lex    106  grm_build_path  :  res/asr/GrmBuilld  
[2017/07/10 16:27:09 502] grm_lex    254  ISR_MSG_BUILDGRAMMAR ret =  0  
[2017/07/10 16:27:09 509] grm_lex    71   0  call  
============================================================
Time  2017/07/10 16:27:16 073 
============================================================
[2017/07/10 16:27:16 073] grm_lex    264  SYS_MSG_LOAD  
[2017/07/10 16:27:16 073] grm_lex    281  SYS_MSG_REGCB  
[2017/07/10 16:27:16 074] grm_lex    267  SYS_MSG_UNLOAD  
[2017/07/10 16:27:16 074] grm_lex    281  SYS_MSG_REGCB  
[2017/07/10 16:27:16 074] grm_lex    257  ISR_MSG_UPDATELEXICON  
[2017/07/10 16:27:16 074] grm_lex    168  contact  16  
[2017/07/10 16:27:16 074] grm_lex    174  engine_type  :  local  
[2017/07/10 16:27:16 074] grm_lex    174  text_encoding  :  UTF-8  
[2017/07/10 16:27:16 074] grm_lex    174  asr_res_path  :  fo|res/asr/common.jet  
[2017/07/10 16:27:16 074] grm_lex    174  sample_rate  :  16000  
[2017/07/10 16:27:16 074] grm_lex    174  grm_build_path  :  res/asr/GrmBuilld  
[2017/07/10 16:27:16 074] grm_lex    174  grammar_list  :  call  
[2017/07/10 16:27:16 074] grm_lex    260  ISR_MSG_UPDATELEXICON ret =  0  
[2017/07/10 16:27:16 080] grm_lex    71   0  call  
