============================================================
Time  2017/07/06 16:20:02 287 
============================================================
[2017/07/06 16:20:02 287] lgi        641  SYS_MSG_LOAD  
[2017/07/06 16:20:02 288] lgi        663  SYS_MSG_REGCB  msp_status_cb  func(c4015e00) 
[2017/07/06 16:20:02 288] lgi        292  LGI_MSG_INIT  
[2017/07/06 16:20:02 288] lgi        299  lgi  lgi_  268436457  1495166264  
[2017/07/06 16:20:02 288] lgi        332  lgi params:  appid = 595c9d5c,engine_start = ivw,ivw_res_path =fo|res/ivw/wakeupresource.jet, work_dir = .  
[2017/07/06 16:20:02 288] lgi        346  auth_time_str=  2017/07/06 16:20:02  
[2017/07/06 16:20:02 288] lgi        352  auth_appid=  595c9d5c  
[2017/07/06 16:20:02 288] lgi        363  token:  nil  
[2017/07/06 16:20:02 288] lgi        433  msc cver : 5.0.33.1158  
[2017/07/06 16:20:02 288] lgi        476  ns_enable=  1  
[2017/07/06 16:20:02 288] lgi        488  prot_ver=1  
[2017/07/06 16:20:02 288] lgi        499  prot_type=tcp  
[2017/07/06 16:20:02 296] lgi        650  SYS_MSG_UNLOAD  go bg!  
[2017/07/06 16:20:05 710] lgi        654  SYS_MSG_SHUTDOWN  
============================================================
Time  2017/07/07 09:36:48 709 
============================================================
[2017/07/07 09:36:48 709] lgi        641  SYS_MSG_LOAD  
[2017/07/07 09:36:48 728] lgi        663  SYS_MSG_REGCB  msp_status_cb  func(b8013530) 
[2017/07/07 09:36:48 728] lgi        292  LGI_MSG_INIT  
[2017/07/07 09:36:48 728] lgi        299  lgi  lgi_  268436457  1495166264  
[2017/07/07 09:36:48 728] lgi        332  lgi params:  appid = 595c9d5c,engine_start = ivw,ivw_res_path =fo|res/ivw/wakeupresource.jet, work_dir = .  
[2017/07/07 09:36:48 728] lgi        346  auth_time_str=  2017/07/07 09:36:48  
[2017/07/07 09:36:48 728] lgi        352  auth_appid=  595c9d5c  
[2017/07/07 09:36:48 728] lgi        363  token:  nil  
[2017/07/07 09:36:48 728] lgi        433  msc cver : 5.0.33.1158  
[2017/07/07 09:36:48 728] lgi        476  ns_enable=  1  
[2017/07/07 09:36:48 728] lgi        488  prot_ver=1  
[2017/07/07 09:36:48 728] lgi        499  prot_type=tcp  
[2017/07/07 09:36:48 745] lgi        650  SYS_MSG_UNLOAD  go bg!  
[2017/07/07 09:36:52 968] lgi        654  SYS_MSG_SHUTDOWN  
============================================================
Time  2017/07/07 09:37:16 268 
============================================================
[2017/07/07 09:37:16 268] lgi        641  SYS_MSG_LOAD  
[2017/07/07 09:37:16 269] lgi        663  SYS_MSG_REGCB  msp_status_cb  func(7c013510) 
[2017/07/07 09:37:16 269] lgi        292  LGI_MSG_INIT  
[2017/07/07 09:37:16 269] lgi        299  lgi  lgi_  268436457  1495166264  
[2017/07/07 09:37:16 269] lgi        332  lgi params:  appid = 595c9d5c,engine_start = ivw,ivw_res_path =fo|res/ivw/wakeupresource.jet, work_dir = .  
[2017/07/07 09:37:16 269] lgi        346  auth_time_str=  2017/07/07 09:37:16  
[2017/07/07 09:37:16 269] lgi        352  auth_appid=  595c9d5c  
[2017/07/07 09:37:16 269] lgi        363  token:  nil  
[2017/07/07 09:37:16 269] lgi        433  msc cver : 5.0.33.1158  
[2017/07/07 09:37:16 269] lgi        476  ns_enable=  1  
[2017/07/07 09:37:16 269] lgi        488  prot_ver=1  
[2017/07/07 09:37:16 269] lgi        499  prot_type=tcp  
[2017/07/07 09:37:16 270] lgi        650  SYS_MSG_UNLOAD  go bg!  
[2017/07/07 09:37:26 226] lgi        654  SYS_MSG_SHUTDOWN  
============================================================
Time  2017/07/10 15:45:38 193 
============================================================
[2017/07/10 15:45:38 193] lgi        641  SYS_MSG_LOAD  
[2017/07/10 15:45:38 194] lgi        663  SYS_MSG_REGCB  msp_status_cb  func(b8015dd0) 
[2017/07/10 15:45:38 194] lgi        292  LGI_MSG_INIT  
[2017/07/10 15:45:38 194] lgi        299  lgi  lgi_  268436457  1495166264  
[2017/07/10 15:45:38 194] lgi        332  lgi params:  appid = 595c9d5c  
[2017/07/10 15:45:38 194] lgi        346  auth_time_str=  2017/07/10 15:45:38  
[2017/07/10 15:45:38 194] lgi        352  auth_appid=  595c9d5c  
[2017/07/10 15:45:38 194] lgi        363  token:  nil  
[2017/07/10 15:45:38 194] lgi        433  msc cver : 5.0.33.1158  
[2017/07/10 15:45:38 194] lgi        476  ns_enable=  1  
[2017/07/10 15:45:38 194] lgi        488  prot_ver=1  
[2017/07/10 15:45:38 194] lgi        499  prot_type=tcp  
[2017/07/10 15:45:38 194] lgi        650  SYS_MSG_UNLOAD  go bg!  
[2017/07/10 15:45:54 642] lgi        654  SYS_MSG_SHUTDOWN  
============================================================
Time  2017/07/10 16:27:01 583 
============================================================
[2017/07/10 16:27:01 583] lgi        641  SYS_MSG_LOAD  
[2017/07/10 16:27:01 583] lgi        663  SYS_MSG_REGCB  msp_status_cb  func(60013510) 
[2017/07/10 16:27:01 583] lgi        292  LGI_MSG_INIT  
[2017/07/10 16:27:01 583] lgi        299  lgi  lgi_  268436457  1495166264  
[2017/07/10 16:27:01 583] lgi        332  lgi params:  appid = 595c9d5c,engine_start = ivw,ivw_res_path =fo|res/ivw/wakeupresource.jet, work_dir = .  
[2017/07/10 16:27:01 583] lgi        346  auth_time_str=  2017/07/10 16:27:01  
[2017/07/10 16:27:01 584] lgi        352  auth_appid=  595c9d5c  
[2017/07/10 16:27:01 584] lgi        363  token:  nil  
[2017/07/10 16:27:01 584] lgi        433  msc cver : 5.0.33.1158  
[2017/07/10 16:27:01 584] lgi        476  ns_enable=  1  
[2017/07/10 16:27:01 584] lgi        488  prot_ver=1  
[2017/07/10 16:27:01 584] lgi        499  prot_type=tcp  
[2017/07/10 16:27:01 584] lgi        650  SYS_MSG_UNLOAD  go bg!  
[2017/07/10 16:27:09 489] lgi        654  SYS_MSG_SHUTDOWN  
============================================================
Time  2017/07/10 16:27:09 500 
============================================================
[2017/07/10 16:27:09 500] lgi        641  SYS_MSG_LOAD  
[2017/07/10 16:27:09 500] lgi        663  SYS_MSG_REGCB  msp_status_cb  func(6800dd20) 
[2017/07/10 16:27:09 500] lgi        292  LGI_MSG_INIT  
[2017/07/10 16:27:09 500] lgi        299  lgi  lgi_  268436457  1495166264  
[2017/07/10 16:27:09 500] lgi        332  lgi params:  appid = 595c9d5c  
[2017/07/10 16:27:09 500] lgi        346  auth_time_str=  2017/07/10 16:27:09  
[2017/07/10 16:27:09 500] lgi        352  auth_appid=  595c9d5c  
[2017/07/10 16:27:09 500] lgi        363  token:  nil  
[2017/07/10 16:27:09 500] lgi        433  msc cver : 5.0.33.1158  
[2017/07/10 16:27:09 500] lgi        476  ns_enable=  1  
[2017/07/10 16:27:09 500] lgi        488  prot_ver=1  
[2017/07/10 16:27:09 500] lgi        499  prot_type=tcp  
[2017/07/10 16:27:09 500] lgi        650  SYS_MSG_UNLOAD  go bg!  
[2017/07/10 16:27:16 426] lgi        654  SYS_MSG_SHUTDOWN  
============================================================
Time  2017/07/10 16:57:35 011 
============================================================
[2017/07/10 16:57:35 011] lgi        641  SYS_MSG_LOAD  
[2017/07/10 16:57:35 011] lgi        663  SYS_MSG_REGCB  msp_status_cb  func(88015e00) 
[2017/07/10 16:57:35 011] lgi        292  LGI_MSG_INIT  
[2017/07/10 16:57:35 012] lgi        299  lgi  lgi_  268436457  1495166264  
[2017/07/10 16:57:35 012] lgi        332  lgi params:  appid = 595c9d5c,engine_start = ivw,ivw_res_path =fo|res/ivw/wakeupresource.jet, work_dir = .  
[2017/07/10 16:57:35 012] lgi        346  auth_time_str=  2017/07/10 16:57:35  
[2017/07/10 16:57:35 012] lgi        352  auth_appid=  595c9d5c  
[2017/07/10 16:57:35 012] lgi        363  token:  nil  
[2017/07/10 16:57:35 012] lgi        433  msc cver : 5.0.33.1158  
[2017/07/10 16:57:35 012] lgi        476  ns_enable=  1  
[2017/07/10 16:57:35 012] lgi        488  prot_ver=1  
[2017/07/10 16:57:35 012] lgi        499  prot_type=tcp  
[2017/07/10 16:57:35 013] lgi        650  SYS_MSG_UNLOAD  go bg!  
[2017/07/10 16:57:43 235] lgi        654  SYS_MSG_SHUTDOWN  
============================================================
Time  2017/07/10 16:57:43 248 
============================================================
[2017/07/10 16:57:43 248] lgi        641  SYS_MSG_LOAD  
[2017/07/10 16:57:43 249] lgi        663  SYS_MSG_REGCB  msp_status_cb  func(90008ad0) 
[2017/07/10 16:57:43 249] lgi        292  LGI_MSG_INIT  
[2017/07/10 16:57:43 249] lgi        299  lgi  lgi_  268436457  1495166264  
[2017/07/10 16:57:43 250] lgi        332  lgi params:  appid = 595c9d5c  
[2017/07/10 16:57:43 250] lgi        346  auth_time_str=  2017/07/10 16:57:43  
[2017/07/10 16:57:43 250] lgi        352  auth_appid=  595c9d5c  
[2017/07/10 16:57:43 250] lgi        363  token:  nil  
[2017/07/10 16:57:43 250] lgi        433  msc cver : 5.0.33.1158  
[2017/07/10 16:57:43 250] lgi        476  ns_enable=  1  
[2017/07/10 16:57:43 250] lgi        488  prot_ver=1  
[2017/07/10 16:57:43 250] lgi        499  prot_type=tcp  
[2017/07/10 16:57:43 250] lgi        650  SYS_MSG_UNLOAD  go bg!  
[2017/07/10 16:57:49 081] lgi        654  SYS_MSG_SHUTDOWN  
============================================================
Time  2017/07/10 16:58:00 092 
============================================================
[2017/07/10 16:58:00 092] lgi        641  SYS_MSG_LOAD  
[2017/07/10 16:58:00 092] lgi        663  SYS_MSG_REGCB  msp_status_cb  func(64015e00) 
[2017/07/10 16:58:00 092] lgi        292  LGI_MSG_INIT  
[2017/07/10 16:58:00 092] lgi        299  lgi  lgi_  268436457  1495166264  
[2017/07/10 16:58:00 092] lgi        332  lgi params:  appid = 595c9d5c,engine_start = ivw,ivw_res_path =fo|res/ivw/wakeupresource.jet, work_dir = .  
[2017/07/10 16:58:00 092] lgi        346  auth_time_str=  2017/07/10 16:58:00  
[2017/07/10 16:58:00 092] lgi        352  auth_appid=  595c9d5c  
[2017/07/10 16:58:00 092] lgi        363  token:  nil  
[2017/07/10 16:58:00 092] lgi        433  msc cver : 5.0.33.1158  
[2017/07/10 16:58:00 092] lgi        476  ns_enable=  1  
[2017/07/10 16:58:00 092] lgi        488  prot_ver=1  
[2017/07/10 16:58:00 092] lgi        499  prot_type=tcp  
[2017/07/10 16:58:00 093] lgi        650  SYS_MSG_UNLOAD  go bg!  
[2017/07/10 16:58:08 158] lgi        654  SYS_MSG_SHUTDOWN  
============================================================
Time  2017/07/10 16:58:08 170 
============================================================
[2017/07/10 16:58:08 170] lgi        641  SYS_MSG_LOAD  
[2017/07/10 16:58:08 172] lgi        663  SYS_MSG_REGCB  msp_status_cb  func(74012270) 
[2017/07/10 16:58:08 172] lgi        292  LGI_MSG_INIT  
[2017/07/10 16:58:08 172] lgi        299  lgi  lgi_  268436457  1495166264  
[2017/07/10 16:58:08 172] lgi        332  lgi params:  appid = 595c9d5c  
[2017/07/10 16:58:08 172] lgi        346  auth_time_str=  2017/07/10 16:58:08  
[2017/07/10 16:58:08 172] lgi        352  auth_appid=  595c9d5c  
[2017/07/10 16:58:08 172] lgi        363  token:  nil  
[2017/07/10 16:58:08 172] lgi        433  msc cver : 5.0.33.1158  
[2017/07/10 16:58:08 172] lgi        476  ns_enable=  1  
[2017/07/10 16:58:08 172] lgi        488  prot_ver=1  
[2017/07/10 16:58:08 172] lgi        499  prot_type=tcp  
[2017/07/10 16:58:08 173] lgi        650  SYS_MSG_UNLOAD  go bg!  
[2017/07/10 16:58:13 689] lgi        654  SYS_MSG_SHUTDOWN  
============================================================
Time  2017/07/13 09:44:37 985 
============================================================
[2017/07/13 09:44:37 986] lgi        641  SYS_MSG_LOAD  
[2017/07/13 09:44:38 000] lgi        663  SYS_MSG_REGCB  msp_status_cb  func(10015e20) 
[2017/07/13 09:44:38 000] lgi        292  LGI_MSG_INIT  
[2017/07/13 09:44:38 000] lgi        299  lgi  lgi_  268436457  1495166264  
[2017/07/13 09:44:38 000] lgi        332  lgi params:  appid = 595c9d5c,engine_start = ivw,ivw_res_path =fo|res/ivw/wakeupresource.jet, work_dir = .  
[2017/07/13 09:44:38 000] lgi        346  auth_time_str=  2017/07/13 09:44:37  
[2017/07/13 09:44:38 000] lgi        352  auth_appid=  595c9d5c  
[2017/07/13 09:44:38 000] lgi        363  token:  nil  
[2017/07/13 09:44:38 000] lgi        433  msc cver : 5.0.33.1158  
[2017/07/13 09:44:38 000] lgi        476  ns_enable=  1  
[2017/07/13 09:44:38 000] lgi        488  prot_ver=1  
[2017/07/13 09:44:38 000] lgi        499  prot_type=tcp  
[2017/07/13 09:44:38 001] lgi        650  SYS_MSG_UNLOAD  go bg!  
============================================================
Time  2017/07/13 09:44:54 107 
============================================================
[2017/07/13 09:44:54 107] lgi        641  SYS_MSG_LOAD  
[2017/07/13 09:44:54 107] lgi        663  SYS_MSG_REGCB  msp_status_cb  func(fc015e00) 
[2017/07/13 09:44:54 107] lgi        292  LGI_MSG_INIT  
[2017/07/13 09:44:54 107] lgi        299  lgi  lgi_  268436457  1495166264  
[2017/07/13 09:44:54 107] lgi        332  lgi params:  appid = 595c9d5c,engine_start = ivw,ivw_res_path =fo|res/ivw/wakeupresource.jet, work_dir = .  
[2017/07/13 09:44:54 107] lgi        346  auth_time_str=  2017/07/13 09:44:54  
[2017/07/13 09:44:54 107] lgi        352  auth_appid=  595c9d5c  
[2017/07/13 09:44:54 108] lgi        363  token:  nil  
[2017/07/13 09:44:54 108] lgi        433  msc cver : 5.0.33.1158  
[2017/07/13 09:44:54 108] lgi        476  ns_enable=  1  
[2017/07/13 09:44:54 108] lgi        488  prot_ver=1  
[2017/07/13 09:44:54 108] lgi        499  prot_type=tcp  
[2017/07/13 09:44:54 108] lgi        650  SYS_MSG_UNLOAD  go bg!  
============================================================
Time  2017/07/13 10:10:09 074 
============================================================
[2017/07/13 10:10:09 074] lgi        641  SYS_MSG_LOAD  
[2017/07/13 10:10:09 075] lgi        663  SYS_MSG_REGCB  msp_status_cb  func(e4015dd0) 
[2017/07/13 10:10:09 075] lgi        292  LGI_MSG_INIT  
[2017/07/13 10:10:09 075] lgi        299  lgi  lgi_  268436457  1495166264  
[2017/07/13 10:10:09 075] lgi        332  lgi params:  appid = 595c9d5c,engine_start = ivw,ivw_res_path =fo|res/ivw/wakeupresource.jet, work_dir = .  
[2017/07/13 10:10:09 075] lgi        346  auth_time_str=  2017/07/13 10:10:09  
[2017/07/13 10:10:09 075] lgi        352  auth_appid=  595c9d5c  
[2017/07/13 10:10:09 075] lgi        363  token:  nil  
[2017/07/13 10:10:09 075] lgi        433  msc cver : 5.0.33.1158  
[2017/07/13 10:10:09 075] lgi        476  ns_enable=  1  
[2017/07/13 10:10:09 075] lgi        488  prot_ver=1  
[2017/07/13 10:10:09 075] lgi        499  prot_type=tcp  
[2017/07/13 10:10:09 076] lgi        650  SYS_MSG_UNLOAD  go bg!  
============================================================
Time  2017/07/13 10:16:58 433 
============================================================
[2017/07/13 10:16:58 433] lgi        641  SYS_MSG_LOAD  
[2017/07/13 10:16:58 436] lgi        663  SYS_MSG_REGCB  msp_status_cb  func(cc013530) 
[2017/07/13 10:16:58 436] lgi        292  LGI_MSG_INIT  
[2017/07/13 10:16:58 436] lgi        299  lgi  lgi_  268436457  1495166264  
[2017/07/13 10:16:58 437] lgi        332  lgi params:  appid = 595c9d5c,engine_start = ivw,ivw_res_path =fo|res/ivw/wakeupresource.jet, work_dir = .  
[2017/07/13 10:16:58 437] lgi        346  auth_time_str=  2017/07/13 10:16:58  
[2017/07/13 10:16:58 437] lgi        352  auth_appid=  595c9d5c  
[2017/07/13 10:16:58 437] lgi        363  token:  nil  
[2017/07/13 10:16:58 437] lgi        433  msc cver : 5.0.33.1158  
[2017/07/13 10:16:58 437] lgi        476  ns_enable=  1  
[2017/07/13 10:16:58 437] lgi        488  prot_ver=1  
[2017/07/13 10:16:58 437] lgi        499  prot_type=tcp  
[2017/07/13 10:16:58 440] lgi        650  SYS_MSG_UNLOAD  go bg!  
============================================================
Time  2017/07/13 10:20:32 107 
============================================================
[2017/07/13 10:20:32 107] lgi        641  SYS_MSG_LOAD  
[2017/07/13 10:20:32 111] lgi        663  SYS_MSG_REGCB  msp_status_cb  func(cc015dc0) 
[2017/07/13 10:20:32 111] lgi        292  LGI_MSG_INIT  
[2017/07/13 10:20:32 111] lgi        299  lgi  lgi_  268436457  1495166264  
[2017/07/13 10:20:32 111] lgi        332  lgi params:  appid = 595c9d5c,engine_start = ivw,ivw_res_path =fo|res/ivw/wakeupresource.jet, work_dir = .  
[2017/07/13 10:20:32 111] lgi        346  auth_time_str=  2017/07/13 10:20:32  
[2017/07/13 10:20:32 111] lgi        352  auth_appid=  595c9d5c  
[2017/07/13 10:20:32 111] lgi        363  token:  nil  
[2017/07/13 10:20:32 111] lgi        433  msc cver : 5.0.33.1158  
[2017/07/13 10:20:32 111] lgi        476  ns_enable=  1  
[2017/07/13 10:20:32 111] lgi        488  prot_ver=1  
[2017/07/13 10:20:32 111] lgi        499  prot_type=tcp  
[2017/07/13 10:20:32 112] lgi        650  SYS_MSG_UNLOAD  go bg!  
============================================================
Time  2017/07/13 10:28:53 381 
============================================================
[2017/07/13 10:28:53 381] lgi        641  SYS_MSG_LOAD  
[2017/07/13 10:28:53 381] lgi        663  SYS_MSG_REGCB  msp_status_cb  func(8013510) 
[2017/07/13 10:28:53 381] lgi        292  LGI_MSG_INIT  
[2017/07/13 10:28:53 382] lgi        299  lgi  lgi_  268436457  1495166264  
[2017/07/13 10:28:53 382] lgi        332  lgi params:  appid = 595c9d5c,engine_start = ivw,ivw_res_path =fo|res/ivw/wakeupresource.jet, work_dir = .  
[2017/07/13 10:28:53 382] lgi        346  auth_time_str=  2017/07/13 10:28:53  
[2017/07/13 10:28:53 382] lgi        352  auth_appid=  595c9d5c  
[2017/07/13 10:28:53 382] lgi        363  token:  nil  
[2017/07/13 10:28:53 382] lgi        433  msc cver : 5.0.33.1158  
[2017/07/13 10:28:53 382] lgi        476  ns_enable=  1  
[2017/07/13 10:28:53 382] lgi        488  prot_ver=1  
[2017/07/13 10:28:53 382] lgi        499  prot_type=tcp  
[2017/07/13 10:28:53 382] lgi        650  SYS_MSG_UNLOAD  go bg!  
============================================================
Time  2017/07/13 10:29:46 754 
============================================================
[2017/07/13 10:29:46 754] lgi        641  SYS_MSG_LOAD  
[2017/07/13 10:29:46 756] lgi        663  SYS_MSG_REGCB  msp_status_cb  func(cc013510) 
[2017/07/13 10:29:46 756] lgi        292  LGI_MSG_INIT  
[2017/07/13 10:29:46 756] lgi        299  lgi  lgi_  268436457  1495166264  
[2017/07/13 10:29:46 756] lgi        332  lgi params:  appid = 595c9d5c,engine_start = ivw,ivw_res_path =fo|res/ivw/wakeupresource.jet, work_dir = .  
[2017/07/13 10:29:46 756] lgi        346  auth_time_str=  2017/07/13 10:29:46  
[2017/07/13 10:29:46 756] lgi        352  auth_appid=  595c9d5c  
[2017/07/13 10:29:46 756] lgi        363  token:  nil  
[2017/07/13 10:29:46 756] lgi        433  msc cver : 5.0.33.1158  
[2017/07/13 10:29:46 756] lgi        476  ns_enable=  1  
[2017/07/13 10:29:46 756] lgi        488  prot_ver=1  
[2017/07/13 10:29:46 756] lgi        499  prot_type=tcp  
[2017/07/13 10:29:46 756] lgi        650  SYS_MSG_UNLOAD  go bg!  
============================================================
Time  2017/07/13 10:32:59 817 
============================================================
[2017/07/13 10:32:59 817] lgi        641  SYS_MSG_LOAD  
[2017/07/13 10:32:59 819] lgi        663  SYS_MSG_REGCB  msp_status_cb  func(cc015db0) 
[2017/07/13 10:32:59 819] lgi        292  LGI_MSG_INIT  
[2017/07/13 10:32:59 819] lgi        299  lgi  lgi_  268436457  1495166264  
[2017/07/13 10:32:59 819] lgi        332  lgi params:  appid = 595c9d5c,engine_start = ivw,ivw_res_path =fo|res/ivw/wakeupresource.jet, work_dir = .  
[2017/07/13 10:32:59 819] lgi        346  auth_time_str=  2017/07/13 10:32:59  
[2017/07/13 10:32:59 819] lgi        352  auth_appid=  595c9d5c  
[2017/07/13 10:32:59 819] lgi        363  token:  nil  
[2017/07/13 10:32:59 819] lgi        433  msc cver : 5.0.33.1158  
[2017/07/13 10:32:59 819] lgi        476  ns_enable=  1  
[2017/07/13 10:32:59 819] lgi        488  prot_ver=1  
[2017/07/13 10:32:59 819] lgi        499  prot_type=tcp  
[2017/07/13 10:32:59 820] lgi        650  SYS_MSG_UNLOAD  go bg!  
============================================================
Time  2017/07/13 10:34:40 386 
============================================================
[2017/07/13 10:34:40 386] lgi        641  SYS_MSG_LOAD  
[2017/07/13 10:34:40 386] lgi        663  SYS_MSG_REGCB  msp_status_cb  func(c8015e00) 
[2017/07/13 10:34:40 387] lgi        292  LGI_MSG_INIT  
[2017/07/13 10:34:40 387] lgi        299  lgi  lgi_  268436457  1495166264  
[2017/07/13 10:34:40 387] lgi        332  lgi params:  appid = 595c9d5c,engine_start = ivw,ivw_res_path =fo|res/ivw/wakeupresource.jet, work_dir = .  
[2017/07/13 10:34:40 387] lgi        346  auth_time_str=  2017/07/13 10:34:40  
[2017/07/13 10:34:40 387] lgi        352  auth_appid=  595c9d5c  
[2017/07/13 10:34:40 387] lgi        363  token:  nil  
[2017/07/13 10:34:40 387] lgi        433  msc cver : 5.0.33.1158  
[2017/07/13 10:34:40 387] lgi        476  ns_enable=  1  
[2017/07/13 10:34:40 387] lgi        488  prot_ver=1  
[2017/07/13 10:34:40 387] lgi        499  prot_type=tcp  
[2017/07/13 10:34:40 387] lgi        650  SYS_MSG_UNLOAD  go bg!  
============================================================
Time  2017/07/13 10:54:11 022 
============================================================
[2017/07/13 10:54:11 022] lgi        641  SYS_MSG_LOAD  
[2017/07/13 10:54:11 023] lgi        663  SYS_MSG_REGCB  msp_status_cb  func(20015e00) 
[2017/07/13 10:54:11 023] lgi        292  LGI_MSG_INIT  
[2017/07/13 10:54:11 023] lgi        299  lgi  lgi_  268436457  1495166264  
[2017/07/13 10:54:11 023] lgi        332  lgi params:  appid = 595c9d5c,engine_start = ivw,ivw_res_path =fo|res/ivw/wakeupresource.jet, work_dir = .  
[2017/07/13 10:54:11 023] lgi        346  auth_time_str=  2017/07/13 10:54:11  
[2017/07/13 10:54:11 023] lgi        352  auth_appid=  595c9d5c  
[2017/07/13 10:54:11 023] lgi        363  token:  nil  
[2017/07/13 10:54:11 023] lgi        433  msc cver : 5.0.33.1158  
[2017/07/13 10:54:11 023] lgi        476  ns_enable=  1  
[2017/07/13 10:54:11 023] lgi        488  prot_ver=1  
[2017/07/13 10:54:11 023] lgi        499  prot_type=tcp  
[2017/07/13 10:54:11 023] lgi        650  SYS_MSG_UNLOAD  go bg!  
============================================================
Time  2017/07/13 11:21:56 190 
============================================================
[2017/07/13 11:21:56 190] lgi        641  SYS_MSG_LOAD  
[2017/07/13 11:21:56 191] lgi        663  SYS_MSG_REGCB  msp_status_cb  func(8c015e00) 
[2017/07/13 11:21:56 191] lgi        292  LGI_MSG_INIT  
[2017/07/13 11:21:56 191] lgi        299  lgi  lgi_  268436457  1495166264  
[2017/07/13 11:21:56 191] lgi        332  lgi params:  appid = 595c9d5c,engine_start = ivw,ivw_res_path =fo|res/ivw/wakeupresource.jet, work_dir = .  
[2017/07/13 11:21:56 191] lgi        346  auth_time_str=  2017/07/13 11:21:56  
[2017/07/13 11:21:56 191] lgi        352  auth_appid=  595c9d5c  
[2017/07/13 11:21:56 191] lgi        363  token:  nil  
[2017/07/13 11:21:56 191] lgi        433  msc cver : 5.0.33.1158  
[2017/07/13 11:21:56 191] lgi        476  ns_enable=  1  
[2017/07/13 11:21:56 191] lgi        488  prot_ver=1  
[2017/07/13 11:21:56 191] lgi        499  prot_type=tcp  
[2017/07/13 11:21:56 191] lgi        650  SYS_MSG_UNLOAD  go bg!  
============================================================
Time  2017/07/13 11:22:07 442 
============================================================
[2017/07/13 11:22:07 442] lgi        641  SYS_MSG_LOAD  
[2017/07/13 11:22:07 442] lgi        663  SYS_MSG_REGCB  msp_status_cb  func(a4013510) 
[2017/07/13 11:22:07 442] lgi        292  LGI_MSG_INIT  
[2017/07/13 11:22:07 442] lgi        299  lgi  lgi_  268436457  1495166264  
[2017/07/13 11:22:07 443] lgi        332  lgi params:  appid = 595c9d5c,engine_start = ivw,ivw_res_path =fo|res/ivw/wakeupresource.jet, work_dir = .  
[2017/07/13 11:22:07 443] lgi        346  auth_time_str=  2017/07/13 11:22:07  
[2017/07/13 11:22:07 443] lgi        352  auth_appid=  595c9d5c  
[2017/07/13 11:22:07 443] lgi        363  token:  nil  
[2017/07/13 11:22:07 443] lgi        433  msc cver : 5.0.33.1158  
[2017/07/13 11:22:07 443] lgi        476  ns_enable=  1  
[2017/07/13 11:22:07 443] lgi        488  prot_ver=1  
[2017/07/13 11:22:07 443] lgi        499  prot_type=tcp  
[2017/07/13 11:22:07 443] lgi        650  SYS_MSG_UNLOAD  go bg!  
============================================================
Time  2017/07/13 11:23:57 600 
============================================================
[2017/07/13 11:23:57 600] lgi        641  SYS_MSG_LOAD  
[2017/07/13 11:23:57 600] lgi        663  SYS_MSG_REGCB  msp_status_cb  func(98015e00) 
[2017/07/13 11:23:57 600] lgi        292  LGI_MSG_INIT  
[2017/07/13 11:23:57 600] lgi        299  lgi  lgi_  268436457  1495166264  
[2017/07/13 11:23:57 600] lgi        332  lgi params:  appid = 595c9d5c,engine_start = ivw,ivw_res_path =fo|res/ivw/wakeupresource.jet, work_dir = .  
[2017/07/13 11:23:57 600] lgi        346  auth_time_str=  2017/07/13 11:23:57  
[2017/07/13 11:23:57 600] lgi        352  auth_appid=  595c9d5c  
[2017/07/13 11:23:57 600] lgi        363  token:  nil  
[2017/07/13 11:23:57 600] lgi        433  msc cver : 5.0.33.1158  
[2017/07/13 11:23:57 600] lgi        476  ns_enable=  1  
[2017/07/13 11:23:57 600] lgi        488  prot_ver=1  
[2017/07/13 11:23:57 600] lgi        499  prot_type=tcp  
[2017/07/13 11:23:57 601] lgi        650  SYS_MSG_UNLOAD  go bg!  
============================================================
Time  2017/07/13 11:24:46 860 
============================================================
[2017/07/13 11:24:46 860] lgi        641  SYS_MSG_LOAD  
[2017/07/13 11:24:46 860] lgi        663  SYS_MSG_REGCB  msp_status_cb  func(d4015e00) 
[2017/07/13 11:24:46 860] lgi        292  LGI_MSG_INIT  
[2017/07/13 11:24:46 860] lgi        299  lgi  lgi_  268436457  1495166264  
[2017/07/13 11:24:46 860] lgi        332  lgi params:  appid = 595c9d5c,engine_start = ivw,ivw_res_path =fo|res/ivw/wakeupresource.jet, work_dir = .  
[2017/07/13 11:24:46 860] lgi        346  auth_time_str=  2017/07/13 11:24:46  
[2017/07/13 11:24:46 860] lgi        352  auth_appid=  595c9d5c  
[2017/07/13 11:24:46 860] lgi        363  token:  nil  
[2017/07/13 11:24:46 860] lgi        433  msc cver : 5.0.33.1158  
[2017/07/13 11:24:46 860] lgi        476  ns_enable=  1  
[2017/07/13 11:24:46 860] lgi        488  prot_ver=1  
[2017/07/13 11:24:46 860] lgi        499  prot_type=tcp  
[2017/07/13 11:24:46 861] lgi        650  SYS_MSG_UNLOAD  go bg!  
============================================================
Time  2017/07/13 11:27:10 586 
============================================================
[2017/07/13 11:27:10 586] lgi        641  SYS_MSG_LOAD  
[2017/07/13 11:27:10 586] lgi        663  SYS_MSG_REGCB  msp_status_cb  func(dc015e00) 
[2017/07/13 11:27:10 586] lgi        292  LGI_MSG_INIT  
[2017/07/13 11:27:10 586] lgi        299  lgi  lgi_  268436457  1495166264  
[2017/07/13 11:27:10 586] lgi        332  lgi params:  appid = 595c9d5c,engine_start = ivw,ivw_res_path =fo|res/ivw/wakeupresource.jet, work_dir = .  
[2017/07/13 11:27:10 586] lgi        346  auth_time_str=  2017/07/13 11:27:10  
[2017/07/13 11:27:10 587] lgi        352  auth_appid=  595c9d5c  
[2017/07/13 11:27:10 587] lgi        363  token:  nil  
[2017/07/13 11:27:10 587] lgi        433  msc cver : 5.0.33.1158  
[2017/07/13 11:27:10 587] lgi        476  ns_enable=  1  
[2017/07/13 11:27:10 587] lgi        488  prot_ver=1  
[2017/07/13 11:27:10 587] lgi        499  prot_type=tcp  
[2017/07/13 11:27:10 587] lgi        650  SYS_MSG_UNLOAD  go bg!  
============================================================
Time  2017/07/13 11:28:14 265 
============================================================
[2017/07/13 11:28:14 265] lgi        641  SYS_MSG_LOAD  
[2017/07/13 11:28:14 265] lgi        663  SYS_MSG_REGCB  msp_status_cb  func(64015e00) 
[2017/07/13 11:28:14 265] lgi        292  LGI_MSG_INIT  
[2017/07/13 11:28:14 265] lgi        299  lgi  lgi_  268436457  1495166264  
[2017/07/13 11:28:14 265] lgi        332  lgi params:  appid = 595c9d5c,engine_start = ivw,ivw_res_path =fo|res/ivw/wakeupresource.jet, work_dir = .  
[2017/07/13 11:28:14 265] lgi        346  auth_time_str=  2017/07/13 11:28:14  
[2017/07/13 11:28:14 265] lgi        352  auth_appid=  595c9d5c  
[2017/07/13 11:28:14 265] lgi        363  token:  nil  
[2017/07/13 11:28:14 265] lgi        433  msc cver : 5.0.33.1158  
[2017/07/13 11:28:14 265] lgi        476  ns_enable=  1  
[2017/07/13 11:28:14 265] lgi        488  prot_ver=1  
[2017/07/13 11:28:14 265] lgi        499  prot_type=tcp  
[2017/07/13 11:28:14 266] lgi        650  SYS_MSG_UNLOAD  go bg!  
============================================================
Time  2017/07/13 11:28:48 177 
============================================================
[2017/07/13 11:28:48 177] lgi        641  SYS_MSG_LOAD  
[2017/07/13 11:28:48 177] lgi        663  SYS_MSG_REGCB  msp_status_cb  func(9c015e00) 
[2017/07/13 11:28:48 177] lgi        292  LGI_MSG_INIT  
[2017/07/13 11:28:48 177] lgi        299  lgi  lgi_  268436457  1495166264  
[2017/07/13 11:28:48 178] lgi        332  lgi params:  appid = 595c9d5c,engine_start = ivw,ivw_res_path =fo|res/ivw/wakeupresource.jet, work_dir = .  
[2017/07/13 11:28:48 178] lgi        346  auth_time_str=  2017/07/13 11:28:48  
[2017/07/13 11:28:48 178] lgi        352  auth_appid=  595c9d5c  
[2017/07/13 11:28:48 178] lgi        363  token:  nil  
[2017/07/13 11:28:48 178] lgi        433  msc cver : 5.0.33.1158  
[2017/07/13 11:28:48 178] lgi        476  ns_enable=  1  
[2017/07/13 11:28:48 178] lgi        488  prot_ver=1  
[2017/07/13 11:28:48 178] lgi        499  prot_type=tcp  
[2017/07/13 11:28:48 178] lgi        650  SYS_MSG_UNLOAD  go bg!  
